<?xml version="1.0" encoding="UTF-8"?>
<!-- Generated by org.testng.reporters.JUnitReportReporter -->
<testsuite skipped="9" hostname="Apollo" name="ItrTest_AB_removeLast_A" tests="10" failures="0" timestamp="7 Nov 2016 04:17:27 GMT" time="0.015" errors="1">
  <testcase name="testItrNextRemove_hasNext" time="0.006" classname="ItrTest_AB_removeLast_A">
    <skipped/>
  </testcase> <!-- testItrNextRemove_hasNext -->
  <testcase name="testItrNext_hasNext" time="0.001" classname="ItrTest_AB_removeLast_A">
    <skipped/>
  </testcase> <!-- testItrNext_hasNext -->
  <testcase name="testItr_hasNext" time="0.001" classname="ItrTest_AB_removeLast_A">
    <skipped/>
  </testcase> <!-- testItr_hasNext -->
  <testcase name="testItr_remove" time="0.001" classname="ItrTest_AB_removeLast_A">
    <skipped/>
  </testcase> <!-- testItr_remove -->
  <testcase name="testItrNextRemove_next" time="0.002" classname="ItrTest_AB_removeLast_A">
    <skipped/>
  </testcase> <!-- testItrNextRemove_next -->
  <testcase name="testItrNext_next" time="0.001" classname="ItrTest_AB_removeLast_A">
    <skipped/>
  </testcase> <!-- testItrNext_next -->
  <testcase name="testItr_next" time="0.001" classname="ItrTest_AB_removeLast_A">
    <skipped/>
  </testcase> <!-- testItr_next -->
  <testcase name="testItrNext_remove" time="0.001" classname="ItrTest_AB_removeLast_A">
    <skipped/>
  </testcase> <!-- testItrNext_remove -->
  <testcase name="testItrNextRemove_remove" time="0.001" classname="ItrTest_AB_removeLast_A">
    <skipped/>
  </testcase> <!-- testItrNextRemove_remove -->
  <testcase name="initList" time="0.000" classname="ItrTest_AB_removeLast_A">
    <error type="org.testng.TestNGException" message="
Parameter &#039;listType&#039; is required by @Configuration on method initList but has not been marked @Optional or defined
in /tmp/testng-eclipse--1156624600/testng-customsuite.xml">
      <![CDATA[org.testng.TestNGException: 
Parameter 'listType' is required by @Configuration on method initList but has not been marked @Optional or defined
in /tmp/testng-eclipse--1156624600/testng-customsuite.xml
	at org.testng.internal.Parameters.createParameters(Parameters.java:156)
	at org.testng.internal.Parameters.createParameters(Parameters.java:370)
	at org.testng.internal.Parameters.createConfigurationParameters(Parameters.java:86)
	at org.testng.internal.Invoker.invokeConfigurations(Invoker.java:202)
	at org.testng.internal.Invoker.invokeMethod(Invoker.java:590)
	at org.testng.internal.Invoker.invokeTestMethod(Invoker.java:811)
	at org.testng.internal.Invoker.invokeTestMethods(Invoker.java:1137)
	at org.testng.internal.TestMethodWorker.invokeTestMethods(TestMethodWorker.java:129)
	at org.testng.internal.TestMethodWorker.run(TestMethodWorker.java:112)
	at org.testng.TestRunner.privateRun(TestRunner.java:753)
	at org.testng.TestRunner.run(TestRunner.java:607)
	at org.testng.SuiteRunner.runTest(SuiteRunner.java:368)
	at org.testng.SuiteRunner.runSequentially(SuiteRunner.java:363)
	at org.testng.SuiteRunner.privateRun(SuiteRunner.java:321)
	at org.testng.SuiteRunner.run(SuiteRunner.java:270)
	at org.testng.SuiteRunnerWorker.runSuite(SuiteRunnerWorker.java:52)
	at org.testng.SuiteRunnerWorker.run(SuiteRunnerWorker.java:86)
	at org.testng.TestNG.runSuitesSequentially(TestNG.java:1284)
	at org.testng.TestNG.runSuitesLocally(TestNG.java:1209)
	at org.testng.TestNG.runSuites(TestNG.java:1124)
	at org.testng.TestNG.run(TestNG.java:1096)
	at org.testng.remote.AbstractRemoteTestNG.run(AbstractRemoteTestNG.java:132)
	at org.testng.remote.RemoteTestNG.initAndRun(RemoteTestNG.java:236)
	at org.testng.remote.RemoteTestNG.main(RemoteTestNG.java:81)
]]>
    </error>
  </testcase> <!-- initList -->
</testsuite> <!-- ItrTest_AB_removeLast_A -->
