<?xml version="1.0" encoding="UTF-8"?>
<!-- Generated by org.testng.reporters.JUnitReportReporter -->
<testsuite skipped="31" hostname="Apollo" name="Test_13" tests="32" failures="0" timestamp="29 Oct 2016 22:12:15 GMT" time="0.052" errors="1">
  <testcase name="testContains_validElement" time="0.004" classname="Test_13">
    <skipped/>
  </testcase> <!-- testContains_validElement -->
  <testcase name="testAddToFront" time="0.001" classname="Test_13">
    <skipped/>
  </testcase> <!-- testAddToFront -->
  <testcase name="testIterator" time="0.000" classname="Test_13">
    <skipped/>
  </testcase> <!-- testIterator -->
  <testcase name="testContains_invalidElement" time="0.001" classname="Test_13">
    <skipped/>
  </testcase> <!-- testContains_invalidElement -->
  <testcase name="testFirst" time="0.001" classname="Test_13">
    <skipped/>
  </testcase> <!-- testFirst -->
  <testcase name="testRemove_invalidIndex" time="0.011" classname="Test_13">
    <skipped/>
  </testcase> <!-- testRemove_invalidIndex -->
  <testcase name="testRemoveFirst" time="0.001" classname="Test_13">
    <skipped/>
  </testcase> <!-- testRemoveFirst -->
  <testcase name="testGet_invalidIndex" time="0.001" classname="Test_13">
    <skipped/>
  </testcase> <!-- testGet_invalidIndex -->
  <testcase name="testIndexOf_invalidElement" time="0.001" classname="Test_13">
    <skipped/>
  </testcase> <!-- testIndexOf_invalidElement -->
  <testcase name="testAddAfter_invalidElement" time="0.001" classname="Test_13">
    <skipped/>
  </testcase> <!-- testAddAfter_invalidElement -->
  <testcase name="testGet_validIndex" time="0.001" classname="Test_13">
    <skipped/>
  </testcase> <!-- testGet_validIndex -->
  <testcase name="testAddToRear" time="0.001" classname="Test_13">
    <skipped/>
  </testcase> <!-- testAddToRear -->
  <testcase name="testAdd_invalidIndex" time="0.001" classname="Test_13">
    <skipped/>
  </testcase> <!-- testAdd_invalidIndex -->
  <testcase name="testRemoveLast" time="0.001" classname="Test_13">
    <skipped/>
  </testcase> <!-- testRemoveLast -->
  <testcase name="testAdd_validIndex" time="0.001" classname="Test_13">
    <skipped/>
  </testcase> <!-- testAdd_validIndex -->
  <testcase name="testIndexOf_validElement" time="0.000" classname="Test_13">
    <skipped/>
  </testcase> <!-- testIndexOf_validElement -->
  <testcase name="testSet_validIndex" time="0.001" classname="Test_13">
    <skipped/>
  </testcase> <!-- testSet_validIndex -->
  <testcase name="testSet_invalidIndex" time="0.001" classname="Test_13">
    <skipped/>
  </testcase> <!-- testSet_invalidIndex -->
  <testcase name="testAdd_invalidIndex" time="0.006" classname="Test_13">
    <skipped/>
  </testcase> <!-- testAdd_invalidIndex -->
  <testcase name="testRemove_invalidElement" time="0.003" classname="Test_13">
    <skipped/>
  </testcase> <!-- testRemove_invalidElement -->
  <testcase name="initialize" time="0.000" classname="Test_13">
    <error type="org.testng.TestNGException" message="
Parameter &#039;listType&#039; is required by @Configuration on method initialize but has not been marked @Optional or defined
in /tmp/testng-eclipse-2108324049/testng-customsuite.xml">
      <![CDATA[org.testng.TestNGException: 
Parameter 'listType' is required by @Configuration on method initialize but has not been marked @Optional or defined
in /tmp/testng-eclipse-2108324049/testng-customsuite.xml
	at org.testng.internal.Parameters.createParameters(Parameters.java:156)
	at org.testng.internal.Parameters.createParameters(Parameters.java:370)
	at org.testng.internal.Parameters.createConfigurationParameters(Parameters.java:86)
	at org.testng.internal.Invoker.invokeConfigurations(Invoker.java:202)
	at org.testng.internal.Invoker.invokeMethod(Invoker.java:590)
	at org.testng.internal.Invoker.invokeTestMethod(Invoker.java:811)
	at org.testng.internal.Invoker.invokeTestMethods(Invoker.java:1137)
	at org.testng.internal.TestMethodWorker.invokeTestMethods(TestMethodWorker.java:129)
	at org.testng.internal.TestMethodWorker.run(TestMethodWorker.java:112)
	at org.testng.TestRunner.privateRun(TestRunner.java:753)
	at org.testng.TestRunner.run(TestRunner.java:607)
	at org.testng.SuiteRunner.runTest(SuiteRunner.java:368)
	at org.testng.SuiteRunner.runSequentially(SuiteRunner.java:363)
	at org.testng.SuiteRunner.privateRun(SuiteRunner.java:321)
	at org.testng.SuiteRunner.run(SuiteRunner.java:270)
	at org.testng.SuiteRunnerWorker.runSuite(SuiteRunnerWorker.java:52)
	at org.testng.SuiteRunnerWorker.run(SuiteRunnerWorker.java:86)
	at org.testng.TestNG.runSuitesSequentially(TestNG.java:1284)
	at org.testng.TestNG.runSuitesLocally(TestNG.java:1209)
	at org.testng.TestNG.runSuites(TestNG.java:1124)
	at org.testng.TestNG.run(TestNG.java:1096)
	at org.testng.remote.AbstractRemoteTestNG.run(AbstractRemoteTestNG.java:132)
	at org.testng.remote.RemoteTestNG.initAndRun(RemoteTestNG.java:236)
	at org.testng.remote.RemoteTestNG.main(RemoteTestNG.java:81)
]]>
    </error>
  </testcase> <!-- initialize -->
  <testcase name="testAddAfter_validElement" time="0.001" classname="Test_13">
    <skipped/>
  </testcase> <!-- testAddAfter_validElement -->
  <testcase name="testLast" time="0.001" classname="Test_13">
    <skipped/>
  </testcase> <!-- testLast -->
  <testcase name="testSize" time="0.002" classname="Test_13">
    <skipped/>
  </testcase> <!-- testSize -->
  <testcase name="testGet_invalidIndex" time="0.001" classname="Test_13">
    <skipped/>
  </testcase> <!-- testGet_invalidIndex -->
  <testcase name="testIsEmpty" time="0.001" classname="Test_13">
    <skipped/>
  </testcase> <!-- testIsEmpty -->
  <testcase name="testAdd" time="0.006" classname="Test_13">
    <skipped/>
  </testcase> <!-- testAdd -->
  <testcase name="testAdd_validIndex" time="0.001" classname="Test_13">
    <skipped/>
  </testcase> <!-- testAdd_validIndex -->
  <testcase name="testSet_invalidIndex" time="0.001" classname="Test_13">
    <skipped/>
  </testcase> <!-- testSet_invalidIndex -->
  <testcase name="testRemove_validIndex" time="0.000" classname="Test_13">
    <skipped/>
  </testcase> <!-- testRemove_validIndex -->
  <testcase name="testRemove_invalidIndex" time="0.000" classname="Test_13">
    <skipped/>
  </testcase> <!-- testRemove_invalidIndex -->
  <testcase name="testRemove_validElement" time="0.000" classname="Test_13">
    <skipped/>
  </testcase> <!-- testRemove_validElement -->
</testsuite> <!-- Test_13 -->
