<html>
<head>
<title>TestNG:  IUArrayList</title>
<link href="../testng.css" rel="stylesheet" type="text/css" />
<link href="../my-testng.css" rel="stylesheet" type="text/css" />

<style type="text/css">
.log { display: none;} 
.stack-trace { display: none;} 
</style>
<script type="text/javascript">
<!--
function flip(e) {
  current = e.style.display;
  if (current == 'block') {
    e.style.display = 'none';
    return 0;
  }
  else {
    e.style.display = 'block';
    return 1;
  }
}

function toggleBox(szDivId, elem, msg1, msg2)
{
  var res = -1;  if (document.getElementById) {
    res = flip(document.getElementById(szDivId));
  }
  else if (document.all) {
    // this is the way old msie versions work
    res = flip(document.all[szDivId]);
  }
  if(elem) {
    if(res == 0) elem.innerHTML = msg1; else elem.innerHTML = msg2;
  }

}

function toggleAllBoxes() {
  if (document.getElementsByTagName) {
    d = document.getElementsByTagName('div');
    for (i = 0; i < d.length; i++) {
      if (d[i].className == 'log') {
        flip(d[i]);
      }
    }
  }
}

// -->
</script>

</head>
<body>
<h2 align='center'>IUArrayList</h2><table border='1' align="center">
<tr>
<td>Tests passed/Failed/Skipped:</td><td>141/0/0</td>
</tr><tr>
<td>Started on:</td><td>Mon Oct 31 16:47:02 MDT 2016</td>
</tr>
<tr><td>Total time:</td><td>0 seconds (594 ms)</td>
</tr><tr>
<td>Included groups:</td><td></td>
</tr><tr>
<td>Excluded groups:</td><td></td>
</tr>
</table><p/>
<small><i>(Hover the method name to see the test class name)</i></small><p/>
<table width='100%' border='1' class='invocation-passed'>
<tr><td colspan='4' align='center'><b>PASSED TESTS</b></td></tr>
<tr><td><b>Test method</b></td>
<td width="30%"><b>Exception</b></td>
<td width="10%"><b>Time (seconds)</b></td>
<td><b>Instance</b></td>
</tr>
<tr>
<td title='ItrTest_A_addToFrontB_BA.testItrNextNextRemove_hasNext()'><b>testItrNextNextRemove_hasNext</b><br>Test class: ItrTest_A_addToFrontB_BA</td>
<td></td>
<td>0</td>
<td>ItrTest_A_addToFrontB_BA@1753acfe</td></tr>
<tr>
<td title='ItrTest_A_addToRearB_AB.testItrNextNextRemove_hasNext()'><b>testItrNextNextRemove_hasNext</b><br>Test class: ItrTest_A_addToRearB_AB</td>
<td></td>
<td>0</td>
<td>ItrTest_A_addToRearB_AB@7c16905e</td></tr>
<tr>
<td title='ItrTest_ABC_remove1_AC.testItrNextNextRemove_hasNext()'><b>testItrNextNextRemove_hasNext</b><br>Test class: ItrTest_ABC_remove1_AC</td>
<td></td>
<td>0</td>
<td>ItrTest_ABC_remove1_AC@2a2d45ba</td></tr>
<tr>
<td title='ItrTest_A_addToFrontB_BA.testItrNextNextRemove_next()'><b>testItrNextNextRemove_next</b><br>Test class: ItrTest_A_addToFrontB_BA</td>
<td><div><pre>java.util.NoSuchElementException: ListIterator - next
	at IUArrayList$ListIterator.next(IUArrayList.java:363)
	at TestCase.next(TestCase.java:281)
	at ItrTest_A_addToFrontB_BA.testItrNextNextRemove_next(ItrTest_A_addToFrontB_BA.java:236)
... Removed 25 stack frames</pre></div><a href='#' onClick='toggleBox("stack-trace674483268", this, "Click to show all stack frames", "Click to hide stack frames")'>Click to show all stack frames</a>
<div class='stack-trace' id='stack-trace674483268'><pre>java.util.NoSuchElementException: ListIterator - next
	at IUArrayList$ListIterator.next(IUArrayList.java:363)
	at TestCase.next(TestCase.java:281)
	at ItrTest_A_addToFrontB_BA.testItrNextNextRemove_next(ItrTest_A_addToFrontB_BA.java:236)
	at sun.reflect.NativeMethodAccessorImpl.invoke0(Native Method)
	at sun.reflect.NativeMethodAccessorImpl.invoke(NativeMethodAccessorImpl.java:62)
	at sun.reflect.DelegatingMethodAccessorImpl.invoke(DelegatingMethodAccessorImpl.java:43)
	at java.lang.reflect.Method.invoke(Method.java:498)
	at org.testng.internal.MethodInvocationHelper.invokeMethod(MethodInvocationHelper.java:100)
	at org.testng.internal.Invoker.invokeMethod(Invoker.java:646)
	at org.testng.internal.Invoker.invokeTestMethod(Invoker.java:811)
	at org.testng.internal.Invoker.invokeTestMethods(Invoker.java:1137)
	at org.testng.internal.TestMethodWorker.invokeTestMethods(TestMethodWorker.java:129)
	at org.testng.internal.TestMethodWorker.run(TestMethodWorker.java:112)
	at org.testng.TestRunner.privateRun(TestRunner.java:753)
	at org.testng.TestRunner.run(TestRunner.java:607)
	at org.testng.SuiteRunner.runTest(SuiteRunner.java:368)
	at org.testng.SuiteRunner.runSequentially(SuiteRunner.java:363)
	at org.testng.SuiteRunner.privateRun(SuiteRunner.java:321)
	at org.testng.SuiteRunner.run(SuiteRunner.java:270)
	at org.testng.SuiteRunnerWorker.runSuite(SuiteRunnerWorker.java:52)
	at org.testng.SuiteRunnerWorker.run(SuiteRunnerWorker.java:86)
	at org.testng.TestNG.runSuitesSequentially(TestNG.java:1284)
	at org.testng.TestNG.runSuitesLocally(TestNG.java:1209)
	at org.testng.TestNG.runSuites(TestNG.java:1124)
	at org.testng.TestNG.run(TestNG.java:1096)
	at org.testng.remote.AbstractRemoteTestNG.run(AbstractRemoteTestNG.java:132)
	at org.testng.remote.RemoteTestNG.initAndRun(RemoteTestNG.java:236)
	at org.testng.remote.RemoteTestNG.main(RemoteTestNG.java:81)
</pre></div></td>
<td>0</td>
<td>ItrTest_A_addToFrontB_BA@1753acfe</td></tr>
<tr>
<td title='ItrTest_A_addToRearB_AB.testItrNextNextRemove_next()'><b>testItrNextNextRemove_next</b><br>Test class: ItrTest_A_addToRearB_AB</td>
<td><div><pre>java.util.NoSuchElementException: ListIterator - next
	at IUArrayList$ListIterator.next(IUArrayList.java:363)
	at TestCase.next(TestCase.java:281)
	at ItrTest_A_addToRearB_AB.testItrNextNextRemove_next(ItrTest_A_addToRearB_AB.java:236)
... Removed 25 stack frames</pre></div><a href='#' onClick='toggleBox("stack-trace710239027", this, "Click to show all stack frames", "Click to hide stack frames")'>Click to show all stack frames</a>
<div class='stack-trace' id='stack-trace710239027'><pre>java.util.NoSuchElementException: ListIterator - next
	at IUArrayList$ListIterator.next(IUArrayList.java:363)
	at TestCase.next(TestCase.java:281)
	at ItrTest_A_addToRearB_AB.testItrNextNextRemove_next(ItrTest_A_addToRearB_AB.java:236)
	at sun.reflect.NativeMethodAccessorImpl.invoke0(Native Method)
	at sun.reflect.NativeMethodAccessorImpl.invoke(NativeMethodAccessorImpl.java:62)
	at sun.reflect.DelegatingMethodAccessorImpl.invoke(DelegatingMethodAccessorImpl.java:43)
	at java.lang.reflect.Method.invoke(Method.java:498)
	at org.testng.internal.MethodInvocationHelper.invokeMethod(MethodInvocationHelper.java:100)
	at org.testng.internal.Invoker.invokeMethod(Invoker.java:646)
	at org.testng.internal.Invoker.invokeTestMethod(Invoker.java:811)
	at org.testng.internal.Invoker.invokeTestMethods(Invoker.java:1137)
	at org.testng.internal.TestMethodWorker.invokeTestMethods(TestMethodWorker.java:129)
	at org.testng.internal.TestMethodWorker.run(TestMethodWorker.java:112)
	at org.testng.TestRunner.privateRun(TestRunner.java:753)
	at org.testng.TestRunner.run(TestRunner.java:607)
	at org.testng.SuiteRunner.runTest(SuiteRunner.java:368)
	at org.testng.SuiteRunner.runSequentially(SuiteRunner.java:363)
	at org.testng.SuiteRunner.privateRun(SuiteRunner.java:321)
	at org.testng.SuiteRunner.run(SuiteRunner.java:270)
	at org.testng.SuiteRunnerWorker.runSuite(SuiteRunnerWorker.java:52)
	at org.testng.SuiteRunnerWorker.run(SuiteRunnerWorker.java:86)
	at org.testng.TestNG.runSuitesSequentially(TestNG.java:1284)
	at org.testng.TestNG.runSuitesLocally(TestNG.java:1209)
	at org.testng.TestNG.runSuites(TestNG.java:1124)
	at org.testng.TestNG.run(TestNG.java:1096)
	at org.testng.remote.AbstractRemoteTestNG.run(AbstractRemoteTestNG.java:132)
	at org.testng.remote.RemoteTestNG.initAndRun(RemoteTestNG.java:236)
	at org.testng.remote.RemoteTestNG.main(RemoteTestNG.java:81)
</pre></div></td>
<td>0</td>
<td>ItrTest_A_addToRearB_AB@7c16905e</td></tr>
<tr>
<td title='ItrTest_ABC_remove1_AC.testItrNextNextRemove_next()'><b>testItrNextNextRemove_next</b><br>Test class: ItrTest_ABC_remove1_AC</td>
<td><div><pre>java.util.NoSuchElementException: ListIterator - next
	at IUArrayList$ListIterator.next(IUArrayList.java:363)
	at TestCase.next(TestCase.java:281)
	at ItrTest_ABC_remove1_AC.testItrNextNextRemove_next(ItrTest_ABC_remove1_AC.java:239)
... Removed 25 stack frames</pre></div><a href='#' onClick='toggleBox("stack-trace243745864", this, "Click to show all stack frames", "Click to hide stack frames")'>Click to show all stack frames</a>
<div class='stack-trace' id='stack-trace243745864'><pre>java.util.NoSuchElementException: ListIterator - next
	at IUArrayList$ListIterator.next(IUArrayList.java:363)
	at TestCase.next(TestCase.java:281)
	at ItrTest_ABC_remove1_AC.testItrNextNextRemove_next(ItrTest_ABC_remove1_AC.java:239)
	at sun.reflect.NativeMethodAccessorImpl.invoke0(Native Method)
	at sun.reflect.NativeMethodAccessorImpl.invoke(NativeMethodAccessorImpl.java:62)
	at sun.reflect.DelegatingMethodAccessorImpl.invoke(DelegatingMethodAccessorImpl.java:43)
	at java.lang.reflect.Method.invoke(Method.java:498)
	at org.testng.internal.MethodInvocationHelper.invokeMethod(MethodInvocationHelper.java:100)
	at org.testng.internal.Invoker.invokeMethod(Invoker.java:646)
	at org.testng.internal.Invoker.invokeTestMethod(Invoker.java:811)
	at org.testng.internal.Invoker.invokeTestMethods(Invoker.java:1137)
	at org.testng.internal.TestMethodWorker.invokeTestMethods(TestMethodWorker.java:129)
	at org.testng.internal.TestMethodWorker.run(TestMethodWorker.java:112)
	at org.testng.TestRunner.privateRun(TestRunner.java:753)
	at org.testng.TestRunner.run(TestRunner.java:607)
	at org.testng.SuiteRunner.runTest(SuiteRunner.java:368)
	at org.testng.SuiteRunner.runSequentially(SuiteRunner.java:363)
	at org.testng.SuiteRunner.privateRun(SuiteRunner.java:321)
	at org.testng.SuiteRunner.run(SuiteRunner.java:270)
	at org.testng.SuiteRunnerWorker.runSuite(SuiteRunnerWorker.java:52)
	at org.testng.SuiteRunnerWorker.run(SuiteRunnerWorker.java:86)
	at org.testng.TestNG.runSuitesSequentially(TestNG.java:1284)
	at org.testng.TestNG.runSuitesLocally(TestNG.java:1209)
	at org.testng.TestNG.runSuites(TestNG.java:1124)
	at org.testng.TestNG.run(TestNG.java:1096)
	at org.testng.remote.AbstractRemoteTestNG.run(AbstractRemoteTestNG.java:132)
	at org.testng.remote.RemoteTestNG.initAndRun(RemoteTestNG.java:236)
	at org.testng.remote.RemoteTestNG.main(RemoteTestNG.java:81)
</pre></div></td>
<td>0</td>
<td>ItrTest_ABC_remove1_AC@2a2d45ba</td></tr>
<tr>
<td title='ItrTest_A_addToFrontB_BA.testItrNextNextRemove_remove()'><b>testItrNextNextRemove_remove</b><br>Test class: ItrTest_A_addToFrontB_BA</td>
<td><div><pre>java.lang.IllegalStateException: ListIterator - remove
	at IUArrayList$ListIterator.remove(IUArrayList.java:381)
	at TestCase.remove(TestCase.java:291)
	at ItrTest_A_addToFrontB_BA.testItrNextNextRemove_remove(ItrTest_A_addToFrontB_BA.java:247)
... Removed 25 stack frames</pre></div><a href='#' onClick='toggleBox("stack-trace764372388", this, "Click to show all stack frames", "Click to hide stack frames")'>Click to show all stack frames</a>
<div class='stack-trace' id='stack-trace764372388'><pre>java.lang.IllegalStateException: ListIterator - remove
	at IUArrayList$ListIterator.remove(IUArrayList.java:381)
	at TestCase.remove(TestCase.java:291)
	at ItrTest_A_addToFrontB_BA.testItrNextNextRemove_remove(ItrTest_A_addToFrontB_BA.java:247)
	at sun.reflect.NativeMethodAccessorImpl.invoke0(Native Method)
	at sun.reflect.NativeMethodAccessorImpl.invoke(NativeMethodAccessorImpl.java:62)
	at sun.reflect.DelegatingMethodAccessorImpl.invoke(DelegatingMethodAccessorImpl.java:43)
	at java.lang.reflect.Method.invoke(Method.java:498)
	at org.testng.internal.MethodInvocationHelper.invokeMethod(MethodInvocationHelper.java:100)
	at org.testng.internal.Invoker.invokeMethod(Invoker.java:646)
	at org.testng.internal.Invoker.invokeTestMethod(Invoker.java:811)
	at org.testng.internal.Invoker.invokeTestMethods(Invoker.java:1137)
	at org.testng.internal.TestMethodWorker.invokeTestMethods(TestMethodWorker.java:129)
	at org.testng.internal.TestMethodWorker.run(TestMethodWorker.java:112)
	at org.testng.TestRunner.privateRun(TestRunner.java:753)
	at org.testng.TestRunner.run(TestRunner.java:607)
	at org.testng.SuiteRunner.runTest(SuiteRunner.java:368)
	at org.testng.SuiteRunner.runSequentially(SuiteRunner.java:363)
	at org.testng.SuiteRunner.privateRun(SuiteRunner.java:321)
	at org.testng.SuiteRunner.run(SuiteRunner.java:270)
	at org.testng.SuiteRunnerWorker.runSuite(SuiteRunnerWorker.java:52)
	at org.testng.SuiteRunnerWorker.run(SuiteRunnerWorker.java:86)
	at org.testng.TestNG.runSuitesSequentially(TestNG.java:1284)
	at org.testng.TestNG.runSuitesLocally(TestNG.java:1209)
	at org.testng.TestNG.runSuites(TestNG.java:1124)
	at org.testng.TestNG.run(TestNG.java:1096)
	at org.testng.remote.AbstractRemoteTestNG.run(AbstractRemoteTestNG.java:132)
	at org.testng.remote.RemoteTestNG.initAndRun(RemoteTestNG.java:236)
	at org.testng.remote.RemoteTestNG.main(RemoteTestNG.java:81)
</pre></div></td>
<td>0</td>
<td>ItrTest_A_addToFrontB_BA@1753acfe</td></tr>
<tr>
<td title='ItrTest_A_addToRearB_AB.testItrNextNextRemove_remove()'><b>testItrNextNextRemove_remove</b><br>Test class: ItrTest_A_addToRearB_AB</td>
<td><div><pre>java.lang.IllegalStateException: ListIterator - remove
	at IUArrayList$ListIterator.remove(IUArrayList.java:381)
	at TestCase.remove(TestCase.java:291)
	at ItrTest_A_addToRearB_AB.testItrNextNextRemove_remove(ItrTest_A_addToRearB_AB.java:247)
... Removed 25 stack frames</pre></div><a href='#' onClick='toggleBox("stack-trace1018298342", this, "Click to show all stack frames", "Click to hide stack frames")'>Click to show all stack frames</a>
<div class='stack-trace' id='stack-trace1018298342'><pre>java.lang.IllegalStateException: ListIterator - remove
	at IUArrayList$ListIterator.remove(IUArrayList.java:381)
	at TestCase.remove(TestCase.java:291)
	at ItrTest_A_addToRearB_AB.testItrNextNextRemove_remove(ItrTest_A_addToRearB_AB.java:247)
	at sun.reflect.NativeMethodAccessorImpl.invoke0(Native Method)
	at sun.reflect.NativeMethodAccessorImpl.invoke(NativeMethodAccessorImpl.java:62)
	at sun.reflect.DelegatingMethodAccessorImpl.invoke(DelegatingMethodAccessorImpl.java:43)
	at java.lang.reflect.Method.invoke(Method.java:498)
	at org.testng.internal.MethodInvocationHelper.invokeMethod(MethodInvocationHelper.java:100)
	at org.testng.internal.Invoker.invokeMethod(Invoker.java:646)
	at org.testng.internal.Invoker.invokeTestMethod(Invoker.java:811)
	at org.testng.internal.Invoker.invokeTestMethods(Invoker.java:1137)
	at org.testng.internal.TestMethodWorker.invokeTestMethods(TestMethodWorker.java:129)
	at org.testng.internal.TestMethodWorker.run(TestMethodWorker.java:112)
	at org.testng.TestRunner.privateRun(TestRunner.java:753)
	at org.testng.TestRunner.run(TestRunner.java:607)
	at org.testng.SuiteRunner.runTest(SuiteRunner.java:368)
	at org.testng.SuiteRunner.runSequentially(SuiteRunner.java:363)
	at org.testng.SuiteRunner.privateRun(SuiteRunner.java:321)
	at org.testng.SuiteRunner.run(SuiteRunner.java:270)
	at org.testng.SuiteRunnerWorker.runSuite(SuiteRunnerWorker.java:52)
	at org.testng.SuiteRunnerWorker.run(SuiteRunnerWorker.java:86)
	at org.testng.TestNG.runSuitesSequentially(TestNG.java:1284)
	at org.testng.TestNG.runSuitesLocally(TestNG.java:1209)
	at org.testng.TestNG.runSuites(TestNG.java:1124)
	at org.testng.TestNG.run(TestNG.java:1096)
	at org.testng.remote.AbstractRemoteTestNG.run(AbstractRemoteTestNG.java:132)
	at org.testng.remote.RemoteTestNG.initAndRun(RemoteTestNG.java:236)
	at org.testng.remote.RemoteTestNG.main(RemoteTestNG.java:81)
</pre></div></td>
<td>0</td>
<td>ItrTest_A_addToRearB_AB@7c16905e</td></tr>
<tr>
<td title='ItrTest_ABC_remove1_AC.testItrNextNextRemove_remove()'><b>testItrNextNextRemove_remove</b><br>Test class: ItrTest_ABC_remove1_AC</td>
<td><div><pre>java.lang.IllegalStateException: ListIterator - remove
	at IUArrayList$ListIterator.remove(IUArrayList.java:381)
	at TestCase.remove(TestCase.java:291)
	at ItrTest_ABC_remove1_AC.testItrNextNextRemove_remove(ItrTest_ABC_remove1_AC.java:250)
... Removed 25 stack frames</pre></div><a href='#' onClick='toggleBox("stack-trace1897115967", this, "Click to show all stack frames", "Click to hide stack frames")'>Click to show all stack frames</a>
<div class='stack-trace' id='stack-trace1897115967'><pre>java.lang.IllegalStateException: ListIterator - remove
	at IUArrayList$ListIterator.remove(IUArrayList.java:381)
	at TestCase.remove(TestCase.java:291)
	at ItrTest_ABC_remove1_AC.testItrNextNextRemove_remove(ItrTest_ABC_remove1_AC.java:250)
	at sun.reflect.NativeMethodAccessorImpl.invoke0(Native Method)
	at sun.reflect.NativeMethodAccessorImpl.invoke(NativeMethodAccessorImpl.java:62)
	at sun.reflect.DelegatingMethodAccessorImpl.invoke(DelegatingMethodAccessorImpl.java:43)
	at java.lang.reflect.Method.invoke(Method.java:498)
	at org.testng.internal.MethodInvocationHelper.invokeMethod(MethodInvocationHelper.java:100)
	at org.testng.internal.Invoker.invokeMethod(Invoker.java:646)
	at org.testng.internal.Invoker.invokeTestMethod(Invoker.java:811)
	at org.testng.internal.Invoker.invokeTestMethods(Invoker.java:1137)
	at org.testng.internal.TestMethodWorker.invokeTestMethods(TestMethodWorker.java:129)
	at org.testng.internal.TestMethodWorker.run(TestMethodWorker.java:112)
	at org.testng.TestRunner.privateRun(TestRunner.java:753)
	at org.testng.TestRunner.run(TestRunner.java:607)
	at org.testng.SuiteRunner.runTest(SuiteRunner.java:368)
	at org.testng.SuiteRunner.runSequentially(SuiteRunner.java:363)
	at org.testng.SuiteRunner.privateRun(SuiteRunner.java:321)
	at org.testng.SuiteRunner.run(SuiteRunner.java:270)
	at org.testng.SuiteRunnerWorker.runSuite(SuiteRunnerWorker.java:52)
	at org.testng.SuiteRunnerWorker.run(SuiteRunnerWorker.java:86)
	at org.testng.TestNG.runSuitesSequentially(TestNG.java:1284)
	at org.testng.TestNG.runSuitesLocally(TestNG.java:1209)
	at org.testng.TestNG.runSuites(TestNG.java:1124)
	at org.testng.TestNG.run(TestNG.java:1096)
	at org.testng.remote.AbstractRemoteTestNG.run(AbstractRemoteTestNG.java:132)
	at org.testng.remote.RemoteTestNG.initAndRun(RemoteTestNG.java:236)
	at org.testng.remote.RemoteTestNG.main(RemoteTestNG.java:81)
</pre></div></td>
<td>0</td>
<td>ItrTest_ABC_remove1_AC@2a2d45ba</td></tr>
<tr>
<td title='ItrTest_A_addToFrontB_BA.testItrNextNext_hasNext()'><b>testItrNextNext_hasNext</b><br>Test class: ItrTest_A_addToFrontB_BA</td>
<td></td>
<td>0</td>
<td>ItrTest_A_addToFrontB_BA@1753acfe</td></tr>
<tr>
<td title='ItrTest_A_addToRearB_AB.testItrNextNext_hasNext()'><b>testItrNextNext_hasNext</b><br>Test class: ItrTest_A_addToRearB_AB</td>
<td></td>
<td>0</td>
<td>ItrTest_A_addToRearB_AB@7c16905e</td></tr>
<tr>
<td title='ItrTest_ABC_remove1_AC.testItrNextNext_hasNext()'><b>testItrNextNext_hasNext</b><br>Test class: ItrTest_ABC_remove1_AC</td>
<td></td>
<td>0</td>
<td>ItrTest_ABC_remove1_AC@2a2d45ba</td></tr>
<tr>
<td title='ItrTest_A_addToFrontB_BA.testItrNextNext_next()'><b>testItrNextNext_next</b><br>Test class: ItrTest_A_addToFrontB_BA</td>
<td><div><pre>java.util.NoSuchElementException: ListIterator - next
	at IUArrayList$ListIterator.next(IUArrayList.java:363)
	at TestCase.next(TestCase.java:281)
	at ItrTest_A_addToFrontB_BA.testItrNextNext_next(ItrTest_A_addToFrontB_BA.java:134)
... Removed 25 stack frames</pre></div><a href='#' onClick='toggleBox("stack-trace238157928", this, "Click to show all stack frames", "Click to hide stack frames")'>Click to show all stack frames</a>
<div class='stack-trace' id='stack-trace238157928'><pre>java.util.NoSuchElementException: ListIterator - next
	at IUArrayList$ListIterator.next(IUArrayList.java:363)
	at TestCase.next(TestCase.java:281)
	at ItrTest_A_addToFrontB_BA.testItrNextNext_next(ItrTest_A_addToFrontB_BA.java:134)
	at sun.reflect.NativeMethodAccessorImpl.invoke0(Native Method)
	at sun.reflect.NativeMethodAccessorImpl.invoke(NativeMethodAccessorImpl.java:62)
	at sun.reflect.DelegatingMethodAccessorImpl.invoke(DelegatingMethodAccessorImpl.java:43)
	at java.lang.reflect.Method.invoke(Method.java:498)
	at org.testng.internal.MethodInvocationHelper.invokeMethod(MethodInvocationHelper.java:100)
	at org.testng.internal.Invoker.invokeMethod(Invoker.java:646)
	at org.testng.internal.Invoker.invokeTestMethod(Invoker.java:811)
	at org.testng.internal.Invoker.invokeTestMethods(Invoker.java:1137)
	at org.testng.internal.TestMethodWorker.invokeTestMethods(TestMethodWorker.java:129)
	at org.testng.internal.TestMethodWorker.run(TestMethodWorker.java:112)
	at org.testng.TestRunner.privateRun(TestRunner.java:753)
	at org.testng.TestRunner.run(TestRunner.java:607)
	at org.testng.SuiteRunner.runTest(SuiteRunner.java:368)
	at org.testng.SuiteRunner.runSequentially(SuiteRunner.java:363)
	at org.testng.SuiteRunner.privateRun(SuiteRunner.java:321)
	at org.testng.SuiteRunner.run(SuiteRunner.java:270)
	at org.testng.SuiteRunnerWorker.runSuite(SuiteRunnerWorker.java:52)
	at org.testng.SuiteRunnerWorker.run(SuiteRunnerWorker.java:86)
	at org.testng.TestNG.runSuitesSequentially(TestNG.java:1284)
	at org.testng.TestNG.runSuitesLocally(TestNG.java:1209)
	at org.testng.TestNG.runSuites(TestNG.java:1124)
	at org.testng.TestNG.run(TestNG.java:1096)
	at org.testng.remote.AbstractRemoteTestNG.run(AbstractRemoteTestNG.java:132)
	at org.testng.remote.RemoteTestNG.initAndRun(RemoteTestNG.java:236)
	at org.testng.remote.RemoteTestNG.main(RemoteTestNG.java:81)
</pre></div></td>
<td>0</td>
<td>ItrTest_A_addToFrontB_BA@1753acfe</td></tr>
<tr>
<td title='ItrTest_A_addToRearB_AB.testItrNextNext_next()'><b>testItrNextNext_next</b><br>Test class: ItrTest_A_addToRearB_AB</td>
<td><div><pre>java.util.NoSuchElementException: ListIterator - next
	at IUArrayList$ListIterator.next(IUArrayList.java:363)
	at TestCase.next(TestCase.java:281)
	at ItrTest_A_addToRearB_AB.testItrNextNext_next(ItrTest_A_addToRearB_AB.java:134)
... Removed 25 stack frames</pre></div><a href='#' onClick='toggleBox("stack-trace561247961", this, "Click to show all stack frames", "Click to hide stack frames")'>Click to show all stack frames</a>
<div class='stack-trace' id='stack-trace561247961'><pre>java.util.NoSuchElementException: ListIterator - next
	at IUArrayList$ListIterator.next(IUArrayList.java:363)
	at TestCase.next(TestCase.java:281)
	at ItrTest_A_addToRearB_AB.testItrNextNext_next(ItrTest_A_addToRearB_AB.java:134)
	at sun.reflect.NativeMethodAccessorImpl.invoke0(Native Method)
	at sun.reflect.NativeMethodAccessorImpl.invoke(NativeMethodAccessorImpl.java:62)
	at sun.reflect.DelegatingMethodAccessorImpl.invoke(DelegatingMethodAccessorImpl.java:43)
	at java.lang.reflect.Method.invoke(Method.java:498)
	at org.testng.internal.MethodInvocationHelper.invokeMethod(MethodInvocationHelper.java:100)
	at org.testng.internal.Invoker.invokeMethod(Invoker.java:646)
	at org.testng.internal.Invoker.invokeTestMethod(Invoker.java:811)
	at org.testng.internal.Invoker.invokeTestMethods(Invoker.java:1137)
	at org.testng.internal.TestMethodWorker.invokeTestMethods(TestMethodWorker.java:129)
	at org.testng.internal.TestMethodWorker.run(TestMethodWorker.java:112)
	at org.testng.TestRunner.privateRun(TestRunner.java:753)
	at org.testng.TestRunner.run(TestRunner.java:607)
	at org.testng.SuiteRunner.runTest(SuiteRunner.java:368)
	at org.testng.SuiteRunner.runSequentially(SuiteRunner.java:363)
	at org.testng.SuiteRunner.privateRun(SuiteRunner.java:321)
	at org.testng.SuiteRunner.run(SuiteRunner.java:270)
	at org.testng.SuiteRunnerWorker.runSuite(SuiteRunnerWorker.java:52)
	at org.testng.SuiteRunnerWorker.run(SuiteRunnerWorker.java:86)
	at org.testng.TestNG.runSuitesSequentially(TestNG.java:1284)
	at org.testng.TestNG.runSuitesLocally(TestNG.java:1209)
	at org.testng.TestNG.runSuites(TestNG.java:1124)
	at org.testng.TestNG.run(TestNG.java:1096)
	at org.testng.remote.AbstractRemoteTestNG.run(AbstractRemoteTestNG.java:132)
	at org.testng.remote.RemoteTestNG.initAndRun(RemoteTestNG.java:236)
	at org.testng.remote.RemoteTestNG.main(RemoteTestNG.java:81)
</pre></div></td>
<td>0</td>
<td>ItrTest_A_addToRearB_AB@7c16905e</td></tr>
<tr>
<td title='ItrTest_ABC_remove1_AC.testItrNextNext_next()'><b>testItrNextNext_next</b><br>Test class: ItrTest_ABC_remove1_AC</td>
<td><div><pre>java.util.NoSuchElementException: ListIterator - next
	at IUArrayList$ListIterator.next(IUArrayList.java:363)
	at TestCase.next(TestCase.java:281)
	at ItrTest_ABC_remove1_AC.testItrNextNext_next(ItrTest_ABC_remove1_AC.java:137)
... Removed 25 stack frames</pre></div><a href='#' onClick='toggleBox("stack-trace1502635287", this, "Click to show all stack frames", "Click to hide stack frames")'>Click to show all stack frames</a>
<div class='stack-trace' id='stack-trace1502635287'><pre>java.util.NoSuchElementException: ListIterator - next
	at IUArrayList$ListIterator.next(IUArrayList.java:363)
	at TestCase.next(TestCase.java:281)
	at ItrTest_ABC_remove1_AC.testItrNextNext_next(ItrTest_ABC_remove1_AC.java:137)
	at sun.reflect.NativeMethodAccessorImpl.invoke0(Native Method)
	at sun.reflect.NativeMethodAccessorImpl.invoke(NativeMethodAccessorImpl.java:62)
	at sun.reflect.DelegatingMethodAccessorImpl.invoke(DelegatingMethodAccessorImpl.java:43)
	at java.lang.reflect.Method.invoke(Method.java:498)
	at org.testng.internal.MethodInvocationHelper.invokeMethod(MethodInvocationHelper.java:100)
	at org.testng.internal.Invoker.invokeMethod(Invoker.java:646)
	at org.testng.internal.Invoker.invokeTestMethod(Invoker.java:811)
	at org.testng.internal.Invoker.invokeTestMethods(Invoker.java:1137)
	at org.testng.internal.TestMethodWorker.invokeTestMethods(TestMethodWorker.java:129)
	at org.testng.internal.TestMethodWorker.run(TestMethodWorker.java:112)
	at org.testng.TestRunner.privateRun(TestRunner.java:753)
	at org.testng.TestRunner.run(TestRunner.java:607)
	at org.testng.SuiteRunner.runTest(SuiteRunner.java:368)
	at org.testng.SuiteRunner.runSequentially(SuiteRunner.java:363)
	at org.testng.SuiteRunner.privateRun(SuiteRunner.java:321)
	at org.testng.SuiteRunner.run(SuiteRunner.java:270)
	at org.testng.SuiteRunnerWorker.runSuite(SuiteRunnerWorker.java:52)
	at org.testng.SuiteRunnerWorker.run(SuiteRunnerWorker.java:86)
	at org.testng.TestNG.runSuitesSequentially(TestNG.java:1284)
	at org.testng.TestNG.runSuitesLocally(TestNG.java:1209)
	at org.testng.TestNG.runSuites(TestNG.java:1124)
	at org.testng.TestNG.run(TestNG.java:1096)
	at org.testng.remote.AbstractRemoteTestNG.run(AbstractRemoteTestNG.java:132)
	at org.testng.remote.RemoteTestNG.initAndRun(RemoteTestNG.java:236)
	at org.testng.remote.RemoteTestNG.main(RemoteTestNG.java:81)
</pre></div></td>
<td>0</td>
<td>ItrTest_ABC_remove1_AC@2a2d45ba</td></tr>
<tr>
<td title='ItrTest_A_addToFrontB_BA.testItrNextNext_remove()'><b>testItrNextNext_remove</b><br>Test class: ItrTest_A_addToFrontB_BA</td>
<td></td>
<td>0</td>
<td>ItrTest_A_addToFrontB_BA@1753acfe</td></tr>
<tr>
<td title='ItrTest_A_addToRearB_AB.testItrNextNext_remove()'><b>testItrNextNext_remove</b><br>Test class: ItrTest_A_addToRearB_AB</td>
<td></td>
<td>0</td>
<td>ItrTest_A_addToRearB_AB@7c16905e</td></tr>
<tr>
<td title='ItrTest_ABC_remove1_AC.testItrNextNext_remove()'><b>testItrNextNext_remove</b><br>Test class: ItrTest_ABC_remove1_AC</td>
<td></td>
<td>0</td>
<td>ItrTest_ABC_remove1_AC@2a2d45ba</td></tr>
<tr>
<td title='ItrTest_A_addToFrontB_BA.testItrNextRemoveNext_hasNext()'><b>testItrNextRemoveNext_hasNext</b><br>Test class: ItrTest_A_addToFrontB_BA</td>
<td></td>
<td>0</td>
<td>ItrTest_A_addToFrontB_BA@1753acfe</td></tr>
<tr>
<td title='ItrTest_A_addToRearB_AB.testItrNextRemoveNext_hasNext()'><b>testItrNextRemoveNext_hasNext</b><br>Test class: ItrTest_A_addToRearB_AB</td>
<td></td>
<td>0</td>
<td>ItrTest_A_addToRearB_AB@7c16905e</td></tr>
<tr>
<td title='ItrTest_ABC_remove1_AC.testItrNextRemoveNext_hasNext()'><b>testItrNextRemoveNext_hasNext</b><br>Test class: ItrTest_ABC_remove1_AC</td>
<td></td>
<td>0</td>
<td>ItrTest_ABC_remove1_AC@2a2d45ba</td></tr>
<tr>
<td title='ItrTest_A_addToFrontB_BA.testItrNextRemoveNext_next()'><b>testItrNextRemoveNext_next</b><br>Test class: ItrTest_A_addToFrontB_BA</td>
<td><div><pre>java.util.NoSuchElementException: ListIterator - next
	at IUArrayList$ListIterator.next(IUArrayList.java:363)
	at TestCase.next(TestCase.java:281)
	at ItrTest_A_addToFrontB_BA.testItrNextRemoveNext_next(ItrTest_A_addToFrontB_BA.java:202)
... Removed 25 stack frames</pre></div><a href='#' onClick='toggleBox("stack-trace92150540", this, "Click to show all stack frames", "Click to hide stack frames")'>Click to show all stack frames</a>
<div class='stack-trace' id='stack-trace92150540'><pre>java.util.NoSuchElementException: ListIterator - next
	at IUArrayList$ListIterator.next(IUArrayList.java:363)
	at TestCase.next(TestCase.java:281)
	at ItrTest_A_addToFrontB_BA.testItrNextRemoveNext_next(ItrTest_A_addToFrontB_BA.java:202)
	at sun.reflect.NativeMethodAccessorImpl.invoke0(Native Method)
	at sun.reflect.NativeMethodAccessorImpl.invoke(NativeMethodAccessorImpl.java:62)
	at sun.reflect.DelegatingMethodAccessorImpl.invoke(DelegatingMethodAccessorImpl.java:43)
	at java.lang.reflect.Method.invoke(Method.java:498)
	at org.testng.internal.MethodInvocationHelper.invokeMethod(MethodInvocationHelper.java:100)
	at org.testng.internal.Invoker.invokeMethod(Invoker.java:646)
	at org.testng.internal.Invoker.invokeTestMethod(Invoker.java:811)
	at org.testng.internal.Invoker.invokeTestMethods(Invoker.java:1137)
	at org.testng.internal.TestMethodWorker.invokeTestMethods(TestMethodWorker.java:129)
	at org.testng.internal.TestMethodWorker.run(TestMethodWorker.java:112)
	at org.testng.TestRunner.privateRun(TestRunner.java:753)
	at org.testng.TestRunner.run(TestRunner.java:607)
	at org.testng.SuiteRunner.runTest(SuiteRunner.java:368)
	at org.testng.SuiteRunner.runSequentially(SuiteRunner.java:363)
	at org.testng.SuiteRunner.privateRun(SuiteRunner.java:321)
	at org.testng.SuiteRunner.run(SuiteRunner.java:270)
	at org.testng.SuiteRunnerWorker.runSuite(SuiteRunnerWorker.java:52)
	at org.testng.SuiteRunnerWorker.run(SuiteRunnerWorker.java:86)
	at org.testng.TestNG.runSuitesSequentially(TestNG.java:1284)
	at org.testng.TestNG.runSuitesLocally(TestNG.java:1209)
	at org.testng.TestNG.runSuites(TestNG.java:1124)
	at org.testng.TestNG.run(TestNG.java:1096)
	at org.testng.remote.AbstractRemoteTestNG.run(AbstractRemoteTestNG.java:132)
	at org.testng.remote.RemoteTestNG.initAndRun(RemoteTestNG.java:236)
	at org.testng.remote.RemoteTestNG.main(RemoteTestNG.java:81)
</pre></div></td>
<td>0</td>
<td>ItrTest_A_addToFrontB_BA@1753acfe</td></tr>
<tr>
<td title='ItrTest_A_addToRearB_AB.testItrNextRemoveNext_next()'><b>testItrNextRemoveNext_next</b><br>Test class: ItrTest_A_addToRearB_AB</td>
<td><div><pre>java.util.NoSuchElementException: ListIterator - next
	at IUArrayList$ListIterator.next(IUArrayList.java:363)
	at TestCase.next(TestCase.java:281)
	at ItrTest_A_addToRearB_AB.testItrNextRemoveNext_next(ItrTest_A_addToRearB_AB.java:202)
... Removed 25 stack frames</pre></div><a href='#' onClick='toggleBox("stack-trace103887628", this, "Click to show all stack frames", "Click to hide stack frames")'>Click to show all stack frames</a>
<div class='stack-trace' id='stack-trace103887628'><pre>java.util.NoSuchElementException: ListIterator - next
	at IUArrayList$ListIterator.next(IUArrayList.java:363)
	at TestCase.next(TestCase.java:281)
	at ItrTest_A_addToRearB_AB.testItrNextRemoveNext_next(ItrTest_A_addToRearB_AB.java:202)
	at sun.reflect.NativeMethodAccessorImpl.invoke0(Native Method)
	at sun.reflect.NativeMethodAccessorImpl.invoke(NativeMethodAccessorImpl.java:62)
	at sun.reflect.DelegatingMethodAccessorImpl.invoke(DelegatingMethodAccessorImpl.java:43)
	at java.lang.reflect.Method.invoke(Method.java:498)
	at org.testng.internal.MethodInvocationHelper.invokeMethod(MethodInvocationHelper.java:100)
	at org.testng.internal.Invoker.invokeMethod(Invoker.java:646)
	at org.testng.internal.Invoker.invokeTestMethod(Invoker.java:811)
	at org.testng.internal.Invoker.invokeTestMethods(Invoker.java:1137)
	at org.testng.internal.TestMethodWorker.invokeTestMethods(TestMethodWorker.java:129)
	at org.testng.internal.TestMethodWorker.run(TestMethodWorker.java:112)
	at org.testng.TestRunner.privateRun(TestRunner.java:753)
	at org.testng.TestRunner.run(TestRunner.java:607)
	at org.testng.SuiteRunner.runTest(SuiteRunner.java:368)
	at org.testng.SuiteRunner.runSequentially(SuiteRunner.java:363)
	at org.testng.SuiteRunner.privateRun(SuiteRunner.java:321)
	at org.testng.SuiteRunner.run(SuiteRunner.java:270)
	at org.testng.SuiteRunnerWorker.runSuite(SuiteRunnerWorker.java:52)
	at org.testng.SuiteRunnerWorker.run(SuiteRunnerWorker.java:86)
	at org.testng.TestNG.runSuitesSequentially(TestNG.java:1284)
	at org.testng.TestNG.runSuitesLocally(TestNG.java:1209)
	at org.testng.TestNG.runSuites(TestNG.java:1124)
	at org.testng.TestNG.run(TestNG.java:1096)
	at org.testng.remote.AbstractRemoteTestNG.run(AbstractRemoteTestNG.java:132)
	at org.testng.remote.RemoteTestNG.initAndRun(RemoteTestNG.java:236)
	at org.testng.remote.RemoteTestNG.main(RemoteTestNG.java:81)
</pre></div></td>
<td>0</td>
<td>ItrTest_A_addToRearB_AB@7c16905e</td></tr>
<tr>
<td title='ItrTest_ABC_remove1_AC.testItrNextRemoveNext_next()'><b>testItrNextRemoveNext_next</b><br>Test class: ItrTest_ABC_remove1_AC</td>
<td><div><pre>java.util.NoSuchElementException: ListIterator - next
	at IUArrayList$ListIterator.next(IUArrayList.java:363)
	at TestCase.next(TestCase.java:281)
	at ItrTest_ABC_remove1_AC.testItrNextRemoveNext_next(ItrTest_ABC_remove1_AC.java:205)
... Removed 25 stack frames</pre></div><a href='#' onClick='toggleBox("stack-trace1728790703", this, "Click to show all stack frames", "Click to hide stack frames")'>Click to show all stack frames</a>
<div class='stack-trace' id='stack-trace1728790703'><pre>java.util.NoSuchElementException: ListIterator - next
	at IUArrayList$ListIterator.next(IUArrayList.java:363)
	at TestCase.next(TestCase.java:281)
	at ItrTest_ABC_remove1_AC.testItrNextRemoveNext_next(ItrTest_ABC_remove1_AC.java:205)
	at sun.reflect.NativeMethodAccessorImpl.invoke0(Native Method)
	at sun.reflect.NativeMethodAccessorImpl.invoke(NativeMethodAccessorImpl.java:62)
	at sun.reflect.DelegatingMethodAccessorImpl.invoke(DelegatingMethodAccessorImpl.java:43)
	at java.lang.reflect.Method.invoke(Method.java:498)
	at org.testng.internal.MethodInvocationHelper.invokeMethod(MethodInvocationHelper.java:100)
	at org.testng.internal.Invoker.invokeMethod(Invoker.java:646)
	at org.testng.internal.Invoker.invokeTestMethod(Invoker.java:811)
	at org.testng.internal.Invoker.invokeTestMethods(Invoker.java:1137)
	at org.testng.internal.TestMethodWorker.invokeTestMethods(TestMethodWorker.java:129)
	at org.testng.internal.TestMethodWorker.run(TestMethodWorker.java:112)
	at org.testng.TestRunner.privateRun(TestRunner.java:753)
	at org.testng.TestRunner.run(TestRunner.java:607)
	at org.testng.SuiteRunner.runTest(SuiteRunner.java:368)
	at org.testng.SuiteRunner.runSequentially(SuiteRunner.java:363)
	at org.testng.SuiteRunner.privateRun(SuiteRunner.java:321)
	at org.testng.SuiteRunner.run(SuiteRunner.java:270)
	at org.testng.SuiteRunnerWorker.runSuite(SuiteRunnerWorker.java:52)
	at org.testng.SuiteRunnerWorker.run(SuiteRunnerWorker.java:86)
	at org.testng.TestNG.runSuitesSequentially(TestNG.java:1284)
	at org.testng.TestNG.runSuitesLocally(TestNG.java:1209)
	at org.testng.TestNG.runSuites(TestNG.java:1124)
	at org.testng.TestNG.run(TestNG.java:1096)
	at org.testng.remote.AbstractRemoteTestNG.run(AbstractRemoteTestNG.java:132)
	at org.testng.remote.RemoteTestNG.initAndRun(RemoteTestNG.java:236)
	at org.testng.remote.RemoteTestNG.main(RemoteTestNG.java:81)
</pre></div></td>
<td>0</td>
<td>ItrTest_ABC_remove1_AC@2a2d45ba</td></tr>
<tr>
<td title='ItrTest_A_addToFrontB_BA.testItrNextRemoveNext_remove()'><b>testItrNextRemoveNext_remove</b><br>Test class: ItrTest_A_addToFrontB_BA</td>
<td></td>
<td>0</td>
<td>ItrTest_A_addToFrontB_BA@1753acfe</td></tr>
<tr>
<td title='ItrTest_A_addToRearB_AB.testItrNextRemoveNext_remove()'><b>testItrNextRemoveNext_remove</b><br>Test class: ItrTest_A_addToRearB_AB</td>
<td></td>
<td>0</td>
<td>ItrTest_A_addToRearB_AB@7c16905e</td></tr>
<tr>
<td title='ItrTest_ABC_remove1_AC.testItrNextRemoveNext_remove()'><b>testItrNextRemoveNext_remove</b><br>Test class: ItrTest_ABC_remove1_AC</td>
<td></td>
<td>0</td>
<td>ItrTest_ABC_remove1_AC@2a2d45ba</td></tr>
<tr>
<td title='ItrTest_A_set0B_B.testItrNextRemove_hasNext()'><b>testItrNextRemove_hasNext</b><br>Test class: ItrTest_A_set0B_B</td>
<td></td>
<td>0</td>
<td>ItrTest_A_set0B_B@7dc7cbad</td></tr>
<tr>
<td title='ItrTest_AB_removeA_B.testItrNextRemove_hasNext()'><b>testItrNextRemove_hasNext</b><br>Test class: ItrTest_AB_removeA_B</td>
<td></td>
<td>0</td>
<td>ItrTest_AB_removeA_B@d2cc05a</td></tr>
<tr>
<td title='ItrTest_AB_removeFirst_B.testItrNextRemove_hasNext()'><b>testItrNextRemove_hasNext</b><br>Test class: ItrTest_AB_removeFirst_B</td>
<td></td>
<td>0</td>
<td>ItrTest_AB_removeFirst_B@4f933fd1</td></tr>
<tr>
<td title='ItrTest_AB_removeLast_A.testItrNextRemove_hasNext()'><b>testItrNextRemove_hasNext</b><br>Test class: ItrTest_AB_removeLast_A</td>
<td></td>
<td>0</td>
<td>ItrTest_AB_removeLast_A@548a9f61</td></tr>
<tr>
<td title='ItrTest_A_addToFrontB_BA.testItrNextRemove_hasNext()'><b>testItrNextRemove_hasNext</b><br>Test class: ItrTest_A_addToFrontB_BA</td>
<td></td>
<td>0</td>
<td>ItrTest_A_addToFrontB_BA@1753acfe</td></tr>
<tr>
<td title='ItrTest_A_addToRearB_AB.testItrNextRemove_hasNext()'><b>testItrNextRemove_hasNext</b><br>Test class: ItrTest_A_addToRearB_AB</td>
<td></td>
<td>0</td>
<td>ItrTest_A_addToRearB_AB@7c16905e</td></tr>
<tr>
<td title='ItrTest_ABC_remove1_AC.testItrNextRemove_hasNext()'><b>testItrNextRemove_hasNext</b><br>Test class: ItrTest_ABC_remove1_AC</td>
<td></td>
<td>0</td>
<td>ItrTest_ABC_remove1_AC@2a2d45ba</td></tr>
<tr>
<td title='ItrTest_emptyList_add0A_A.testItrNextRemove_hasNext()'><b>testItrNextRemove_hasNext</b><br>Test class: ItrTest_emptyList_add0A_A</td>
<td></td>
<td>0</td>
<td>ItrTest_emptyList_add0A_A@2a5ca609</td></tr>
<tr>
<td title='ItrTest_emptyList_addA_A.testItrNextRemove_hasNext()'><b>testItrNextRemove_hasNext</b><br>Test class: ItrTest_emptyList_addA_A</td>
<td></td>
<td>0</td>
<td>ItrTest_emptyList_addA_A@20e2cbe0</td></tr>
<tr>
<td title='ItrTest_emptyList_addToFrontA_A.testItrNextRemove_hasNext()'><b>testItrNextRemove_hasNext</b><br>Test class: ItrTest_emptyList_addToFrontA_A</td>
<td></td>
<td>0</td>
<td>ItrTest_emptyList_addToFrontA_A@68be2bc2</td></tr>
<tr>
<td title='ItrTest_emptyList_addToRearA_A.testItrNextRemove_hasNext()'><b>testItrNextRemove_hasNext</b><br>Test class: ItrTest_emptyList_addToRearA_A</td>
<td></td>
<td>0</td>
<td>ItrTest_emptyList_addToRearA_A@28feb3fa</td></tr>
<tr>
<td title='ItrTest_A_set0B_B.testItrNextRemove_next()'><b>testItrNextRemove_next</b><br>Test class: ItrTest_A_set0B_B</td>
<td><div><pre>java.util.NoSuchElementException: ListIterator - next
	at IUArrayList$ListIterator.next(IUArrayList.java:363)
	at TestCase.next(TestCase.java:281)
	at ItrTest_A_set0B_B.testItrNextRemove_next(ItrTest_A_set0B_B.java:136)
... Removed 25 stack frames</pre></div><a href='#' onClick='toggleBox("stack-trace1037324811", this, "Click to show all stack frames", "Click to hide stack frames")'>Click to show all stack frames</a>
<div class='stack-trace' id='stack-trace1037324811'><pre>java.util.NoSuchElementException: ListIterator - next
	at IUArrayList$ListIterator.next(IUArrayList.java:363)
	at TestCase.next(TestCase.java:281)
	at ItrTest_A_set0B_B.testItrNextRemove_next(ItrTest_A_set0B_B.java:136)
	at sun.reflect.NativeMethodAccessorImpl.invoke0(Native Method)
	at sun.reflect.NativeMethodAccessorImpl.invoke(NativeMethodAccessorImpl.java:62)
	at sun.reflect.DelegatingMethodAccessorImpl.invoke(DelegatingMethodAccessorImpl.java:43)
	at java.lang.reflect.Method.invoke(Method.java:498)
	at org.testng.internal.MethodInvocationHelper.invokeMethod(MethodInvocationHelper.java:100)
	at org.testng.internal.Invoker.invokeMethod(Invoker.java:646)
	at org.testng.internal.Invoker.invokeTestMethod(Invoker.java:811)
	at org.testng.internal.Invoker.invokeTestMethods(Invoker.java:1137)
	at org.testng.internal.TestMethodWorker.invokeTestMethods(TestMethodWorker.java:129)
	at org.testng.internal.TestMethodWorker.run(TestMethodWorker.java:112)
	at org.testng.TestRunner.privateRun(TestRunner.java:753)
	at org.testng.TestRunner.run(TestRunner.java:607)
	at org.testng.SuiteRunner.runTest(SuiteRunner.java:368)
	at org.testng.SuiteRunner.runSequentially(SuiteRunner.java:363)
	at org.testng.SuiteRunner.privateRun(SuiteRunner.java:321)
	at org.testng.SuiteRunner.run(SuiteRunner.java:270)
	at org.testng.SuiteRunnerWorker.runSuite(SuiteRunnerWorker.java:52)
	at org.testng.SuiteRunnerWorker.run(SuiteRunnerWorker.java:86)
	at org.testng.TestNG.runSuitesSequentially(TestNG.java:1284)
	at org.testng.TestNG.runSuitesLocally(TestNG.java:1209)
	at org.testng.TestNG.runSuites(TestNG.java:1124)
	at org.testng.TestNG.run(TestNG.java:1096)
	at org.testng.remote.AbstractRemoteTestNG.run(AbstractRemoteTestNG.java:132)
	at org.testng.remote.RemoteTestNG.initAndRun(RemoteTestNG.java:236)
	at org.testng.remote.RemoteTestNG.main(RemoteTestNG.java:81)
</pre></div></td>
<td>0</td>
<td>ItrTest_A_set0B_B@7dc7cbad</td></tr>
<tr>
<td title='ItrTest_AB_removeA_B.testItrNextRemove_next()'><b>testItrNextRemove_next</b><br>Test class: ItrTest_AB_removeA_B</td>
<td><div><pre>java.util.NoSuchElementException: ListIterator - next
	at IUArrayList$ListIterator.next(IUArrayList.java:363)
	at TestCase.next(TestCase.java:281)
	at ItrTest_AB_removeA_B.testItrNextRemove_next(ItrTest_AB_removeA_B.java:137)
... Removed 25 stack frames</pre></div><a href='#' onClick='toggleBox("stack-trace1232306490", this, "Click to show all stack frames", "Click to hide stack frames")'>Click to show all stack frames</a>
<div class='stack-trace' id='stack-trace1232306490'><pre>java.util.NoSuchElementException: ListIterator - next
	at IUArrayList$ListIterator.next(IUArrayList.java:363)
	at TestCase.next(TestCase.java:281)
	at ItrTest_AB_removeA_B.testItrNextRemove_next(ItrTest_AB_removeA_B.java:137)
	at sun.reflect.NativeMethodAccessorImpl.invoke0(Native Method)
	at sun.reflect.NativeMethodAccessorImpl.invoke(NativeMethodAccessorImpl.java:62)
	at sun.reflect.DelegatingMethodAccessorImpl.invoke(DelegatingMethodAccessorImpl.java:43)
	at java.lang.reflect.Method.invoke(Method.java:498)
	at org.testng.internal.MethodInvocationHelper.invokeMethod(MethodInvocationHelper.java:100)
	at org.testng.internal.Invoker.invokeMethod(Invoker.java:646)
	at org.testng.internal.Invoker.invokeTestMethod(Invoker.java:811)
	at org.testng.internal.Invoker.invokeTestMethods(Invoker.java:1137)
	at org.testng.internal.TestMethodWorker.invokeTestMethods(TestMethodWorker.java:129)
	at org.testng.internal.TestMethodWorker.run(TestMethodWorker.java:112)
	at org.testng.TestRunner.privateRun(TestRunner.java:753)
	at org.testng.TestRunner.run(TestRunner.java:607)
	at org.testng.SuiteRunner.runTest(SuiteRunner.java:368)
	at org.testng.SuiteRunner.runSequentially(SuiteRunner.java:363)
	at org.testng.SuiteRunner.privateRun(SuiteRunner.java:321)
	at org.testng.SuiteRunner.run(SuiteRunner.java:270)
	at org.testng.SuiteRunnerWorker.runSuite(SuiteRunnerWorker.java:52)
	at org.testng.SuiteRunnerWorker.run(SuiteRunnerWorker.java:86)
	at org.testng.TestNG.runSuitesSequentially(TestNG.java:1284)
	at org.testng.TestNG.runSuitesLocally(TestNG.java:1209)
	at org.testng.TestNG.runSuites(TestNG.java:1124)
	at org.testng.TestNG.run(TestNG.java:1096)
	at org.testng.remote.AbstractRemoteTestNG.run(AbstractRemoteTestNG.java:132)
	at org.testng.remote.RemoteTestNG.initAndRun(RemoteTestNG.java:236)
	at org.testng.remote.RemoteTestNG.main(RemoteTestNG.java:81)
</pre></div></td>
<td>0</td>
<td>ItrTest_AB_removeA_B@d2cc05a</td></tr>
<tr>
<td title='ItrTest_AB_removeFirst_B.testItrNextRemove_next()'><b>testItrNextRemove_next</b><br>Test class: ItrTest_AB_removeFirst_B</td>
<td><div><pre>java.util.NoSuchElementException: ListIterator - next
	at IUArrayList$ListIterator.next(IUArrayList.java:363)
	at TestCase.next(TestCase.java:281)
	at ItrTest_AB_removeFirst_B.testItrNextRemove_next(ItrTest_AB_removeFirst_B.java:137)
... Removed 25 stack frames</pre></div><a href='#' onClick='toggleBox("stack-trace1568059495", this, "Click to show all stack frames", "Click to hide stack frames")'>Click to show all stack frames</a>
<div class='stack-trace' id='stack-trace1568059495'><pre>java.util.NoSuchElementException: ListIterator - next
	at IUArrayList$ListIterator.next(IUArrayList.java:363)
	at TestCase.next(TestCase.java:281)
	at ItrTest_AB_removeFirst_B.testItrNextRemove_next(ItrTest_AB_removeFirst_B.java:137)
	at sun.reflect.NativeMethodAccessorImpl.invoke0(Native Method)
	at sun.reflect.NativeMethodAccessorImpl.invoke(NativeMethodAccessorImpl.java:62)
	at sun.reflect.DelegatingMethodAccessorImpl.invoke(DelegatingMethodAccessorImpl.java:43)
	at java.lang.reflect.Method.invoke(Method.java:498)
	at org.testng.internal.MethodInvocationHelper.invokeMethod(MethodInvocationHelper.java:100)
	at org.testng.internal.Invoker.invokeMethod(Invoker.java:646)
	at org.testng.internal.Invoker.invokeTestMethod(Invoker.java:811)
	at org.testng.internal.Invoker.invokeTestMethods(Invoker.java:1137)
	at org.testng.internal.TestMethodWorker.invokeTestMethods(TestMethodWorker.java:129)
	at org.testng.internal.TestMethodWorker.run(TestMethodWorker.java:112)
	at org.testng.TestRunner.privateRun(TestRunner.java:753)
	at org.testng.TestRunner.run(TestRunner.java:607)
	at org.testng.SuiteRunner.runTest(SuiteRunner.java:368)
	at org.testng.SuiteRunner.runSequentially(SuiteRunner.java:363)
	at org.testng.SuiteRunner.privateRun(SuiteRunner.java:321)
	at org.testng.SuiteRunner.run(SuiteRunner.java:270)
	at org.testng.SuiteRunnerWorker.runSuite(SuiteRunnerWorker.java:52)
	at org.testng.SuiteRunnerWorker.run(SuiteRunnerWorker.java:86)
	at org.testng.TestNG.runSuitesSequentially(TestNG.java:1284)
	at org.testng.TestNG.runSuitesLocally(TestNG.java:1209)
	at org.testng.TestNG.runSuites(TestNG.java:1124)
	at org.testng.TestNG.run(TestNG.java:1096)
	at org.testng.remote.AbstractRemoteTestNG.run(AbstractRemoteTestNG.java:132)
	at org.testng.remote.RemoteTestNG.initAndRun(RemoteTestNG.java:236)
	at org.testng.remote.RemoteTestNG.main(RemoteTestNG.java:81)
</pre></div></td>
<td>0</td>
<td>ItrTest_AB_removeFirst_B@4f933fd1</td></tr>
<tr>
<td title='ItrTest_AB_removeLast_A.testItrNextRemove_next()'><b>testItrNextRemove_next</b><br>Test class: ItrTest_AB_removeLast_A</td>
<td><div><pre>java.util.NoSuchElementException: ListIterator - next
	at IUArrayList$ListIterator.next(IUArrayList.java:363)
	at TestCase.next(TestCase.java:281)
	at ItrTest_AB_removeLast_A.testItrNextRemove_next(ItrTest_AB_removeLast_A.java:137)
... Removed 25 stack frames</pre></div><a href='#' onClick='toggleBox("stack-trace1754638213", this, "Click to show all stack frames", "Click to hide stack frames")'>Click to show all stack frames</a>
<div class='stack-trace' id='stack-trace1754638213'><pre>java.util.NoSuchElementException: ListIterator - next
	at IUArrayList$ListIterator.next(IUArrayList.java:363)
	at TestCase.next(TestCase.java:281)
	at ItrTest_AB_removeLast_A.testItrNextRemove_next(ItrTest_AB_removeLast_A.java:137)
	at sun.reflect.NativeMethodAccessorImpl.invoke0(Native Method)
	at sun.reflect.NativeMethodAccessorImpl.invoke(NativeMethodAccessorImpl.java:62)
	at sun.reflect.DelegatingMethodAccessorImpl.invoke(DelegatingMethodAccessorImpl.java:43)
	at java.lang.reflect.Method.invoke(Method.java:498)
	at org.testng.internal.MethodInvocationHelper.invokeMethod(MethodInvocationHelper.java:100)
	at org.testng.internal.Invoker.invokeMethod(Invoker.java:646)
	at org.testng.internal.Invoker.invokeTestMethod(Invoker.java:811)
	at org.testng.internal.Invoker.invokeTestMethods(Invoker.java:1137)
	at org.testng.internal.TestMethodWorker.invokeTestMethods(TestMethodWorker.java:129)
	at org.testng.internal.TestMethodWorker.run(TestMethodWorker.java:112)
	at org.testng.TestRunner.privateRun(TestRunner.java:753)
	at org.testng.TestRunner.run(TestRunner.java:607)
	at org.testng.SuiteRunner.runTest(SuiteRunner.java:368)
	at org.testng.SuiteRunner.runSequentially(SuiteRunner.java:363)
	at org.testng.SuiteRunner.privateRun(SuiteRunner.java:321)
	at org.testng.SuiteRunner.run(SuiteRunner.java:270)
	at org.testng.SuiteRunnerWorker.runSuite(SuiteRunnerWorker.java:52)
	at org.testng.SuiteRunnerWorker.run(SuiteRunnerWorker.java:86)
	at org.testng.TestNG.runSuitesSequentially(TestNG.java:1284)
	at org.testng.TestNG.runSuitesLocally(TestNG.java:1209)
	at org.testng.TestNG.runSuites(TestNG.java:1124)
	at org.testng.TestNG.run(TestNG.java:1096)
	at org.testng.remote.AbstractRemoteTestNG.run(AbstractRemoteTestNG.java:132)
	at org.testng.remote.RemoteTestNG.initAndRun(RemoteTestNG.java:236)
	at org.testng.remote.RemoteTestNG.main(RemoteTestNG.java:81)
</pre></div></td>
<td>0</td>
<td>ItrTest_AB_removeLast_A@548a9f61</td></tr>
<tr>
<td title='ItrTest_A_addToFrontB_BA.testItrNextRemove_next()'><b>testItrNextRemove_next</b><br>Test class: ItrTest_A_addToFrontB_BA</td>
<td></td>
<td>0</td>
<td>ItrTest_A_addToFrontB_BA@1753acfe</td></tr>
<tr>
<td title='ItrTest_A_addToRearB_AB.testItrNextRemove_next()'><b>testItrNextRemove_next</b><br>Test class: ItrTest_A_addToRearB_AB</td>
<td></td>
<td>0</td>
<td>ItrTest_A_addToRearB_AB@7c16905e</td></tr>
<tr>
<td title='ItrTest_ABC_remove1_AC.testItrNextRemove_next()'><b>testItrNextRemove_next</b><br>Test class: ItrTest_ABC_remove1_AC</td>
<td></td>
<td>0</td>
<td>ItrTest_ABC_remove1_AC@2a2d45ba</td></tr>
<tr>
<td title='ItrTest_emptyList_add0A_A.testItrNextRemove_next()'><b>testItrNextRemove_next</b><br>Test class: ItrTest_emptyList_add0A_A</td>
<td><div><pre>java.util.NoSuchElementException: ListIterator - next
	at IUArrayList$ListIterator.next(IUArrayList.java:363)
	at TestCase.next(TestCase.java:281)
	at ItrTest_emptyList_add0A_A.testItrNextRemove_next(ItrTest_emptyList_add0A_A.java:136)
... Removed 25 stack frames</pre></div><a href='#' onClick='toggleBox("stack-trace292917034", this, "Click to show all stack frames", "Click to hide stack frames")'>Click to show all stack frames</a>
<div class='stack-trace' id='stack-trace292917034'><pre>java.util.NoSuchElementException: ListIterator - next
	at IUArrayList$ListIterator.next(IUArrayList.java:363)
	at TestCase.next(TestCase.java:281)
	at ItrTest_emptyList_add0A_A.testItrNextRemove_next(ItrTest_emptyList_add0A_A.java:136)
	at sun.reflect.NativeMethodAccessorImpl.invoke0(Native Method)
	at sun.reflect.NativeMethodAccessorImpl.invoke(NativeMethodAccessorImpl.java:62)
	at sun.reflect.DelegatingMethodAccessorImpl.invoke(DelegatingMethodAccessorImpl.java:43)
	at java.lang.reflect.Method.invoke(Method.java:498)
	at org.testng.internal.MethodInvocationHelper.invokeMethod(MethodInvocationHelper.java:100)
	at org.testng.internal.Invoker.invokeMethod(Invoker.java:646)
	at org.testng.internal.Invoker.invokeTestMethod(Invoker.java:811)
	at org.testng.internal.Invoker.invokeTestMethods(Invoker.java:1137)
	at org.testng.internal.TestMethodWorker.invokeTestMethods(TestMethodWorker.java:129)
	at org.testng.internal.TestMethodWorker.run(TestMethodWorker.java:112)
	at org.testng.TestRunner.privateRun(TestRunner.java:753)
	at org.testng.TestRunner.run(TestRunner.java:607)
	at org.testng.SuiteRunner.runTest(SuiteRunner.java:368)
	at org.testng.SuiteRunner.runSequentially(SuiteRunner.java:363)
	at org.testng.SuiteRunner.privateRun(SuiteRunner.java:321)
	at org.testng.SuiteRunner.run(SuiteRunner.java:270)
	at org.testng.SuiteRunnerWorker.runSuite(SuiteRunnerWorker.java:52)
	at org.testng.SuiteRunnerWorker.run(SuiteRunnerWorker.java:86)
	at org.testng.TestNG.runSuitesSequentially(TestNG.java:1284)
	at org.testng.TestNG.runSuitesLocally(TestNG.java:1209)
	at org.testng.TestNG.runSuites(TestNG.java:1124)
	at org.testng.TestNG.run(TestNG.java:1096)
	at org.testng.remote.AbstractRemoteTestNG.run(AbstractRemoteTestNG.java:132)
	at org.testng.remote.RemoteTestNG.initAndRun(RemoteTestNG.java:236)
	at org.testng.remote.RemoteTestNG.main(RemoteTestNG.java:81)
</pre></div></td>
<td>0</td>
<td>ItrTest_emptyList_add0A_A@2a5ca609</td></tr>
<tr>
<td title='ItrTest_emptyList_addA_A.testItrNextRemove_next()'><b>testItrNextRemove_next</b><br>Test class: ItrTest_emptyList_addA_A</td>
<td><div><pre>java.util.NoSuchElementException: ListIterator - next
	at IUArrayList$ListIterator.next(IUArrayList.java:363)
	at TestCase.next(TestCase.java:281)
	at ItrTest_emptyList_addA_A.testItrNextRemove_next(ItrTest_emptyList_addA_A.java:136)
... Removed 25 stack frames</pre></div><a href='#' onClick='toggleBox("stack-trace1136497418", this, "Click to show all stack frames", "Click to hide stack frames")'>Click to show all stack frames</a>
<div class='stack-trace' id='stack-trace1136497418'><pre>java.util.NoSuchElementException: ListIterator - next
	at IUArrayList$ListIterator.next(IUArrayList.java:363)
	at TestCase.next(TestCase.java:281)
	at ItrTest_emptyList_addA_A.testItrNextRemove_next(ItrTest_emptyList_addA_A.java:136)
	at sun.reflect.NativeMethodAccessorImpl.invoke0(Native Method)
	at sun.reflect.NativeMethodAccessorImpl.invoke(NativeMethodAccessorImpl.java:62)
	at sun.reflect.DelegatingMethodAccessorImpl.invoke(DelegatingMethodAccessorImpl.java:43)
	at java.lang.reflect.Method.invoke(Method.java:498)
	at org.testng.internal.MethodInvocationHelper.invokeMethod(MethodInvocationHelper.java:100)
	at org.testng.internal.Invoker.invokeMethod(Invoker.java:646)
	at org.testng.internal.Invoker.invokeTestMethod(Invoker.java:811)
	at org.testng.internal.Invoker.invokeTestMethods(Invoker.java:1137)
	at org.testng.internal.TestMethodWorker.invokeTestMethods(TestMethodWorker.java:129)
	at org.testng.internal.TestMethodWorker.run(TestMethodWorker.java:112)
	at org.testng.TestRunner.privateRun(TestRunner.java:753)
	at org.testng.TestRunner.run(TestRunner.java:607)
	at org.testng.SuiteRunner.runTest(SuiteRunner.java:368)
	at org.testng.SuiteRunner.runSequentially(SuiteRunner.java:363)
	at org.testng.SuiteRunner.privateRun(SuiteRunner.java:321)
	at org.testng.SuiteRunner.run(SuiteRunner.java:270)
	at org.testng.SuiteRunnerWorker.runSuite(SuiteRunnerWorker.java:52)
	at org.testng.SuiteRunnerWorker.run(SuiteRunnerWorker.java:86)
	at org.testng.TestNG.runSuitesSequentially(TestNG.java:1284)
	at org.testng.TestNG.runSuitesLocally(TestNG.java:1209)
	at org.testng.TestNG.runSuites(TestNG.java:1124)
	at org.testng.TestNG.run(TestNG.java:1096)
	at org.testng.remote.AbstractRemoteTestNG.run(AbstractRemoteTestNG.java:132)
	at org.testng.remote.RemoteTestNG.initAndRun(RemoteTestNG.java:236)
	at org.testng.remote.RemoteTestNG.main(RemoteTestNG.java:81)
</pre></div></td>
<td>0</td>
<td>ItrTest_emptyList_addA_A@20e2cbe0</td></tr>
<tr>
<td title='ItrTest_emptyList_addToFrontA_A.testItrNextRemove_next()'><b>testItrNextRemove_next</b><br>Test class: ItrTest_emptyList_addToFrontA_A</td>
<td><div><pre>java.util.NoSuchElementException: ListIterator - next
	at IUArrayList$ListIterator.next(IUArrayList.java:363)
	at TestCase.next(TestCase.java:281)
	at ItrTest_emptyList_addToFrontA_A.testItrNextRemove_next(ItrTest_emptyList_addToFrontA_A.java:136)
... Removed 25 stack frames</pre></div><a href='#' onClick='toggleBox("stack-trace681384962", this, "Click to show all stack frames", "Click to hide stack frames")'>Click to show all stack frames</a>
<div class='stack-trace' id='stack-trace681384962'><pre>java.util.NoSuchElementException: ListIterator - next
	at IUArrayList$ListIterator.next(IUArrayList.java:363)
	at TestCase.next(TestCase.java:281)
	at ItrTest_emptyList_addToFrontA_A.testItrNextRemove_next(ItrTest_emptyList_addToFrontA_A.java:136)
	at sun.reflect.NativeMethodAccessorImpl.invoke0(Native Method)
	at sun.reflect.NativeMethodAccessorImpl.invoke(NativeMethodAccessorImpl.java:62)
	at sun.reflect.DelegatingMethodAccessorImpl.invoke(DelegatingMethodAccessorImpl.java:43)
	at java.lang.reflect.Method.invoke(Method.java:498)
	at org.testng.internal.MethodInvocationHelper.invokeMethod(MethodInvocationHelper.java:100)
	at org.testng.internal.Invoker.invokeMethod(Invoker.java:646)
	at org.testng.internal.Invoker.invokeTestMethod(Invoker.java:811)
	at org.testng.internal.Invoker.invokeTestMethods(Invoker.java:1137)
	at org.testng.internal.TestMethodWorker.invokeTestMethods(TestMethodWorker.java:129)
	at org.testng.internal.TestMethodWorker.run(TestMethodWorker.java:112)
	at org.testng.TestRunner.privateRun(TestRunner.java:753)
	at org.testng.TestRunner.run(TestRunner.java:607)
	at org.testng.SuiteRunner.runTest(SuiteRunner.java:368)
	at org.testng.SuiteRunner.runSequentially(SuiteRunner.java:363)
	at org.testng.SuiteRunner.privateRun(SuiteRunner.java:321)
	at org.testng.SuiteRunner.run(SuiteRunner.java:270)
	at org.testng.SuiteRunnerWorker.runSuite(SuiteRunnerWorker.java:52)
	at org.testng.SuiteRunnerWorker.run(SuiteRunnerWorker.java:86)
	at org.testng.TestNG.runSuitesSequentially(TestNG.java:1284)
	at org.testng.TestNG.runSuitesLocally(TestNG.java:1209)
	at org.testng.TestNG.runSuites(TestNG.java:1124)
	at org.testng.TestNG.run(TestNG.java:1096)
	at org.testng.remote.AbstractRemoteTestNG.run(AbstractRemoteTestNG.java:132)
	at org.testng.remote.RemoteTestNG.initAndRun(RemoteTestNG.java:236)
	at org.testng.remote.RemoteTestNG.main(RemoteTestNG.java:81)
</pre></div></td>
<td>0</td>
<td>ItrTest_emptyList_addToFrontA_A@68be2bc2</td></tr>
<tr>
<td title='ItrTest_emptyList_addToRearA_A.testItrNextRemove_next()'><b>testItrNextRemove_next</b><br>Test class: ItrTest_emptyList_addToRearA_A</td>
<td><div><pre>java.util.NoSuchElementException: ListIterator - next
	at IUArrayList$ListIterator.next(IUArrayList.java:363)
	at TestCase.next(TestCase.java:281)
	at ItrTest_emptyList_addToRearA_A.testItrNextRemove_next(ItrTest_emptyList_addToRearA_A.java:136)
... Removed 25 stack frames</pre></div><a href='#' onClick='toggleBox("stack-trace1160003871", this, "Click to show all stack frames", "Click to hide stack frames")'>Click to show all stack frames</a>
<div class='stack-trace' id='stack-trace1160003871'><pre>java.util.NoSuchElementException: ListIterator - next
	at IUArrayList$ListIterator.next(IUArrayList.java:363)
	at TestCase.next(TestCase.java:281)
	at ItrTest_emptyList_addToRearA_A.testItrNextRemove_next(ItrTest_emptyList_addToRearA_A.java:136)
	at sun.reflect.NativeMethodAccessorImpl.invoke0(Native Method)
	at sun.reflect.NativeMethodAccessorImpl.invoke(NativeMethodAccessorImpl.java:62)
	at sun.reflect.DelegatingMethodAccessorImpl.invoke(DelegatingMethodAccessorImpl.java:43)
	at java.lang.reflect.Method.invoke(Method.java:498)
	at org.testng.internal.MethodInvocationHelper.invokeMethod(MethodInvocationHelper.java:100)
	at org.testng.internal.Invoker.invokeMethod(Invoker.java:646)
	at org.testng.internal.Invoker.invokeTestMethod(Invoker.java:811)
	at org.testng.internal.Invoker.invokeTestMethods(Invoker.java:1137)
	at org.testng.internal.TestMethodWorker.invokeTestMethods(TestMethodWorker.java:129)
	at org.testng.internal.TestMethodWorker.run(TestMethodWorker.java:112)
	at org.testng.TestRunner.privateRun(TestRunner.java:753)
	at org.testng.TestRunner.run(TestRunner.java:607)
	at org.testng.SuiteRunner.runTest(SuiteRunner.java:368)
	at org.testng.SuiteRunner.runSequentially(SuiteRunner.java:363)
	at org.testng.SuiteRunner.privateRun(SuiteRunner.java:321)
	at org.testng.SuiteRunner.run(SuiteRunner.java:270)
	at org.testng.SuiteRunnerWorker.runSuite(SuiteRunnerWorker.java:52)
	at org.testng.SuiteRunnerWorker.run(SuiteRunnerWorker.java:86)
	at org.testng.TestNG.runSuitesSequentially(TestNG.java:1284)
	at org.testng.TestNG.runSuitesLocally(TestNG.java:1209)
	at org.testng.TestNG.runSuites(TestNG.java:1124)
	at org.testng.TestNG.run(TestNG.java:1096)
	at org.testng.remote.AbstractRemoteTestNG.run(AbstractRemoteTestNG.java:132)
	at org.testng.remote.RemoteTestNG.initAndRun(RemoteTestNG.java:236)
	at org.testng.remote.RemoteTestNG.main(RemoteTestNG.java:81)
</pre></div></td>
<td>0</td>
<td>ItrTest_emptyList_addToRearA_A@28feb3fa</td></tr>
<tr>
<td title='ItrTest_A_set0B_B.testItrNextRemove_remove()'><b>testItrNextRemove_remove</b><br>Test class: ItrTest_A_set0B_B</td>
<td><div><pre>java.lang.IllegalStateException: ListIterator - remove
	at IUArrayList$ListIterator.remove(IUArrayList.java:381)
	at TestCase.remove(TestCase.java:291)
	at ItrTest_A_set0B_B.testItrNextRemove_remove(ItrTest_A_set0B_B.java:147)
... Removed 25 stack frames</pre></div><a href='#' onClick='toggleBox("stack-trace1132547352", this, "Click to show all stack frames", "Click to hide stack frames")'>Click to show all stack frames</a>
<div class='stack-trace' id='stack-trace1132547352'><pre>java.lang.IllegalStateException: ListIterator - remove
	at IUArrayList$ListIterator.remove(IUArrayList.java:381)
	at TestCase.remove(TestCase.java:291)
	at ItrTest_A_set0B_B.testItrNextRemove_remove(ItrTest_A_set0B_B.java:147)
	at sun.reflect.NativeMethodAccessorImpl.invoke0(Native Method)
	at sun.reflect.NativeMethodAccessorImpl.invoke(NativeMethodAccessorImpl.java:62)
	at sun.reflect.DelegatingMethodAccessorImpl.invoke(DelegatingMethodAccessorImpl.java:43)
	at java.lang.reflect.Method.invoke(Method.java:498)
	at org.testng.internal.MethodInvocationHelper.invokeMethod(MethodInvocationHelper.java:100)
	at org.testng.internal.Invoker.invokeMethod(Invoker.java:646)
	at org.testng.internal.Invoker.invokeTestMethod(Invoker.java:811)
	at org.testng.internal.Invoker.invokeTestMethods(Invoker.java:1137)
	at org.testng.internal.TestMethodWorker.invokeTestMethods(TestMethodWorker.java:129)
	at org.testng.internal.TestMethodWorker.run(TestMethodWorker.java:112)
	at org.testng.TestRunner.privateRun(TestRunner.java:753)
	at org.testng.TestRunner.run(TestRunner.java:607)
	at org.testng.SuiteRunner.runTest(SuiteRunner.java:368)
	at org.testng.SuiteRunner.runSequentially(SuiteRunner.java:363)
	at org.testng.SuiteRunner.privateRun(SuiteRunner.java:321)
	at org.testng.SuiteRunner.run(SuiteRunner.java:270)
	at org.testng.SuiteRunnerWorker.runSuite(SuiteRunnerWorker.java:52)
	at org.testng.SuiteRunnerWorker.run(SuiteRunnerWorker.java:86)
	at org.testng.TestNG.runSuitesSequentially(TestNG.java:1284)
	at org.testng.TestNG.runSuitesLocally(TestNG.java:1209)
	at org.testng.TestNG.runSuites(TestNG.java:1124)
	at org.testng.TestNG.run(TestNG.java:1096)
	at org.testng.remote.AbstractRemoteTestNG.run(AbstractRemoteTestNG.java:132)
	at org.testng.remote.RemoteTestNG.initAndRun(RemoteTestNG.java:236)
	at org.testng.remote.RemoteTestNG.main(RemoteTestNG.java:81)
</pre></div></td>
<td>0</td>
<td>ItrTest_A_set0B_B@7dc7cbad</td></tr>
<tr>
<td title='ItrTest_AB_removeA_B.testItrNextRemove_remove()'><b>testItrNextRemove_remove</b><br>Test class: ItrTest_AB_removeA_B</td>
<td><div><pre>java.lang.IllegalStateException: ListIterator - remove
	at IUArrayList$ListIterator.remove(IUArrayList.java:381)
	at TestCase.remove(TestCase.java:291)
	at ItrTest_AB_removeA_B.testItrNextRemove_remove(ItrTest_AB_removeA_B.java:148)
... Removed 25 stack frames</pre></div><a href='#' onClick='toggleBox("stack-trace36333492", this, "Click to show all stack frames", "Click to hide stack frames")'>Click to show all stack frames</a>
<div class='stack-trace' id='stack-trace36333492'><pre>java.lang.IllegalStateException: ListIterator - remove
	at IUArrayList$ListIterator.remove(IUArrayList.java:381)
	at TestCase.remove(TestCase.java:291)
	at ItrTest_AB_removeA_B.testItrNextRemove_remove(ItrTest_AB_removeA_B.java:148)
	at sun.reflect.NativeMethodAccessorImpl.invoke0(Native Method)
	at sun.reflect.NativeMethodAccessorImpl.invoke(NativeMethodAccessorImpl.java:62)
	at sun.reflect.DelegatingMethodAccessorImpl.invoke(DelegatingMethodAccessorImpl.java:43)
	at java.lang.reflect.Method.invoke(Method.java:498)
	at org.testng.internal.MethodInvocationHelper.invokeMethod(MethodInvocationHelper.java:100)
	at org.testng.internal.Invoker.invokeMethod(Invoker.java:646)
	at org.testng.internal.Invoker.invokeTestMethod(Invoker.java:811)
	at org.testng.internal.Invoker.invokeTestMethods(Invoker.java:1137)
	at org.testng.internal.TestMethodWorker.invokeTestMethods(TestMethodWorker.java:129)
	at org.testng.internal.TestMethodWorker.run(TestMethodWorker.java:112)
	at org.testng.TestRunner.privateRun(TestRunner.java:753)
	at org.testng.TestRunner.run(TestRunner.java:607)
	at org.testng.SuiteRunner.runTest(SuiteRunner.java:368)
	at org.testng.SuiteRunner.runSequentially(SuiteRunner.java:363)
	at org.testng.SuiteRunner.privateRun(SuiteRunner.java:321)
	at org.testng.SuiteRunner.run(SuiteRunner.java:270)
	at org.testng.SuiteRunnerWorker.runSuite(SuiteRunnerWorker.java:52)
	at org.testng.SuiteRunnerWorker.run(SuiteRunnerWorker.java:86)
	at org.testng.TestNG.runSuitesSequentially(TestNG.java:1284)
	at org.testng.TestNG.runSuitesLocally(TestNG.java:1209)
	at org.testng.TestNG.runSuites(TestNG.java:1124)
	at org.testng.TestNG.run(TestNG.java:1096)
	at org.testng.remote.AbstractRemoteTestNG.run(AbstractRemoteTestNG.java:132)
	at org.testng.remote.RemoteTestNG.initAndRun(RemoteTestNG.java:236)
	at org.testng.remote.RemoteTestNG.main(RemoteTestNG.java:81)
</pre></div></td>
<td>0</td>
<td>ItrTest_AB_removeA_B@d2cc05a</td></tr>
<tr>
<td title='ItrTest_AB_removeFirst_B.testItrNextRemove_remove()'><b>testItrNextRemove_remove</b><br>Test class: ItrTest_AB_removeFirst_B</td>
<td><div><pre>java.lang.IllegalStateException: ListIterator - remove
	at IUArrayList$ListIterator.remove(IUArrayList.java:381)
	at TestCase.remove(TestCase.java:291)
	at ItrTest_AB_removeFirst_B.testItrNextRemove_remove(ItrTest_AB_removeFirst_B.java:148)
... Removed 25 stack frames</pre></div><a href='#' onClick='toggleBox("stack-trace510464020", this, "Click to show all stack frames", "Click to hide stack frames")'>Click to show all stack frames</a>
<div class='stack-trace' id='stack-trace510464020'><pre>java.lang.IllegalStateException: ListIterator - remove
	at IUArrayList$ListIterator.remove(IUArrayList.java:381)
	at TestCase.remove(TestCase.java:291)
	at ItrTest_AB_removeFirst_B.testItrNextRemove_remove(ItrTest_AB_removeFirst_B.java:148)
	at sun.reflect.NativeMethodAccessorImpl.invoke0(Native Method)
	at sun.reflect.NativeMethodAccessorImpl.invoke(NativeMethodAccessorImpl.java:62)
	at sun.reflect.DelegatingMethodAccessorImpl.invoke(DelegatingMethodAccessorImpl.java:43)
	at java.lang.reflect.Method.invoke(Method.java:498)
	at org.testng.internal.MethodInvocationHelper.invokeMethod(MethodInvocationHelper.java:100)
	at org.testng.internal.Invoker.invokeMethod(Invoker.java:646)
	at org.testng.internal.Invoker.invokeTestMethod(Invoker.java:811)
	at org.testng.internal.Invoker.invokeTestMethods(Invoker.java:1137)
	at org.testng.internal.TestMethodWorker.invokeTestMethods(TestMethodWorker.java:129)
	at org.testng.internal.TestMethodWorker.run(TestMethodWorker.java:112)
	at org.testng.TestRunner.privateRun(TestRunner.java:753)
	at org.testng.TestRunner.run(TestRunner.java:607)
	at org.testng.SuiteRunner.runTest(SuiteRunner.java:368)
	at org.testng.SuiteRunner.runSequentially(SuiteRunner.java:363)
	at org.testng.SuiteRunner.privateRun(SuiteRunner.java:321)
	at org.testng.SuiteRunner.run(SuiteRunner.java:270)
	at org.testng.SuiteRunnerWorker.runSuite(SuiteRunnerWorker.java:52)
	at org.testng.SuiteRunnerWorker.run(SuiteRunnerWorker.java:86)
	at org.testng.TestNG.runSuitesSequentially(TestNG.java:1284)
	at org.testng.TestNG.runSuitesLocally(TestNG.java:1209)
	at org.testng.TestNG.runSuites(TestNG.java:1124)
	at org.testng.TestNG.run(TestNG.java:1096)
	at org.testng.remote.AbstractRemoteTestNG.run(AbstractRemoteTestNG.java:132)
	at org.testng.remote.RemoteTestNG.initAndRun(RemoteTestNG.java:236)
	at org.testng.remote.RemoteTestNG.main(RemoteTestNG.java:81)
</pre></div></td>
<td>0</td>
<td>ItrTest_AB_removeFirst_B@4f933fd1</td></tr>
<tr>
<td title='ItrTest_AB_removeLast_A.testItrNextRemove_remove()'><b>testItrNextRemove_remove</b><br>Test class: ItrTest_AB_removeLast_A</td>
<td><div><pre>java.lang.IllegalStateException: ListIterator - remove
	at IUArrayList$ListIterator.remove(IUArrayList.java:381)
	at TestCase.remove(TestCase.java:291)
	at ItrTest_AB_removeLast_A.testItrNextRemove_remove(ItrTest_AB_removeLast_A.java:148)
... Removed 25 stack frames</pre></div><a href='#' onClick='toggleBox("stack-trace527446182", this, "Click to show all stack frames", "Click to hide stack frames")'>Click to show all stack frames</a>
<div class='stack-trace' id='stack-trace527446182'><pre>java.lang.IllegalStateException: ListIterator - remove
	at IUArrayList$ListIterator.remove(IUArrayList.java:381)
	at TestCase.remove(TestCase.java:291)
	at ItrTest_AB_removeLast_A.testItrNextRemove_remove(ItrTest_AB_removeLast_A.java:148)
	at sun.reflect.NativeMethodAccessorImpl.invoke0(Native Method)
	at sun.reflect.NativeMethodAccessorImpl.invoke(NativeMethodAccessorImpl.java:62)
	at sun.reflect.DelegatingMethodAccessorImpl.invoke(DelegatingMethodAccessorImpl.java:43)
	at java.lang.reflect.Method.invoke(Method.java:498)
	at org.testng.internal.MethodInvocationHelper.invokeMethod(MethodInvocationHelper.java:100)
	at org.testng.internal.Invoker.invokeMethod(Invoker.java:646)
	at org.testng.internal.Invoker.invokeTestMethod(Invoker.java:811)
	at org.testng.internal.Invoker.invokeTestMethods(Invoker.java:1137)
	at org.testng.internal.TestMethodWorker.invokeTestMethods(TestMethodWorker.java:129)
	at org.testng.internal.TestMethodWorker.run(TestMethodWorker.java:112)
	at org.testng.TestRunner.privateRun(TestRunner.java:753)
	at org.testng.TestRunner.run(TestRunner.java:607)
	at org.testng.SuiteRunner.runTest(SuiteRunner.java:368)
	at org.testng.SuiteRunner.runSequentially(SuiteRunner.java:363)
	at org.testng.SuiteRunner.privateRun(SuiteRunner.java:321)
	at org.testng.SuiteRunner.run(SuiteRunner.java:270)
	at org.testng.SuiteRunnerWorker.runSuite(SuiteRunnerWorker.java:52)
	at org.testng.SuiteRunnerWorker.run(SuiteRunnerWorker.java:86)
	at org.testng.TestNG.runSuitesSequentially(TestNG.java:1284)
	at org.testng.TestNG.runSuitesLocally(TestNG.java:1209)
	at org.testng.TestNG.runSuites(TestNG.java:1124)
	at org.testng.TestNG.run(TestNG.java:1096)
	at org.testng.remote.AbstractRemoteTestNG.run(AbstractRemoteTestNG.java:132)
	at org.testng.remote.RemoteTestNG.initAndRun(RemoteTestNG.java:236)
	at org.testng.remote.RemoteTestNG.main(RemoteTestNG.java:81)
</pre></div></td>
<td>0</td>
<td>ItrTest_AB_removeLast_A@548a9f61</td></tr>
<tr>
<td title='ItrTest_A_addToFrontB_BA.testItrNextRemove_remove()'><b>testItrNextRemove_remove</b><br>Test class: ItrTest_A_addToFrontB_BA</td>
<td><div><pre>java.lang.IllegalStateException: ListIterator - remove
	at IUArrayList$ListIterator.remove(IUArrayList.java:381)
	at TestCase.remove(TestCase.java:291)
	at ItrTest_A_addToFrontB_BA.testItrNextRemove_remove(ItrTest_A_addToFrontB_BA.java:179)
... Removed 25 stack frames</pre></div><a href='#' onClick='toggleBox("stack-trace1384722895", this, "Click to show all stack frames", "Click to hide stack frames")'>Click to show all stack frames</a>
<div class='stack-trace' id='stack-trace1384722895'><pre>java.lang.IllegalStateException: ListIterator - remove
	at IUArrayList$ListIterator.remove(IUArrayList.java:381)
	at TestCase.remove(TestCase.java:291)
	at ItrTest_A_addToFrontB_BA.testItrNextRemove_remove(ItrTest_A_addToFrontB_BA.java:179)
	at sun.reflect.NativeMethodAccessorImpl.invoke0(Native Method)
	at sun.reflect.NativeMethodAccessorImpl.invoke(NativeMethodAccessorImpl.java:62)
	at sun.reflect.DelegatingMethodAccessorImpl.invoke(DelegatingMethodAccessorImpl.java:43)
	at java.lang.reflect.Method.invoke(Method.java:498)
	at org.testng.internal.MethodInvocationHelper.invokeMethod(MethodInvocationHelper.java:100)
	at org.testng.internal.Invoker.invokeMethod(Invoker.java:646)
	at org.testng.internal.Invoker.invokeTestMethod(Invoker.java:811)
	at org.testng.internal.Invoker.invokeTestMethods(Invoker.java:1137)
	at org.testng.internal.TestMethodWorker.invokeTestMethods(TestMethodWorker.java:129)
	at org.testng.internal.TestMethodWorker.run(TestMethodWorker.java:112)
	at org.testng.TestRunner.privateRun(TestRunner.java:753)
	at org.testng.TestRunner.run(TestRunner.java:607)
	at org.testng.SuiteRunner.runTest(SuiteRunner.java:368)
	at org.testng.SuiteRunner.runSequentially(SuiteRunner.java:363)
	at org.testng.SuiteRunner.privateRun(SuiteRunner.java:321)
	at org.testng.SuiteRunner.run(SuiteRunner.java:270)
	at org.testng.SuiteRunnerWorker.runSuite(SuiteRunnerWorker.java:52)
	at org.testng.SuiteRunnerWorker.run(SuiteRunnerWorker.java:86)
	at org.testng.TestNG.runSuitesSequentially(TestNG.java:1284)
	at org.testng.TestNG.runSuitesLocally(TestNG.java:1209)
	at org.testng.TestNG.runSuites(TestNG.java:1124)
	at org.testng.TestNG.run(TestNG.java:1096)
	at org.testng.remote.AbstractRemoteTestNG.run(AbstractRemoteTestNG.java:132)
	at org.testng.remote.RemoteTestNG.initAndRun(RemoteTestNG.java:236)
	at org.testng.remote.RemoteTestNG.main(RemoteTestNG.java:81)
</pre></div></td>
<td>0</td>
<td>ItrTest_A_addToFrontB_BA@1753acfe</td></tr>
<tr>
<td title='ItrTest_A_addToRearB_AB.testItrNextRemove_remove()'><b>testItrNextRemove_remove</b><br>Test class: ItrTest_A_addToRearB_AB</td>
<td><div><pre>java.lang.IllegalStateException: ListIterator - remove
	at IUArrayList$ListIterator.remove(IUArrayList.java:381)
	at TestCase.remove(TestCase.java:291)
	at ItrTest_A_addToRearB_AB.testItrNextRemove_remove(ItrTest_A_addToRearB_AB.java:179)
... Removed 25 stack frames</pre></div><a href='#' onClick='toggleBox("stack-trace662736689", this, "Click to show all stack frames", "Click to hide stack frames")'>Click to show all stack frames</a>
<div class='stack-trace' id='stack-trace662736689'><pre>java.lang.IllegalStateException: ListIterator - remove
	at IUArrayList$ListIterator.remove(IUArrayList.java:381)
	at TestCase.remove(TestCase.java:291)
	at ItrTest_A_addToRearB_AB.testItrNextRemove_remove(ItrTest_A_addToRearB_AB.java:179)
	at sun.reflect.NativeMethodAccessorImpl.invoke0(Native Method)
	at sun.reflect.NativeMethodAccessorImpl.invoke(NativeMethodAccessorImpl.java:62)
	at sun.reflect.DelegatingMethodAccessorImpl.invoke(DelegatingMethodAccessorImpl.java:43)
	at java.lang.reflect.Method.invoke(Method.java:498)
	at org.testng.internal.MethodInvocationHelper.invokeMethod(MethodInvocationHelper.java:100)
	at org.testng.internal.Invoker.invokeMethod(Invoker.java:646)
	at org.testng.internal.Invoker.invokeTestMethod(Invoker.java:811)
	at org.testng.internal.Invoker.invokeTestMethods(Invoker.java:1137)
	at org.testng.internal.TestMethodWorker.invokeTestMethods(TestMethodWorker.java:129)
	at org.testng.internal.TestMethodWorker.run(TestMethodWorker.java:112)
	at org.testng.TestRunner.privateRun(TestRunner.java:753)
	at org.testng.TestRunner.run(TestRunner.java:607)
	at org.testng.SuiteRunner.runTest(SuiteRunner.java:368)
	at org.testng.SuiteRunner.runSequentially(SuiteRunner.java:363)
	at org.testng.SuiteRunner.privateRun(SuiteRunner.java:321)
	at org.testng.SuiteRunner.run(SuiteRunner.java:270)
	at org.testng.SuiteRunnerWorker.runSuite(SuiteRunnerWorker.java:52)
	at org.testng.SuiteRunnerWorker.run(SuiteRunnerWorker.java:86)
	at org.testng.TestNG.runSuitesSequentially(TestNG.java:1284)
	at org.testng.TestNG.runSuitesLocally(TestNG.java:1209)
	at org.testng.TestNG.runSuites(TestNG.java:1124)
	at org.testng.TestNG.run(TestNG.java:1096)
	at org.testng.remote.AbstractRemoteTestNG.run(AbstractRemoteTestNG.java:132)
	at org.testng.remote.RemoteTestNG.initAndRun(RemoteTestNG.java:236)
	at org.testng.remote.RemoteTestNG.main(RemoteTestNG.java:81)
</pre></div></td>
<td>0</td>
<td>ItrTest_A_addToRearB_AB@7c16905e</td></tr>
<tr>
<td title='ItrTest_ABC_remove1_AC.testItrNextRemove_remove()'><b>testItrNextRemove_remove</b><br>Test class: ItrTest_ABC_remove1_AC</td>
<td><div><pre>java.lang.IllegalStateException: ListIterator - remove
	at IUArrayList$ListIterator.remove(IUArrayList.java:381)
	at TestCase.remove(TestCase.java:291)
	at ItrTest_ABC_remove1_AC.testItrNextRemove_remove(ItrTest_ABC_remove1_AC.java:182)
... Removed 25 stack frames</pre></div><a href='#' onClick='toggleBox("stack-trace99451533", this, "Click to show all stack frames", "Click to hide stack frames")'>Click to show all stack frames</a>
<div class='stack-trace' id='stack-trace99451533'><pre>java.lang.IllegalStateException: ListIterator - remove
	at IUArrayList$ListIterator.remove(IUArrayList.java:381)
	at TestCase.remove(TestCase.java:291)
	at ItrTest_ABC_remove1_AC.testItrNextRemove_remove(ItrTest_ABC_remove1_AC.java:182)
	at sun.reflect.NativeMethodAccessorImpl.invoke0(Native Method)
	at sun.reflect.NativeMethodAccessorImpl.invoke(NativeMethodAccessorImpl.java:62)
	at sun.reflect.DelegatingMethodAccessorImpl.invoke(DelegatingMethodAccessorImpl.java:43)
	at java.lang.reflect.Method.invoke(Method.java:498)
	at org.testng.internal.MethodInvocationHelper.invokeMethod(MethodInvocationHelper.java:100)
	at org.testng.internal.Invoker.invokeMethod(Invoker.java:646)
	at org.testng.internal.Invoker.invokeTestMethod(Invoker.java:811)
	at org.testng.internal.Invoker.invokeTestMethods(Invoker.java:1137)
	at org.testng.internal.TestMethodWorker.invokeTestMethods(TestMethodWorker.java:129)
	at org.testng.internal.TestMethodWorker.run(TestMethodWorker.java:112)
	at org.testng.TestRunner.privateRun(TestRunner.java:753)
	at org.testng.TestRunner.run(TestRunner.java:607)
	at org.testng.SuiteRunner.runTest(SuiteRunner.java:368)
	at org.testng.SuiteRunner.runSequentially(SuiteRunner.java:363)
	at org.testng.SuiteRunner.privateRun(SuiteRunner.java:321)
	at org.testng.SuiteRunner.run(SuiteRunner.java:270)
	at org.testng.SuiteRunnerWorker.runSuite(SuiteRunnerWorker.java:52)
	at org.testng.SuiteRunnerWorker.run(SuiteRunnerWorker.java:86)
	at org.testng.TestNG.runSuitesSequentially(TestNG.java:1284)
	at org.testng.TestNG.runSuitesLocally(TestNG.java:1209)
	at org.testng.TestNG.runSuites(TestNG.java:1124)
	at org.testng.TestNG.run(TestNG.java:1096)
	at org.testng.remote.AbstractRemoteTestNG.run(AbstractRemoteTestNG.java:132)
	at org.testng.remote.RemoteTestNG.initAndRun(RemoteTestNG.java:236)
	at org.testng.remote.RemoteTestNG.main(RemoteTestNG.java:81)
</pre></div></td>
<td>0</td>
<td>ItrTest_ABC_remove1_AC@2a2d45ba</td></tr>
<tr>
<td title='ItrTest_emptyList_add0A_A.testItrNextRemove_remove()'><b>testItrNextRemove_remove</b><br>Test class: ItrTest_emptyList_add0A_A</td>
<td><div><pre>java.lang.IllegalStateException: ListIterator - remove
	at IUArrayList$ListIterator.remove(IUArrayList.java:381)
	at TestCase.remove(TestCase.java:291)
	at ItrTest_emptyList_add0A_A.testItrNextRemove_remove(ItrTest_emptyList_add0A_A.java:147)
... Removed 25 stack frames</pre></div><a href='#' onClick='toggleBox("stack-trace1226622409", this, "Click to show all stack frames", "Click to hide stack frames")'>Click to show all stack frames</a>
<div class='stack-trace' id='stack-trace1226622409'><pre>java.lang.IllegalStateException: ListIterator - remove
	at IUArrayList$ListIterator.remove(IUArrayList.java:381)
	at TestCase.remove(TestCase.java:291)
	at ItrTest_emptyList_add0A_A.testItrNextRemove_remove(ItrTest_emptyList_add0A_A.java:147)
	at sun.reflect.NativeMethodAccessorImpl.invoke0(Native Method)
	at sun.reflect.NativeMethodAccessorImpl.invoke(NativeMethodAccessorImpl.java:62)
	at sun.reflect.DelegatingMethodAccessorImpl.invoke(DelegatingMethodAccessorImpl.java:43)
	at java.lang.reflect.Method.invoke(Method.java:498)
	at org.testng.internal.MethodInvocationHelper.invokeMethod(MethodInvocationHelper.java:100)
	at org.testng.internal.Invoker.invokeMethod(Invoker.java:646)
	at org.testng.internal.Invoker.invokeTestMethod(Invoker.java:811)
	at org.testng.internal.Invoker.invokeTestMethods(Invoker.java:1137)
	at org.testng.internal.TestMethodWorker.invokeTestMethods(TestMethodWorker.java:129)
	at org.testng.internal.TestMethodWorker.run(TestMethodWorker.java:112)
	at org.testng.TestRunner.privateRun(TestRunner.java:753)
	at org.testng.TestRunner.run(TestRunner.java:607)
	at org.testng.SuiteRunner.runTest(SuiteRunner.java:368)
	at org.testng.SuiteRunner.runSequentially(SuiteRunner.java:363)
	at org.testng.SuiteRunner.privateRun(SuiteRunner.java:321)
	at org.testng.SuiteRunner.run(SuiteRunner.java:270)
	at org.testng.SuiteRunnerWorker.runSuite(SuiteRunnerWorker.java:52)
	at org.testng.SuiteRunnerWorker.run(SuiteRunnerWorker.java:86)
	at org.testng.TestNG.runSuitesSequentially(TestNG.java:1284)
	at org.testng.TestNG.runSuitesLocally(TestNG.java:1209)
	at org.testng.TestNG.runSuites(TestNG.java:1124)
	at org.testng.TestNG.run(TestNG.java:1096)
	at org.testng.remote.AbstractRemoteTestNG.run(AbstractRemoteTestNG.java:132)
	at org.testng.remote.RemoteTestNG.initAndRun(RemoteTestNG.java:236)
	at org.testng.remote.RemoteTestNG.main(RemoteTestNG.java:81)
</pre></div></td>
<td>0</td>
<td>ItrTest_emptyList_add0A_A@2a5ca609</td></tr>
<tr>
<td title='ItrTest_emptyList_addA_A.testItrNextRemove_remove()'><b>testItrNextRemove_remove</b><br>Test class: ItrTest_emptyList_addA_A</td>
<td><div><pre>java.lang.IllegalStateException: ListIterator - remove
	at IUArrayList$ListIterator.remove(IUArrayList.java:381)
	at TestCase.remove(TestCase.java:291)
	at ItrTest_emptyList_addA_A.testItrNextRemove_remove(ItrTest_emptyList_addA_A.java:147)
... Removed 25 stack frames</pre></div><a href='#' onClick='toggleBox("stack-trace1429880200", this, "Click to show all stack frames", "Click to hide stack frames")'>Click to show all stack frames</a>
<div class='stack-trace' id='stack-trace1429880200'><pre>java.lang.IllegalStateException: ListIterator - remove
	at IUArrayList$ListIterator.remove(IUArrayList.java:381)
	at TestCase.remove(TestCase.java:291)
	at ItrTest_emptyList_addA_A.testItrNextRemove_remove(ItrTest_emptyList_addA_A.java:147)
	at sun.reflect.NativeMethodAccessorImpl.invoke0(Native Method)
	at sun.reflect.NativeMethodAccessorImpl.invoke(NativeMethodAccessorImpl.java:62)
	at sun.reflect.DelegatingMethodAccessorImpl.invoke(DelegatingMethodAccessorImpl.java:43)
	at java.lang.reflect.Method.invoke(Method.java:498)
	at org.testng.internal.MethodInvocationHelper.invokeMethod(MethodInvocationHelper.java:100)
	at org.testng.internal.Invoker.invokeMethod(Invoker.java:646)
	at org.testng.internal.Invoker.invokeTestMethod(Invoker.java:811)
	at org.testng.internal.Invoker.invokeTestMethods(Invoker.java:1137)
	at org.testng.internal.TestMethodWorker.invokeTestMethods(TestMethodWorker.java:129)
	at org.testng.internal.TestMethodWorker.run(TestMethodWorker.java:112)
	at org.testng.TestRunner.privateRun(TestRunner.java:753)
	at org.testng.TestRunner.run(TestRunner.java:607)
	at org.testng.SuiteRunner.runTest(SuiteRunner.java:368)
	at org.testng.SuiteRunner.runSequentially(SuiteRunner.java:363)
	at org.testng.SuiteRunner.privateRun(SuiteRunner.java:321)
	at org.testng.SuiteRunner.run(SuiteRunner.java:270)
	at org.testng.SuiteRunnerWorker.runSuite(SuiteRunnerWorker.java:52)
	at org.testng.SuiteRunnerWorker.run(SuiteRunnerWorker.java:86)
	at org.testng.TestNG.runSuitesSequentially(TestNG.java:1284)
	at org.testng.TestNG.runSuitesLocally(TestNG.java:1209)
	at org.testng.TestNG.runSuites(TestNG.java:1124)
	at org.testng.TestNG.run(TestNG.java:1096)
	at org.testng.remote.AbstractRemoteTestNG.run(AbstractRemoteTestNG.java:132)
	at org.testng.remote.RemoteTestNG.initAndRun(RemoteTestNG.java:236)
	at org.testng.remote.RemoteTestNG.main(RemoteTestNG.java:81)
</pre></div></td>
<td>0</td>
<td>ItrTest_emptyList_addA_A@20e2cbe0</td></tr>
<tr>
<td title='ItrTest_emptyList_addToFrontA_A.testItrNextRemove_remove()'><b>testItrNextRemove_remove</b><br>Test class: ItrTest_emptyList_addToFrontA_A</td>
<td><div><pre>java.lang.IllegalStateException: ListIterator - remove
	at IUArrayList$ListIterator.remove(IUArrayList.java:381)
	at TestCase.remove(TestCase.java:291)
	at ItrTest_emptyList_addToFrontA_A.testItrNextRemove_remove(ItrTest_emptyList_addToFrontA_A.java:147)
... Removed 25 stack frames</pre></div><a href='#' onClick='toggleBox("stack-trace949057310", this, "Click to show all stack frames", "Click to hide stack frames")'>Click to show all stack frames</a>
<div class='stack-trace' id='stack-trace949057310'><pre>java.lang.IllegalStateException: ListIterator - remove
	at IUArrayList$ListIterator.remove(IUArrayList.java:381)
	at TestCase.remove(TestCase.java:291)
	at ItrTest_emptyList_addToFrontA_A.testItrNextRemove_remove(ItrTest_emptyList_addToFrontA_A.java:147)
	at sun.reflect.NativeMethodAccessorImpl.invoke0(Native Method)
	at sun.reflect.NativeMethodAccessorImpl.invoke(NativeMethodAccessorImpl.java:62)
	at sun.reflect.DelegatingMethodAccessorImpl.invoke(DelegatingMethodAccessorImpl.java:43)
	at java.lang.reflect.Method.invoke(Method.java:498)
	at org.testng.internal.MethodInvocationHelper.invokeMethod(MethodInvocationHelper.java:100)
	at org.testng.internal.Invoker.invokeMethod(Invoker.java:646)
	at org.testng.internal.Invoker.invokeTestMethod(Invoker.java:811)
	at org.testng.internal.Invoker.invokeTestMethods(Invoker.java:1137)
	at org.testng.internal.TestMethodWorker.invokeTestMethods(TestMethodWorker.java:129)
	at org.testng.internal.TestMethodWorker.run(TestMethodWorker.java:112)
	at org.testng.TestRunner.privateRun(TestRunner.java:753)
	at org.testng.TestRunner.run(TestRunner.java:607)
	at org.testng.SuiteRunner.runTest(SuiteRunner.java:368)
	at org.testng.SuiteRunner.runSequentially(SuiteRunner.java:363)
	at org.testng.SuiteRunner.privateRun(SuiteRunner.java:321)
	at org.testng.SuiteRunner.run(SuiteRunner.java:270)
	at org.testng.SuiteRunnerWorker.runSuite(SuiteRunnerWorker.java:52)
	at org.testng.SuiteRunnerWorker.run(SuiteRunnerWorker.java:86)
	at org.testng.TestNG.runSuitesSequentially(TestNG.java:1284)
	at org.testng.TestNG.runSuitesLocally(TestNG.java:1209)
	at org.testng.TestNG.runSuites(TestNG.java:1124)
	at org.testng.TestNG.run(TestNG.java:1096)
	at org.testng.remote.AbstractRemoteTestNG.run(AbstractRemoteTestNG.java:132)
	at org.testng.remote.RemoteTestNG.initAndRun(RemoteTestNG.java:236)
	at org.testng.remote.RemoteTestNG.main(RemoteTestNG.java:81)
</pre></div></td>
<td>0</td>
<td>ItrTest_emptyList_addToFrontA_A@68be2bc2</td></tr>
<tr>
<td title='ItrTest_emptyList_addToRearA_A.testItrNextRemove_remove()'><b>testItrNextRemove_remove</b><br>Test class: ItrTest_emptyList_addToRearA_A</td>
<td><div><pre>java.lang.IllegalStateException: ListIterator - remove
	at IUArrayList$ListIterator.remove(IUArrayList.java:381)
	at TestCase.remove(TestCase.java:291)
	at ItrTest_emptyList_addToRearA_A.testItrNextRemove_remove(ItrTest_emptyList_addToRearA_A.java:147)
... Removed 25 stack frames</pre></div><a href='#' onClick='toggleBox("stack-trace394721749", this, "Click to show all stack frames", "Click to hide stack frames")'>Click to show all stack frames</a>
<div class='stack-trace' id='stack-trace394721749'><pre>java.lang.IllegalStateException: ListIterator - remove
	at IUArrayList$ListIterator.remove(IUArrayList.java:381)
	at TestCase.remove(TestCase.java:291)
	at ItrTest_emptyList_addToRearA_A.testItrNextRemove_remove(ItrTest_emptyList_addToRearA_A.java:147)
	at sun.reflect.NativeMethodAccessorImpl.invoke0(Native Method)
	at sun.reflect.NativeMethodAccessorImpl.invoke(NativeMethodAccessorImpl.java:62)
	at sun.reflect.DelegatingMethodAccessorImpl.invoke(DelegatingMethodAccessorImpl.java:43)
	at java.lang.reflect.Method.invoke(Method.java:498)
	at org.testng.internal.MethodInvocationHelper.invokeMethod(MethodInvocationHelper.java:100)
	at org.testng.internal.Invoker.invokeMethod(Invoker.java:646)
	at org.testng.internal.Invoker.invokeTestMethod(Invoker.java:811)
	at org.testng.internal.Invoker.invokeTestMethods(Invoker.java:1137)
	at org.testng.internal.TestMethodWorker.invokeTestMethods(TestMethodWorker.java:129)
	at org.testng.internal.TestMethodWorker.run(TestMethodWorker.java:112)
	at org.testng.TestRunner.privateRun(TestRunner.java:753)
	at org.testng.TestRunner.run(TestRunner.java:607)
	at org.testng.SuiteRunner.runTest(SuiteRunner.java:368)
	at org.testng.SuiteRunner.runSequentially(SuiteRunner.java:363)
	at org.testng.SuiteRunner.privateRun(SuiteRunner.java:321)
	at org.testng.SuiteRunner.run(SuiteRunner.java:270)
	at org.testng.SuiteRunnerWorker.runSuite(SuiteRunnerWorker.java:52)
	at org.testng.SuiteRunnerWorker.run(SuiteRunnerWorker.java:86)
	at org.testng.TestNG.runSuitesSequentially(TestNG.java:1284)
	at org.testng.TestNG.runSuitesLocally(TestNG.java:1209)
	at org.testng.TestNG.runSuites(TestNG.java:1124)
	at org.testng.TestNG.run(TestNG.java:1096)
	at org.testng.remote.AbstractRemoteTestNG.run(AbstractRemoteTestNG.java:132)
	at org.testng.remote.RemoteTestNG.initAndRun(RemoteTestNG.java:236)
	at org.testng.remote.RemoteTestNG.main(RemoteTestNG.java:81)
</pre></div></td>
<td>0</td>
<td>ItrTest_emptyList_addToRearA_A@28feb3fa</td></tr>
<tr>
<td title='ItrTest_A_set0B_B.testItrNext_hasNext()'><b>testItrNext_hasNext</b><br>Test class: ItrTest_A_set0B_B</td>
<td></td>
<td>0</td>
<td>ItrTest_A_set0B_B@7dc7cbad</td></tr>
<tr>
<td title='ItrTest_AB_removeA_B.testItrNext_hasNext()'><b>testItrNext_hasNext</b><br>Test class: ItrTest_AB_removeA_B</td>
<td></td>
<td>0</td>
<td>ItrTest_AB_removeA_B@d2cc05a</td></tr>
<tr>
<td title='ItrTest_AB_removeFirst_B.testItrNext_hasNext()'><b>testItrNext_hasNext</b><br>Test class: ItrTest_AB_removeFirst_B</td>
<td></td>
<td>0</td>
<td>ItrTest_AB_removeFirst_B@4f933fd1</td></tr>
<tr>
<td title='ItrTest_AB_removeLast_A.testItrNext_hasNext()'><b>testItrNext_hasNext</b><br>Test class: ItrTest_AB_removeLast_A</td>
<td></td>
<td>0</td>
<td>ItrTest_AB_removeLast_A@548a9f61</td></tr>
<tr>
<td title='ItrTest_A_addToFrontB_BA.testItrNext_hasNext()'><b>testItrNext_hasNext</b><br>Test class: ItrTest_A_addToFrontB_BA</td>
<td></td>
<td>0</td>
<td>ItrTest_A_addToFrontB_BA@1753acfe</td></tr>
<tr>
<td title='ItrTest_A_addToRearB_AB.testItrNext_hasNext()'><b>testItrNext_hasNext</b><br>Test class: ItrTest_A_addToRearB_AB</td>
<td></td>
<td>0</td>
<td>ItrTest_A_addToRearB_AB@7c16905e</td></tr>
<tr>
<td title='ItrTest_ABC_remove1_AC.testItrNext_hasNext()'><b>testItrNext_hasNext</b><br>Test class: ItrTest_ABC_remove1_AC</td>
<td></td>
<td>0</td>
<td>ItrTest_ABC_remove1_AC@2a2d45ba</td></tr>
<tr>
<td title='ItrTest_emptyList_add0A_A.testItrNext_hasNext()'><b>testItrNext_hasNext</b><br>Test class: ItrTest_emptyList_add0A_A</td>
<td></td>
<td>0</td>
<td>ItrTest_emptyList_add0A_A@2a5ca609</td></tr>
<tr>
<td title='ItrTest_emptyList_addA_A.testItrNext_hasNext()'><b>testItrNext_hasNext</b><br>Test class: ItrTest_emptyList_addA_A</td>
<td></td>
<td>0</td>
<td>ItrTest_emptyList_addA_A@20e2cbe0</td></tr>
<tr>
<td title='ItrTest_emptyList_addToFrontA_A.testItrNext_hasNext()'><b>testItrNext_hasNext</b><br>Test class: ItrTest_emptyList_addToFrontA_A</td>
<td></td>
<td>0</td>
<td>ItrTest_emptyList_addToFrontA_A@68be2bc2</td></tr>
<tr>
<td title='ItrTest_emptyList_addToRearA_A.testItrNext_hasNext()'><b>testItrNext_hasNext</b><br>Test class: ItrTest_emptyList_addToRearA_A</td>
<td></td>
<td>0</td>
<td>ItrTest_emptyList_addToRearA_A@28feb3fa</td></tr>
<tr>
<td title='ItrTest_A_set0B_B.testItrNext_next()'><b>testItrNext_next</b><br>Test class: ItrTest_A_set0B_B</td>
<td><div><pre>java.util.NoSuchElementException: ListIterator - next
	at IUArrayList$ListIterator.next(IUArrayList.java:363)
	at TestCase.next(TestCase.java:281)
	at ItrTest_A_set0B_B.testItrNext_next(ItrTest_A_set0B_B.java:102)
... Removed 25 stack frames</pre></div><a href='#' onClick='toggleBox("stack-trace660143728", this, "Click to show all stack frames", "Click to hide stack frames")'>Click to show all stack frames</a>
<div class='stack-trace' id='stack-trace660143728'><pre>java.util.NoSuchElementException: ListIterator - next
	at IUArrayList$ListIterator.next(IUArrayList.java:363)
	at TestCase.next(TestCase.java:281)
	at ItrTest_A_set0B_B.testItrNext_next(ItrTest_A_set0B_B.java:102)
	at sun.reflect.NativeMethodAccessorImpl.invoke0(Native Method)
	at sun.reflect.NativeMethodAccessorImpl.invoke(NativeMethodAccessorImpl.java:62)
	at sun.reflect.DelegatingMethodAccessorImpl.invoke(DelegatingMethodAccessorImpl.java:43)
	at java.lang.reflect.Method.invoke(Method.java:498)
	at org.testng.internal.MethodInvocationHelper.invokeMethod(MethodInvocationHelper.java:100)
	at org.testng.internal.Invoker.invokeMethod(Invoker.java:646)
	at org.testng.internal.Invoker.invokeTestMethod(Invoker.java:811)
	at org.testng.internal.Invoker.invokeTestMethods(Invoker.java:1137)
	at org.testng.internal.TestMethodWorker.invokeTestMethods(TestMethodWorker.java:129)
	at org.testng.internal.TestMethodWorker.run(TestMethodWorker.java:112)
	at org.testng.TestRunner.privateRun(TestRunner.java:753)
	at org.testng.TestRunner.run(TestRunner.java:607)
	at org.testng.SuiteRunner.runTest(SuiteRunner.java:368)
	at org.testng.SuiteRunner.runSequentially(SuiteRunner.java:363)
	at org.testng.SuiteRunner.privateRun(SuiteRunner.java:321)
	at org.testng.SuiteRunner.run(SuiteRunner.java:270)
	at org.testng.SuiteRunnerWorker.runSuite(SuiteRunnerWorker.java:52)
	at org.testng.SuiteRunnerWorker.run(SuiteRunnerWorker.java:86)
	at org.testng.TestNG.runSuitesSequentially(TestNG.java:1284)
	at org.testng.TestNG.runSuitesLocally(TestNG.java:1209)
	at org.testng.TestNG.runSuites(TestNG.java:1124)
	at org.testng.TestNG.run(TestNG.java:1096)
	at org.testng.remote.AbstractRemoteTestNG.run(AbstractRemoteTestNG.java:132)
	at org.testng.remote.RemoteTestNG.initAndRun(RemoteTestNG.java:236)
	at org.testng.remote.RemoteTestNG.main(RemoteTestNG.java:81)
</pre></div></td>
<td>0</td>
<td>ItrTest_A_set0B_B@7dc7cbad</td></tr>
<tr>
<td title='ItrTest_AB_removeA_B.testItrNext_next()'><b>testItrNext_next</b><br>Test class: ItrTest_AB_removeA_B</td>
<td><div><pre>java.util.NoSuchElementException: ListIterator - next
	at IUArrayList$ListIterator.next(IUArrayList.java:363)
	at TestCase.next(TestCase.java:281)
	at ItrTest_AB_removeA_B.testItrNext_next(ItrTest_AB_removeA_B.java:103)
... Removed 25 stack frames</pre></div><a href='#' onClick='toggleBox("stack-trace520016214", this, "Click to show all stack frames", "Click to hide stack frames")'>Click to show all stack frames</a>
<div class='stack-trace' id='stack-trace520016214'><pre>java.util.NoSuchElementException: ListIterator - next
	at IUArrayList$ListIterator.next(IUArrayList.java:363)
	at TestCase.next(TestCase.java:281)
	at ItrTest_AB_removeA_B.testItrNext_next(ItrTest_AB_removeA_B.java:103)
	at sun.reflect.NativeMethodAccessorImpl.invoke0(Native Method)
	at sun.reflect.NativeMethodAccessorImpl.invoke(NativeMethodAccessorImpl.java:62)
	at sun.reflect.DelegatingMethodAccessorImpl.invoke(DelegatingMethodAccessorImpl.java:43)
	at java.lang.reflect.Method.invoke(Method.java:498)
	at org.testng.internal.MethodInvocationHelper.invokeMethod(MethodInvocationHelper.java:100)
	at org.testng.internal.Invoker.invokeMethod(Invoker.java:646)
	at org.testng.internal.Invoker.invokeTestMethod(Invoker.java:811)
	at org.testng.internal.Invoker.invokeTestMethods(Invoker.java:1137)
	at org.testng.internal.TestMethodWorker.invokeTestMethods(TestMethodWorker.java:129)
	at org.testng.internal.TestMethodWorker.run(TestMethodWorker.java:112)
	at org.testng.TestRunner.privateRun(TestRunner.java:753)
	at org.testng.TestRunner.run(TestRunner.java:607)
	at org.testng.SuiteRunner.runTest(SuiteRunner.java:368)
	at org.testng.SuiteRunner.runSequentially(SuiteRunner.java:363)
	at org.testng.SuiteRunner.privateRun(SuiteRunner.java:321)
	at org.testng.SuiteRunner.run(SuiteRunner.java:270)
	at org.testng.SuiteRunnerWorker.runSuite(SuiteRunnerWorker.java:52)
	at org.testng.SuiteRunnerWorker.run(SuiteRunnerWorker.java:86)
	at org.testng.TestNG.runSuitesSequentially(TestNG.java:1284)
	at org.testng.TestNG.runSuitesLocally(TestNG.java:1209)
	at org.testng.TestNG.runSuites(TestNG.java:1124)
	at org.testng.TestNG.run(TestNG.java:1096)
	at org.testng.remote.AbstractRemoteTestNG.run(AbstractRemoteTestNG.java:132)
	at org.testng.remote.RemoteTestNG.initAndRun(RemoteTestNG.java:236)
	at org.testng.remote.RemoteTestNG.main(RemoteTestNG.java:81)
</pre></div></td>
<td>0</td>
<td>ItrTest_AB_removeA_B@d2cc05a</td></tr>
<tr>
<td title='ItrTest_AB_removeFirst_B.testItrNext_next()'><b>testItrNext_next</b><br>Test class: ItrTest_AB_removeFirst_B</td>
<td><div><pre>java.util.NoSuchElementException: ListIterator - next
	at IUArrayList$ListIterator.next(IUArrayList.java:363)
	at TestCase.next(TestCase.java:281)
	at ItrTest_AB_removeFirst_B.testItrNext_next(ItrTest_AB_removeFirst_B.java:103)
... Removed 25 stack frames</pre></div><a href='#' onClick='toggleBox("stack-trace473581465", this, "Click to show all stack frames", "Click to hide stack frames")'>Click to show all stack frames</a>
<div class='stack-trace' id='stack-trace473581465'><pre>java.util.NoSuchElementException: ListIterator - next
	at IUArrayList$ListIterator.next(IUArrayList.java:363)
	at TestCase.next(TestCase.java:281)
	at ItrTest_AB_removeFirst_B.testItrNext_next(ItrTest_AB_removeFirst_B.java:103)
	at sun.reflect.NativeMethodAccessorImpl.invoke0(Native Method)
	at sun.reflect.NativeMethodAccessorImpl.invoke(NativeMethodAccessorImpl.java:62)
	at sun.reflect.DelegatingMethodAccessorImpl.invoke(DelegatingMethodAccessorImpl.java:43)
	at java.lang.reflect.Method.invoke(Method.java:498)
	at org.testng.internal.MethodInvocationHelper.invokeMethod(MethodInvocationHelper.java:100)
	at org.testng.internal.Invoker.invokeMethod(Invoker.java:646)
	at org.testng.internal.Invoker.invokeTestMethod(Invoker.java:811)
	at org.testng.internal.Invoker.invokeTestMethods(Invoker.java:1137)
	at org.testng.internal.TestMethodWorker.invokeTestMethods(TestMethodWorker.java:129)
	at org.testng.internal.TestMethodWorker.run(TestMethodWorker.java:112)
	at org.testng.TestRunner.privateRun(TestRunner.java:753)
	at org.testng.TestRunner.run(TestRunner.java:607)
	at org.testng.SuiteRunner.runTest(SuiteRunner.java:368)
	at org.testng.SuiteRunner.runSequentially(SuiteRunner.java:363)
	at org.testng.SuiteRunner.privateRun(SuiteRunner.java:321)
	at org.testng.SuiteRunner.run(SuiteRunner.java:270)
	at org.testng.SuiteRunnerWorker.runSuite(SuiteRunnerWorker.java:52)
	at org.testng.SuiteRunnerWorker.run(SuiteRunnerWorker.java:86)
	at org.testng.TestNG.runSuitesSequentially(TestNG.java:1284)
	at org.testng.TestNG.runSuitesLocally(TestNG.java:1209)
	at org.testng.TestNG.runSuites(TestNG.java:1124)
	at org.testng.TestNG.run(TestNG.java:1096)
	at org.testng.remote.AbstractRemoteTestNG.run(AbstractRemoteTestNG.java:132)
	at org.testng.remote.RemoteTestNG.initAndRun(RemoteTestNG.java:236)
	at org.testng.remote.RemoteTestNG.main(RemoteTestNG.java:81)
</pre></div></td>
<td>0</td>
<td>ItrTest_AB_removeFirst_B@4f933fd1</td></tr>
<tr>
<td title='ItrTest_AB_removeLast_A.testItrNext_next()'><b>testItrNext_next</b><br>Test class: ItrTest_AB_removeLast_A</td>
<td><div><pre>java.util.NoSuchElementException: ListIterator - next
	at IUArrayList$ListIterator.next(IUArrayList.java:363)
	at TestCase.next(TestCase.java:281)
	at ItrTest_AB_removeLast_A.testItrNext_next(ItrTest_AB_removeLast_A.java:103)
... Removed 25 stack frames</pre></div><a href='#' onClick='toggleBox("stack-trace489279267", this, "Click to show all stack frames", "Click to hide stack frames")'>Click to show all stack frames</a>
<div class='stack-trace' id='stack-trace489279267'><pre>java.util.NoSuchElementException: ListIterator - next
	at IUArrayList$ListIterator.next(IUArrayList.java:363)
	at TestCase.next(TestCase.java:281)
	at ItrTest_AB_removeLast_A.testItrNext_next(ItrTest_AB_removeLast_A.java:103)
	at sun.reflect.NativeMethodAccessorImpl.invoke0(Native Method)
	at sun.reflect.NativeMethodAccessorImpl.invoke(NativeMethodAccessorImpl.java:62)
	at sun.reflect.DelegatingMethodAccessorImpl.invoke(DelegatingMethodAccessorImpl.java:43)
	at java.lang.reflect.Method.invoke(Method.java:498)
	at org.testng.internal.MethodInvocationHelper.invokeMethod(MethodInvocationHelper.java:100)
	at org.testng.internal.Invoker.invokeMethod(Invoker.java:646)
	at org.testng.internal.Invoker.invokeTestMethod(Invoker.java:811)
	at org.testng.internal.Invoker.invokeTestMethods(Invoker.java:1137)
	at org.testng.internal.TestMethodWorker.invokeTestMethods(TestMethodWorker.java:129)
	at org.testng.internal.TestMethodWorker.run(TestMethodWorker.java:112)
	at org.testng.TestRunner.privateRun(TestRunner.java:753)
	at org.testng.TestRunner.run(TestRunner.java:607)
	at org.testng.SuiteRunner.runTest(SuiteRunner.java:368)
	at org.testng.SuiteRunner.runSequentially(SuiteRunner.java:363)
	at org.testng.SuiteRunner.privateRun(SuiteRunner.java:321)
	at org.testng.SuiteRunner.run(SuiteRunner.java:270)
	at org.testng.SuiteRunnerWorker.runSuite(SuiteRunnerWorker.java:52)
	at org.testng.SuiteRunnerWorker.run(SuiteRunnerWorker.java:86)
	at org.testng.TestNG.runSuitesSequentially(TestNG.java:1284)
	at org.testng.TestNG.runSuitesLocally(TestNG.java:1209)
	at org.testng.TestNG.runSuites(TestNG.java:1124)
	at org.testng.TestNG.run(TestNG.java:1096)
	at org.testng.remote.AbstractRemoteTestNG.run(AbstractRemoteTestNG.java:132)
	at org.testng.remote.RemoteTestNG.initAndRun(RemoteTestNG.java:236)
	at org.testng.remote.RemoteTestNG.main(RemoteTestNG.java:81)
</pre></div></td>
<td>0</td>
<td>ItrTest_AB_removeLast_A@548a9f61</td></tr>
<tr>
<td title='ItrTest_A_addToFrontB_BA.testItrNext_next()'><b>testItrNext_next</b><br>Test class: ItrTest_A_addToFrontB_BA</td>
<td></td>
<td>0</td>
<td>ItrTest_A_addToFrontB_BA@1753acfe</td></tr>
<tr>
<td title='ItrTest_A_addToRearB_AB.testItrNext_next()'><b>testItrNext_next</b><br>Test class: ItrTest_A_addToRearB_AB</td>
<td></td>
<td>0</td>
<td>ItrTest_A_addToRearB_AB@7c16905e</td></tr>
<tr>
<td title='ItrTest_ABC_remove1_AC.testItrNext_next()'><b>testItrNext_next</b><br>Test class: ItrTest_ABC_remove1_AC</td>
<td></td>
<td>0</td>
<td>ItrTest_ABC_remove1_AC@2a2d45ba</td></tr>
<tr>
<td title='ItrTest_emptyList_add0A_A.testItrNext_next()'><b>testItrNext_next</b><br>Test class: ItrTest_emptyList_add0A_A</td>
<td><div><pre>java.util.NoSuchElementException: ListIterator - next
	at IUArrayList$ListIterator.next(IUArrayList.java:363)
	at TestCase.next(TestCase.java:281)
	at ItrTest_emptyList_add0A_A.testItrNext_next(ItrTest_emptyList_add0A_A.java:102)
... Removed 25 stack frames</pre></div><a href='#' onClick='toggleBox("stack-trace1970881185", this, "Click to show all stack frames", "Click to hide stack frames")'>Click to show all stack frames</a>
<div class='stack-trace' id='stack-trace1970881185'><pre>java.util.NoSuchElementException: ListIterator - next
	at IUArrayList$ListIterator.next(IUArrayList.java:363)
	at TestCase.next(TestCase.java:281)
	at ItrTest_emptyList_add0A_A.testItrNext_next(ItrTest_emptyList_add0A_A.java:102)
	at sun.reflect.NativeMethodAccessorImpl.invoke0(Native Method)
	at sun.reflect.NativeMethodAccessorImpl.invoke(NativeMethodAccessorImpl.java:62)
	at sun.reflect.DelegatingMethodAccessorImpl.invoke(DelegatingMethodAccessorImpl.java:43)
	at java.lang.reflect.Method.invoke(Method.java:498)
	at org.testng.internal.MethodInvocationHelper.invokeMethod(MethodInvocationHelper.java:100)
	at org.testng.internal.Invoker.invokeMethod(Invoker.java:646)
	at org.testng.internal.Invoker.invokeTestMethod(Invoker.java:811)
	at org.testng.internal.Invoker.invokeTestMethods(Invoker.java:1137)
	at org.testng.internal.TestMethodWorker.invokeTestMethods(TestMethodWorker.java:129)
	at org.testng.internal.TestMethodWorker.run(TestMethodWorker.java:112)
	at org.testng.TestRunner.privateRun(TestRunner.java:753)
	at org.testng.TestRunner.run(TestRunner.java:607)
	at org.testng.SuiteRunner.runTest(SuiteRunner.java:368)
	at org.testng.SuiteRunner.runSequentially(SuiteRunner.java:363)
	at org.testng.SuiteRunner.privateRun(SuiteRunner.java:321)
	at org.testng.SuiteRunner.run(SuiteRunner.java:270)
	at org.testng.SuiteRunnerWorker.runSuite(SuiteRunnerWorker.java:52)
	at org.testng.SuiteRunnerWorker.run(SuiteRunnerWorker.java:86)
	at org.testng.TestNG.runSuitesSequentially(TestNG.java:1284)
	at org.testng.TestNG.runSuitesLocally(TestNG.java:1209)
	at org.testng.TestNG.runSuites(TestNG.java:1124)
	at org.testng.TestNG.run(TestNG.java:1096)
	at org.testng.remote.AbstractRemoteTestNG.run(AbstractRemoteTestNG.java:132)
	at org.testng.remote.RemoteTestNG.initAndRun(RemoteTestNG.java:236)
	at org.testng.remote.RemoteTestNG.main(RemoteTestNG.java:81)
</pre></div></td>
<td>0</td>
<td>ItrTest_emptyList_add0A_A@2a5ca609</td></tr>
<tr>
<td title='ItrTest_emptyList_addA_A.testItrNext_next()'><b>testItrNext_next</b><br>Test class: ItrTest_emptyList_addA_A</td>
<td><div><pre>java.util.NoSuchElementException: ListIterator - next
	at IUArrayList$ListIterator.next(IUArrayList.java:363)
	at TestCase.next(TestCase.java:281)
	at ItrTest_emptyList_addA_A.testItrNext_next(ItrTest_emptyList_addA_A.java:102)
... Removed 25 stack frames</pre></div><a href='#' onClick='toggleBox("stack-trace1956710488", this, "Click to show all stack frames", "Click to hide stack frames")'>Click to show all stack frames</a>
<div class='stack-trace' id='stack-trace1956710488'><pre>java.util.NoSuchElementException: ListIterator - next
	at IUArrayList$ListIterator.next(IUArrayList.java:363)
	at TestCase.next(TestCase.java:281)
	at ItrTest_emptyList_addA_A.testItrNext_next(ItrTest_emptyList_addA_A.java:102)
	at sun.reflect.NativeMethodAccessorImpl.invoke0(Native Method)
	at sun.reflect.NativeMethodAccessorImpl.invoke(NativeMethodAccessorImpl.java:62)
	at sun.reflect.DelegatingMethodAccessorImpl.invoke(DelegatingMethodAccessorImpl.java:43)
	at java.lang.reflect.Method.invoke(Method.java:498)
	at org.testng.internal.MethodInvocationHelper.invokeMethod(MethodInvocationHelper.java:100)
	at org.testng.internal.Invoker.invokeMethod(Invoker.java:646)
	at org.testng.internal.Invoker.invokeTestMethod(Invoker.java:811)
	at org.testng.internal.Invoker.invokeTestMethods(Invoker.java:1137)
	at org.testng.internal.TestMethodWorker.invokeTestMethods(TestMethodWorker.java:129)
	at org.testng.internal.TestMethodWorker.run(TestMethodWorker.java:112)
	at org.testng.TestRunner.privateRun(TestRunner.java:753)
	at org.testng.TestRunner.run(TestRunner.java:607)
	at org.testng.SuiteRunner.runTest(SuiteRunner.java:368)
	at org.testng.SuiteRunner.runSequentially(SuiteRunner.java:363)
	at org.testng.SuiteRunner.privateRun(SuiteRunner.java:321)
	at org.testng.SuiteRunner.run(SuiteRunner.java:270)
	at org.testng.SuiteRunnerWorker.runSuite(SuiteRunnerWorker.java:52)
	at org.testng.SuiteRunnerWorker.run(SuiteRunnerWorker.java:86)
	at org.testng.TestNG.runSuitesSequentially(TestNG.java:1284)
	at org.testng.TestNG.runSuitesLocally(TestNG.java:1209)
	at org.testng.TestNG.runSuites(TestNG.java:1124)
	at org.testng.TestNG.run(TestNG.java:1096)
	at org.testng.remote.AbstractRemoteTestNG.run(AbstractRemoteTestNG.java:132)
	at org.testng.remote.RemoteTestNG.initAndRun(RemoteTestNG.java:236)
	at org.testng.remote.RemoteTestNG.main(RemoteTestNG.java:81)
</pre></div></td>
<td>0</td>
<td>ItrTest_emptyList_addA_A@20e2cbe0</td></tr>
<tr>
<td title='ItrTest_emptyList_addToFrontA_A.testItrNext_next()'><b>testItrNext_next</b><br>Test class: ItrTest_emptyList_addToFrontA_A</td>
<td><div><pre>java.util.NoSuchElementException: ListIterator - next
	at IUArrayList$ListIterator.next(IUArrayList.java:363)
	at TestCase.next(TestCase.java:281)
	at ItrTest_emptyList_addToFrontA_A.testItrNext_next(ItrTest_emptyList_addToFrontA_A.java:102)
... Removed 25 stack frames</pre></div><a href='#' onClick='toggleBox("stack-trace315138752", this, "Click to show all stack frames", "Click to hide stack frames")'>Click to show all stack frames</a>
<div class='stack-trace' id='stack-trace315138752'><pre>java.util.NoSuchElementException: ListIterator - next
	at IUArrayList$ListIterator.next(IUArrayList.java:363)
	at TestCase.next(TestCase.java:281)
	at ItrTest_emptyList_addToFrontA_A.testItrNext_next(ItrTest_emptyList_addToFrontA_A.java:102)
	at sun.reflect.NativeMethodAccessorImpl.invoke0(Native Method)
	at sun.reflect.NativeMethodAccessorImpl.invoke(NativeMethodAccessorImpl.java:62)
	at sun.reflect.DelegatingMethodAccessorImpl.invoke(DelegatingMethodAccessorImpl.java:43)
	at java.lang.reflect.Method.invoke(Method.java:498)
	at org.testng.internal.MethodInvocationHelper.invokeMethod(MethodInvocationHelper.java:100)
	at org.testng.internal.Invoker.invokeMethod(Invoker.java:646)
	at org.testng.internal.Invoker.invokeTestMethod(Invoker.java:811)
	at org.testng.internal.Invoker.invokeTestMethods(Invoker.java:1137)
	at org.testng.internal.TestMethodWorker.invokeTestMethods(TestMethodWorker.java:129)
	at org.testng.internal.TestMethodWorker.run(TestMethodWorker.java:112)
	at org.testng.TestRunner.privateRun(TestRunner.java:753)
	at org.testng.TestRunner.run(TestRunner.java:607)
	at org.testng.SuiteRunner.runTest(SuiteRunner.java:368)
	at org.testng.SuiteRunner.runSequentially(SuiteRunner.java:363)
	at org.testng.SuiteRunner.privateRun(SuiteRunner.java:321)
	at org.testng.SuiteRunner.run(SuiteRunner.java:270)
	at org.testng.SuiteRunnerWorker.runSuite(SuiteRunnerWorker.java:52)
	at org.testng.SuiteRunnerWorker.run(SuiteRunnerWorker.java:86)
	at org.testng.TestNG.runSuitesSequentially(TestNG.java:1284)
	at org.testng.TestNG.runSuitesLocally(TestNG.java:1209)
	at org.testng.TestNG.runSuites(TestNG.java:1124)
	at org.testng.TestNG.run(TestNG.java:1096)
	at org.testng.remote.AbstractRemoteTestNG.run(AbstractRemoteTestNG.java:132)
	at org.testng.remote.RemoteTestNG.initAndRun(RemoteTestNG.java:236)
	at org.testng.remote.RemoteTestNG.main(RemoteTestNG.java:81)
</pre></div></td>
<td>0</td>
<td>ItrTest_emptyList_addToFrontA_A@68be2bc2</td></tr>
<tr>
<td title='ItrTest_emptyList_addToRearA_A.testItrNext_next()'><b>testItrNext_next</b><br>Test class: ItrTest_emptyList_addToRearA_A</td>
<td><div><pre>java.util.NoSuchElementException: ListIterator - next
	at IUArrayList$ListIterator.next(IUArrayList.java:363)
	at TestCase.next(TestCase.java:281)
	at ItrTest_emptyList_addToRearA_A.testItrNext_next(ItrTest_emptyList_addToRearA_A.java:102)
... Removed 25 stack frames</pre></div><a href='#' onClick='toggleBox("stack-trace897074030", this, "Click to show all stack frames", "Click to hide stack frames")'>Click to show all stack frames</a>
<div class='stack-trace' id='stack-trace897074030'><pre>java.util.NoSuchElementException: ListIterator - next
	at IUArrayList$ListIterator.next(IUArrayList.java:363)
	at TestCase.next(TestCase.java:281)
	at ItrTest_emptyList_addToRearA_A.testItrNext_next(ItrTest_emptyList_addToRearA_A.java:102)
	at sun.reflect.NativeMethodAccessorImpl.invoke0(Native Method)
	at sun.reflect.NativeMethodAccessorImpl.invoke(NativeMethodAccessorImpl.java:62)
	at sun.reflect.DelegatingMethodAccessorImpl.invoke(DelegatingMethodAccessorImpl.java:43)
	at java.lang.reflect.Method.invoke(Method.java:498)
	at org.testng.internal.MethodInvocationHelper.invokeMethod(MethodInvocationHelper.java:100)
	at org.testng.internal.Invoker.invokeMethod(Invoker.java:646)
	at org.testng.internal.Invoker.invokeTestMethod(Invoker.java:811)
	at org.testng.internal.Invoker.invokeTestMethods(Invoker.java:1137)
	at org.testng.internal.TestMethodWorker.invokeTestMethods(TestMethodWorker.java:129)
	at org.testng.internal.TestMethodWorker.run(TestMethodWorker.java:112)
	at org.testng.TestRunner.privateRun(TestRunner.java:753)
	at org.testng.TestRunner.run(TestRunner.java:607)
	at org.testng.SuiteRunner.runTest(SuiteRunner.java:368)
	at org.testng.SuiteRunner.runSequentially(SuiteRunner.java:363)
	at org.testng.SuiteRunner.privateRun(SuiteRunner.java:321)
	at org.testng.SuiteRunner.run(SuiteRunner.java:270)
	at org.testng.SuiteRunnerWorker.runSuite(SuiteRunnerWorker.java:52)
	at org.testng.SuiteRunnerWorker.run(SuiteRunnerWorker.java:86)
	at org.testng.TestNG.runSuitesSequentially(TestNG.java:1284)
	at org.testng.TestNG.runSuitesLocally(TestNG.java:1209)
	at org.testng.TestNG.runSuites(TestNG.java:1124)
	at org.testng.TestNG.run(TestNG.java:1096)
	at org.testng.remote.AbstractRemoteTestNG.run(AbstractRemoteTestNG.java:132)
	at org.testng.remote.RemoteTestNG.initAndRun(RemoteTestNG.java:236)
	at org.testng.remote.RemoteTestNG.main(RemoteTestNG.java:81)
</pre></div></td>
<td>0</td>
<td>ItrTest_emptyList_addToRearA_A@28feb3fa</td></tr>
<tr>
<td title='ItrTest_A_set0B_B.testItrNext_remove()'><b>testItrNext_remove</b><br>Test class: ItrTest_A_set0B_B</td>
<td></td>
<td>0</td>
<td>ItrTest_A_set0B_B@7dc7cbad</td></tr>
<tr>
<td title='ItrTest_AB_removeA_B.testItrNext_remove()'><b>testItrNext_remove</b><br>Test class: ItrTest_AB_removeA_B</td>
<td></td>
<td>0</td>
<td>ItrTest_AB_removeA_B@d2cc05a</td></tr>
<tr>
<td title='ItrTest_AB_removeFirst_B.testItrNext_remove()'><b>testItrNext_remove</b><br>Test class: ItrTest_AB_removeFirst_B</td>
<td></td>
<td>0</td>
<td>ItrTest_AB_removeFirst_B@4f933fd1</td></tr>
<tr>
<td title='ItrTest_AB_removeLast_A.testItrNext_remove()'><b>testItrNext_remove</b><br>Test class: ItrTest_AB_removeLast_A</td>
<td></td>
<td>0</td>
<td>ItrTest_AB_removeLast_A@548a9f61</td></tr>
<tr>
<td title='ItrTest_A_addToFrontB_BA.testItrNext_remove()'><b>testItrNext_remove</b><br>Test class: ItrTest_A_addToFrontB_BA</td>
<td></td>
<td>0</td>
<td>ItrTest_A_addToFrontB_BA@1753acfe</td></tr>
<tr>
<td title='ItrTest_A_addToRearB_AB.testItrNext_remove()'><b>testItrNext_remove</b><br>Test class: ItrTest_A_addToRearB_AB</td>
<td></td>
<td>0</td>
<td>ItrTest_A_addToRearB_AB@7c16905e</td></tr>
<tr>
<td title='ItrTest_ABC_remove1_AC.testItrNext_remove()'><b>testItrNext_remove</b><br>Test class: ItrTest_ABC_remove1_AC</td>
<td></td>
<td>0</td>
<td>ItrTest_ABC_remove1_AC@2a2d45ba</td></tr>
<tr>
<td title='ItrTest_emptyList_add0A_A.testItrNext_remove()'><b>testItrNext_remove</b><br>Test class: ItrTest_emptyList_add0A_A</td>
<td></td>
<td>0</td>
<td>ItrTest_emptyList_add0A_A@2a5ca609</td></tr>
<tr>
<td title='ItrTest_emptyList_addA_A.testItrNext_remove()'><b>testItrNext_remove</b><br>Test class: ItrTest_emptyList_addA_A</td>
<td></td>
<td>0</td>
<td>ItrTest_emptyList_addA_A@20e2cbe0</td></tr>
<tr>
<td title='ItrTest_emptyList_addToFrontA_A.testItrNext_remove()'><b>testItrNext_remove</b><br>Test class: ItrTest_emptyList_addToFrontA_A</td>
<td></td>
<td>0</td>
<td>ItrTest_emptyList_addToFrontA_A@68be2bc2</td></tr>
<tr>
<td title='ItrTest_emptyList_addToRearA_A.testItrNext_remove()'><b>testItrNext_remove</b><br>Test class: ItrTest_emptyList_addToRearA_A</td>
<td></td>
<td>0</td>
<td>ItrTest_emptyList_addToRearA_A@28feb3fa</td></tr>
<tr>
<td title='ItrTest_newList.testItr_hasNext()'><b>testItr_hasNext</b><br>Test class: ItrTest_newList</td>
<td></td>
<td>0</td>
<td>ItrTest_newList@62ee68d8</td></tr>
<tr>
<td title='ItrTest_A_remove0_emptyList.testItr_hasNext()'><b>testItr_hasNext</b><br>Test class: ItrTest_A_remove0_emptyList</td>
<td></td>
<td>0</td>
<td>ItrTest_A_remove0_emptyList@735b5592</td></tr>
<tr>
<td title='ItrTest_A_removeA_emptyList.testItr_hasNext()'><b>testItr_hasNext</b><br>Test class: ItrTest_A_removeA_emptyList</td>
<td></td>
<td>0</td>
<td>ItrTest_A_removeA_emptyList@58651fd0</td></tr>
<tr>
<td title='ItrTest_A_removeFirst_emptyList.testItr_hasNext()'><b>testItr_hasNext</b><br>Test class: ItrTest_A_removeFirst_emptyList</td>
<td></td>
<td>0</td>
<td>ItrTest_A_removeFirst_emptyList@4520ebad</td></tr>
<tr>
<td title='ItrTest_A_removeLast_emptyList.testItr_hasNext()'><b>testItr_hasNext</b><br>Test class: ItrTest_A_removeLast_emptyList</td>
<td></td>
<td>0</td>
<td>ItrTest_A_removeLast_emptyList@5419f379</td></tr>
<tr>
<td title='ItrTest_A_set0B_B.testItr_hasNext()'><b>testItr_hasNext</b><br>Test class: ItrTest_A_set0B_B</td>
<td></td>
<td>0</td>
<td>ItrTest_A_set0B_B@7dc7cbad</td></tr>
<tr>
<td title='ItrTest_AB_removeA_B.testItr_hasNext()'><b>testItr_hasNext</b><br>Test class: ItrTest_AB_removeA_B</td>
<td></td>
<td>0</td>
<td>ItrTest_AB_removeA_B@d2cc05a</td></tr>
<tr>
<td title='ItrTest_AB_removeFirst_B.testItr_hasNext()'><b>testItr_hasNext</b><br>Test class: ItrTest_AB_removeFirst_B</td>
<td></td>
<td>0</td>
<td>ItrTest_AB_removeFirst_B@4f933fd1</td></tr>
<tr>
<td title='ItrTest_AB_removeLast_A.testItr_hasNext()'><b>testItr_hasNext</b><br>Test class: ItrTest_AB_removeLast_A</td>
<td></td>
<td>0</td>
<td>ItrTest_AB_removeLast_A@548a9f61</td></tr>
<tr>
<td title='ItrTest_A_addToFrontB_BA.testItr_hasNext()'><b>testItr_hasNext</b><br>Test class: ItrTest_A_addToFrontB_BA</td>
<td></td>
<td>0</td>
<td>ItrTest_A_addToFrontB_BA@1753acfe</td></tr>
<tr>
<td title='ItrTest_A_addToRearB_AB.testItr_hasNext()'><b>testItr_hasNext</b><br>Test class: ItrTest_A_addToRearB_AB</td>
<td></td>
<td>0</td>
<td>ItrTest_A_addToRearB_AB@7c16905e</td></tr>
<tr>
<td title='ItrTest_ABC_remove1_AC.testItr_hasNext()'><b>testItr_hasNext</b><br>Test class: ItrTest_ABC_remove1_AC</td>
<td></td>
<td>0</td>
<td>ItrTest_ABC_remove1_AC@2a2d45ba</td></tr>
<tr>
<td title='ItrTest_emptyList_add0A_A.testItr_hasNext()'><b>testItr_hasNext</b><br>Test class: ItrTest_emptyList_add0A_A</td>
<td></td>
<td>0</td>
<td>ItrTest_emptyList_add0A_A@2a5ca609</td></tr>
<tr>
<td title='ItrTest_emptyList_addA_A.testItr_hasNext()'><b>testItr_hasNext</b><br>Test class: ItrTest_emptyList_addA_A</td>
<td></td>
<td>0</td>
<td>ItrTest_emptyList_addA_A@20e2cbe0</td></tr>
<tr>
<td title='ItrTest_emptyList_addToFrontA_A.testItr_hasNext()'><b>testItr_hasNext</b><br>Test class: ItrTest_emptyList_addToFrontA_A</td>
<td></td>
<td>0</td>
<td>ItrTest_emptyList_addToFrontA_A@68be2bc2</td></tr>
<tr>
<td title='ItrTest_emptyList_addToRearA_A.testItr_hasNext()'><b>testItr_hasNext</b><br>Test class: ItrTest_emptyList_addToRearA_A</td>
<td></td>
<td>0</td>
<td>ItrTest_emptyList_addToRearA_A@28feb3fa</td></tr>
<tr>
<td title='ItrTest_newList.testItr_next()'><b>testItr_next</b><br>Test class: ItrTest_newList</td>
<td><div><pre>java.util.NoSuchElementException: ListIterator - next
	at IUArrayList$ListIterator.next(IUArrayList.java:363)
	at TestCase.next(TestCase.java:281)
	at ItrTest_newList.testItr_next(ItrTest_newList.java:59)
... Removed 25 stack frames</pre></div><a href='#' onClick='toggleBox("stack-trace1522311648", this, "Click to show all stack frames", "Click to hide stack frames")'>Click to show all stack frames</a>
<div class='stack-trace' id='stack-trace1522311648'><pre>java.util.NoSuchElementException: ListIterator - next
	at IUArrayList$ListIterator.next(IUArrayList.java:363)
	at TestCase.next(TestCase.java:281)
	at ItrTest_newList.testItr_next(ItrTest_newList.java:59)
	at sun.reflect.NativeMethodAccessorImpl.invoke0(Native Method)
	at sun.reflect.NativeMethodAccessorImpl.invoke(NativeMethodAccessorImpl.java:62)
	at sun.reflect.DelegatingMethodAccessorImpl.invoke(DelegatingMethodAccessorImpl.java:43)
	at java.lang.reflect.Method.invoke(Method.java:498)
	at org.testng.internal.MethodInvocationHelper.invokeMethod(MethodInvocationHelper.java:100)
	at org.testng.internal.Invoker.invokeMethod(Invoker.java:646)
	at org.testng.internal.Invoker.invokeTestMethod(Invoker.java:811)
	at org.testng.internal.Invoker.invokeTestMethods(Invoker.java:1137)
	at org.testng.internal.TestMethodWorker.invokeTestMethods(TestMethodWorker.java:129)
	at org.testng.internal.TestMethodWorker.run(TestMethodWorker.java:112)
	at org.testng.TestRunner.privateRun(TestRunner.java:753)
	at org.testng.TestRunner.run(TestRunner.java:607)
	at org.testng.SuiteRunner.runTest(SuiteRunner.java:368)
	at org.testng.SuiteRunner.runSequentially(SuiteRunner.java:363)
	at org.testng.SuiteRunner.privateRun(SuiteRunner.java:321)
	at org.testng.SuiteRunner.run(SuiteRunner.java:270)
	at org.testng.SuiteRunnerWorker.runSuite(SuiteRunnerWorker.java:52)
	at org.testng.SuiteRunnerWorker.run(SuiteRunnerWorker.java:86)
	at org.testng.TestNG.runSuitesSequentially(TestNG.java:1284)
	at org.testng.TestNG.runSuitesLocally(TestNG.java:1209)
	at org.testng.TestNG.runSuites(TestNG.java:1124)
	at org.testng.TestNG.run(TestNG.java:1096)
	at org.testng.remote.AbstractRemoteTestNG.run(AbstractRemoteTestNG.java:132)
	at org.testng.remote.RemoteTestNG.initAndRun(RemoteTestNG.java:236)
	at org.testng.remote.RemoteTestNG.main(RemoteTestNG.java:81)
</pre></div></td>
<td>0</td>
<td>ItrTest_newList@62ee68d8</td></tr>
<tr>
<td title='ItrTest_A_remove0_emptyList.testItr_next()'><b>testItr_next</b><br>Test class: ItrTest_A_remove0_emptyList</td>
<td><div><pre>java.util.NoSuchElementException: ListIterator - next
	at IUArrayList$ListIterator.next(IUArrayList.java:363)
	at TestCase.next(TestCase.java:281)
	at ItrTest_A_remove0_emptyList.testItr_next(ItrTest_A_remove0_emptyList.java:63)
... Removed 25 stack frames</pre></div><a href='#' onClick='toggleBox("stack-trace418304857", this, "Click to show all stack frames", "Click to hide stack frames")'>Click to show all stack frames</a>
<div class='stack-trace' id='stack-trace418304857'><pre>java.util.NoSuchElementException: ListIterator - next
	at IUArrayList$ListIterator.next(IUArrayList.java:363)
	at TestCase.next(TestCase.java:281)
	at ItrTest_A_remove0_emptyList.testItr_next(ItrTest_A_remove0_emptyList.java:63)
	at sun.reflect.NativeMethodAccessorImpl.invoke0(Native Method)
	at sun.reflect.NativeMethodAccessorImpl.invoke(NativeMethodAccessorImpl.java:62)
	at sun.reflect.DelegatingMethodAccessorImpl.invoke(DelegatingMethodAccessorImpl.java:43)
	at java.lang.reflect.Method.invoke(Method.java:498)
	at org.testng.internal.MethodInvocationHelper.invokeMethod(MethodInvocationHelper.java:100)
	at org.testng.internal.Invoker.invokeMethod(Invoker.java:646)
	at org.testng.internal.Invoker.invokeTestMethod(Invoker.java:811)
	at org.testng.internal.Invoker.invokeTestMethods(Invoker.java:1137)
	at org.testng.internal.TestMethodWorker.invokeTestMethods(TestMethodWorker.java:129)
	at org.testng.internal.TestMethodWorker.run(TestMethodWorker.java:112)
	at org.testng.TestRunner.privateRun(TestRunner.java:753)
	at org.testng.TestRunner.run(TestRunner.java:607)
	at org.testng.SuiteRunner.runTest(SuiteRunner.java:368)
	at org.testng.SuiteRunner.runSequentially(SuiteRunner.java:363)
	at org.testng.SuiteRunner.privateRun(SuiteRunner.java:321)
	at org.testng.SuiteRunner.run(SuiteRunner.java:270)
	at org.testng.SuiteRunnerWorker.runSuite(SuiteRunnerWorker.java:52)
	at org.testng.SuiteRunnerWorker.run(SuiteRunnerWorker.java:86)
	at org.testng.TestNG.runSuitesSequentially(TestNG.java:1284)
	at org.testng.TestNG.runSuitesLocally(TestNG.java:1209)
	at org.testng.TestNG.runSuites(TestNG.java:1124)
	at org.testng.TestNG.run(TestNG.java:1096)
	at org.testng.remote.AbstractRemoteTestNG.run(AbstractRemoteTestNG.java:132)
	at org.testng.remote.RemoteTestNG.initAndRun(RemoteTestNG.java:236)
	at org.testng.remote.RemoteTestNG.main(RemoteTestNG.java:81)
</pre></div></td>
<td>0</td>
<td>ItrTest_A_remove0_emptyList@735b5592</td></tr>
<tr>
<td title='ItrTest_A_removeA_emptyList.testItr_next()'><b>testItr_next</b><br>Test class: ItrTest_A_removeA_emptyList</td>
<td><div><pre>java.util.NoSuchElementException: ListIterator - next
	at IUArrayList$ListIterator.next(IUArrayList.java:363)
	at TestCase.next(TestCase.java:281)
	at ItrTest_A_removeA_emptyList.testItr_next(ItrTest_A_removeA_emptyList.java:63)
... Removed 25 stack frames</pre></div><a href='#' onClick='toggleBox("stack-trace724125922", this, "Click to show all stack frames", "Click to hide stack frames")'>Click to show all stack frames</a>
<div class='stack-trace' id='stack-trace724125922'><pre>java.util.NoSuchElementException: ListIterator - next
	at IUArrayList$ListIterator.next(IUArrayList.java:363)
	at TestCase.next(TestCase.java:281)
	at ItrTest_A_removeA_emptyList.testItr_next(ItrTest_A_removeA_emptyList.java:63)
	at sun.reflect.NativeMethodAccessorImpl.invoke0(Native Method)
	at sun.reflect.NativeMethodAccessorImpl.invoke(NativeMethodAccessorImpl.java:62)
	at sun.reflect.DelegatingMethodAccessorImpl.invoke(DelegatingMethodAccessorImpl.java:43)
	at java.lang.reflect.Method.invoke(Method.java:498)
	at org.testng.internal.MethodInvocationHelper.invokeMethod(MethodInvocationHelper.java:100)
	at org.testng.internal.Invoker.invokeMethod(Invoker.java:646)
	at org.testng.internal.Invoker.invokeTestMethod(Invoker.java:811)
	at org.testng.internal.Invoker.invokeTestMethods(Invoker.java:1137)
	at org.testng.internal.TestMethodWorker.invokeTestMethods(TestMethodWorker.java:129)
	at org.testng.internal.TestMethodWorker.run(TestMethodWorker.java:112)
	at org.testng.TestRunner.privateRun(TestRunner.java:753)
	at org.testng.TestRunner.run(TestRunner.java:607)
	at org.testng.SuiteRunner.runTest(SuiteRunner.java:368)
	at org.testng.SuiteRunner.runSequentially(SuiteRunner.java:363)
	at org.testng.SuiteRunner.privateRun(SuiteRunner.java:321)
	at org.testng.SuiteRunner.run(SuiteRunner.java:270)
	at org.testng.SuiteRunnerWorker.runSuite(SuiteRunnerWorker.java:52)
	at org.testng.SuiteRunnerWorker.run(SuiteRunnerWorker.java:86)
	at org.testng.TestNG.runSuitesSequentially(TestNG.java:1284)
	at org.testng.TestNG.runSuitesLocally(TestNG.java:1209)
	at org.testng.TestNG.runSuites(TestNG.java:1124)
	at org.testng.TestNG.run(TestNG.java:1096)
	at org.testng.remote.AbstractRemoteTestNG.run(AbstractRemoteTestNG.java:132)
	at org.testng.remote.RemoteTestNG.initAndRun(RemoteTestNG.java:236)
	at org.testng.remote.RemoteTestNG.main(RemoteTestNG.java:81)
</pre></div></td>
<td>0</td>
<td>ItrTest_A_removeA_emptyList@58651fd0</td></tr>
<tr>
<td title='ItrTest_A_removeFirst_emptyList.testItr_next()'><b>testItr_next</b><br>Test class: ItrTest_A_removeFirst_emptyList</td>
<td><div><pre>java.util.NoSuchElementException: ListIterator - next
	at IUArrayList$ListIterator.next(IUArrayList.java:363)
	at TestCase.next(TestCase.java:281)
	at ItrTest_A_removeFirst_emptyList.testItr_next(ItrTest_A_removeFirst_emptyList.java:63)
... Removed 25 stack frames</pre></div><a href='#' onClick='toggleBox("stack-trace2106620844", this, "Click to show all stack frames", "Click to hide stack frames")'>Click to show all stack frames</a>
<div class='stack-trace' id='stack-trace2106620844'><pre>java.util.NoSuchElementException: ListIterator - next
	at IUArrayList$ListIterator.next(IUArrayList.java:363)
	at TestCase.next(TestCase.java:281)
	at ItrTest_A_removeFirst_emptyList.testItr_next(ItrTest_A_removeFirst_emptyList.java:63)
	at sun.reflect.NativeMethodAccessorImpl.invoke0(Native Method)
	at sun.reflect.NativeMethodAccessorImpl.invoke(NativeMethodAccessorImpl.java:62)
	at sun.reflect.DelegatingMethodAccessorImpl.invoke(DelegatingMethodAccessorImpl.java:43)
	at java.lang.reflect.Method.invoke(Method.java:498)
	at org.testng.internal.MethodInvocationHelper.invokeMethod(MethodInvocationHelper.java:100)
	at org.testng.internal.Invoker.invokeMethod(Invoker.java:646)
	at org.testng.internal.Invoker.invokeTestMethod(Invoker.java:811)
	at org.testng.internal.Invoker.invokeTestMethods(Invoker.java:1137)
	at org.testng.internal.TestMethodWorker.invokeTestMethods(TestMethodWorker.java:129)
	at org.testng.internal.TestMethodWorker.run(TestMethodWorker.java:112)
	at org.testng.TestRunner.privateRun(TestRunner.java:753)
	at org.testng.TestRunner.run(TestRunner.java:607)
	at org.testng.SuiteRunner.runTest(SuiteRunner.java:368)
	at org.testng.SuiteRunner.runSequentially(SuiteRunner.java:363)
	at org.testng.SuiteRunner.privateRun(SuiteRunner.java:321)
	at org.testng.SuiteRunner.run(SuiteRunner.java:270)
	at org.testng.SuiteRunnerWorker.runSuite(SuiteRunnerWorker.java:52)
	at org.testng.SuiteRunnerWorker.run(SuiteRunnerWorker.java:86)
	at org.testng.TestNG.runSuitesSequentially(TestNG.java:1284)
	at org.testng.TestNG.runSuitesLocally(TestNG.java:1209)
	at org.testng.TestNG.runSuites(TestNG.java:1124)
	at org.testng.TestNG.run(TestNG.java:1096)
	at org.testng.remote.AbstractRemoteTestNG.run(AbstractRemoteTestNG.java:132)
	at org.testng.remote.RemoteTestNG.initAndRun(RemoteTestNG.java:236)
	at org.testng.remote.RemoteTestNG.main(RemoteTestNG.java:81)
</pre></div></td>
<td>0</td>
<td>ItrTest_A_removeFirst_emptyList@4520ebad</td></tr>
<tr>
<td title='ItrTest_A_removeLast_emptyList.testItr_next()'><b>testItr_next</b><br>Test class: ItrTest_A_removeLast_emptyList</td>
<td><div><pre>java.util.NoSuchElementException: ListIterator - next
	at IUArrayList$ListIterator.next(IUArrayList.java:363)
	at TestCase.next(TestCase.java:281)
	at ItrTest_A_removeLast_emptyList.testItr_next(ItrTest_A_removeLast_emptyList.java:63)
... Removed 25 stack frames</pre></div><a href='#' onClick='toggleBox("stack-trace1643691748", this, "Click to show all stack frames", "Click to hide stack frames")'>Click to show all stack frames</a>
<div class='stack-trace' id='stack-trace1643691748'><pre>java.util.NoSuchElementException: ListIterator - next
	at IUArrayList$ListIterator.next(IUArrayList.java:363)
	at TestCase.next(TestCase.java:281)
	at ItrTest_A_removeLast_emptyList.testItr_next(ItrTest_A_removeLast_emptyList.java:63)
	at sun.reflect.NativeMethodAccessorImpl.invoke0(Native Method)
	at sun.reflect.NativeMethodAccessorImpl.invoke(NativeMethodAccessorImpl.java:62)
	at sun.reflect.DelegatingMethodAccessorImpl.invoke(DelegatingMethodAccessorImpl.java:43)
	at java.lang.reflect.Method.invoke(Method.java:498)
	at org.testng.internal.MethodInvocationHelper.invokeMethod(MethodInvocationHelper.java:100)
	at org.testng.internal.Invoker.invokeMethod(Invoker.java:646)
	at org.testng.internal.Invoker.invokeTestMethod(Invoker.java:811)
	at org.testng.internal.Invoker.invokeTestMethods(Invoker.java:1137)
	at org.testng.internal.TestMethodWorker.invokeTestMethods(TestMethodWorker.java:129)
	at org.testng.internal.TestMethodWorker.run(TestMethodWorker.java:112)
	at org.testng.TestRunner.privateRun(TestRunner.java:753)
	at org.testng.TestRunner.run(TestRunner.java:607)
	at org.testng.SuiteRunner.runTest(SuiteRunner.java:368)
	at org.testng.SuiteRunner.runSequentially(SuiteRunner.java:363)
	at org.testng.SuiteRunner.privateRun(SuiteRunner.java:321)
	at org.testng.SuiteRunner.run(SuiteRunner.java:270)
	at org.testng.SuiteRunnerWorker.runSuite(SuiteRunnerWorker.java:52)
	at org.testng.SuiteRunnerWorker.run(SuiteRunnerWorker.java:86)
	at org.testng.TestNG.runSuitesSequentially(TestNG.java:1284)
	at org.testng.TestNG.runSuitesLocally(TestNG.java:1209)
	at org.testng.TestNG.runSuites(TestNG.java:1124)
	at org.testng.TestNG.run(TestNG.java:1096)
	at org.testng.remote.AbstractRemoteTestNG.run(AbstractRemoteTestNG.java:132)
	at org.testng.remote.RemoteTestNG.initAndRun(RemoteTestNG.java:236)
	at org.testng.remote.RemoteTestNG.main(RemoteTestNG.java:81)
</pre></div></td>
<td>0</td>
<td>ItrTest_A_removeLast_emptyList@5419f379</td></tr>
<tr>
<td title='ItrTest_A_set0B_B.testItr_next()'><b>testItr_next</b><br>Test class: ItrTest_A_set0B_B</td>
<td></td>
<td>0</td>
<td>ItrTest_A_set0B_B@7dc7cbad</td></tr>
<tr>
<td title='ItrTest_AB_removeA_B.testItr_next()'><b>testItr_next</b><br>Test class: ItrTest_AB_removeA_B</td>
<td></td>
<td>0</td>
<td>ItrTest_AB_removeA_B@d2cc05a</td></tr>
<tr>
<td title='ItrTest_AB_removeFirst_B.testItr_next()'><b>testItr_next</b><br>Test class: ItrTest_AB_removeFirst_B</td>
<td></td>
<td>0</td>
<td>ItrTest_AB_removeFirst_B@4f933fd1</td></tr>
<tr>
<td title='ItrTest_AB_removeLast_A.testItr_next()'><b>testItr_next</b><br>Test class: ItrTest_AB_removeLast_A</td>
<td></td>
<td>0</td>
<td>ItrTest_AB_removeLast_A@548a9f61</td></tr>
<tr>
<td title='ItrTest_A_addToFrontB_BA.testItr_next()'><b>testItr_next</b><br>Test class: ItrTest_A_addToFrontB_BA</td>
<td></td>
<td>0</td>
<td>ItrTest_A_addToFrontB_BA@1753acfe</td></tr>
<tr>
<td title='ItrTest_A_addToRearB_AB.testItr_next()'><b>testItr_next</b><br>Test class: ItrTest_A_addToRearB_AB</td>
<td></td>
<td>0</td>
<td>ItrTest_A_addToRearB_AB@7c16905e</td></tr>
<tr>
<td title='ItrTest_ABC_remove1_AC.testItr_next()'><b>testItr_next</b><br>Test class: ItrTest_ABC_remove1_AC</td>
<td></td>
<td>0</td>
<td>ItrTest_ABC_remove1_AC@2a2d45ba</td></tr>
<tr>
<td title='ItrTest_emptyList_add0A_A.testItr_next()'><b>testItr_next</b><br>Test class: ItrTest_emptyList_add0A_A</td>
<td></td>
<td>0</td>
<td>ItrTest_emptyList_add0A_A@2a5ca609</td></tr>
<tr>
<td title='ItrTest_emptyList_addA_A.testItr_next()'><b>testItr_next</b><br>Test class: ItrTest_emptyList_addA_A</td>
<td></td>
<td>0</td>
<td>ItrTest_emptyList_addA_A@20e2cbe0</td></tr>
<tr>
<td title='ItrTest_emptyList_addToFrontA_A.testItr_next()'><b>testItr_next</b><br>Test class: ItrTest_emptyList_addToFrontA_A</td>
<td></td>
<td>0</td>
<td>ItrTest_emptyList_addToFrontA_A@68be2bc2</td></tr>
<tr>
<td title='ItrTest_emptyList_addToRearA_A.testItr_next()'><b>testItr_next</b><br>Test class: ItrTest_emptyList_addToRearA_A</td>
<td></td>
<td>0</td>
<td>ItrTest_emptyList_addToRearA_A@28feb3fa</td></tr>
<tr>
<td title='ItrTest_newList.testItr_remove()'><b>testItr_remove</b><br>Test class: ItrTest_newList</td>
<td><div><pre>java.lang.IllegalStateException: ListIterator - remove
	at IUArrayList$ListIterator.remove(IUArrayList.java:381)
	at TestCase.remove(TestCase.java:291)
	at ItrTest_newList.testItr_remove(ItrTest_newList.java:70)
... Removed 25 stack frames</pre></div><a href='#' onClick='toggleBox("stack-trace1836797772", this, "Click to show all stack frames", "Click to hide stack frames")'>Click to show all stack frames</a>
<div class='stack-trace' id='stack-trace1836797772'><pre>java.lang.IllegalStateException: ListIterator - remove
	at IUArrayList$ListIterator.remove(IUArrayList.java:381)
	at TestCase.remove(TestCase.java:291)
	at ItrTest_newList.testItr_remove(ItrTest_newList.java:70)
	at sun.reflect.NativeMethodAccessorImpl.invoke0(Native Method)
	at sun.reflect.NativeMethodAccessorImpl.invoke(NativeMethodAccessorImpl.java:62)
	at sun.reflect.DelegatingMethodAccessorImpl.invoke(DelegatingMethodAccessorImpl.java:43)
	at java.lang.reflect.Method.invoke(Method.java:498)
	at org.testng.internal.MethodInvocationHelper.invokeMethod(MethodInvocationHelper.java:100)
	at org.testng.internal.Invoker.invokeMethod(Invoker.java:646)
	at org.testng.internal.Invoker.invokeTestMethod(Invoker.java:811)
	at org.testng.internal.Invoker.invokeTestMethods(Invoker.java:1137)
	at org.testng.internal.TestMethodWorker.invokeTestMethods(TestMethodWorker.java:129)
	at org.testng.internal.TestMethodWorker.run(TestMethodWorker.java:112)
	at org.testng.TestRunner.privateRun(TestRunner.java:753)
	at org.testng.TestRunner.run(TestRunner.java:607)
	at org.testng.SuiteRunner.runTest(SuiteRunner.java:368)
	at org.testng.SuiteRunner.runSequentially(SuiteRunner.java:363)
	at org.testng.SuiteRunner.privateRun(SuiteRunner.java:321)
	at org.testng.SuiteRunner.run(SuiteRunner.java:270)
	at org.testng.SuiteRunnerWorker.runSuite(SuiteRunnerWorker.java:52)
	at org.testng.SuiteRunnerWorker.run(SuiteRunnerWorker.java:86)
	at org.testng.TestNG.runSuitesSequentially(TestNG.java:1284)
	at org.testng.TestNG.runSuitesLocally(TestNG.java:1209)
	at org.testng.TestNG.runSuites(TestNG.java:1124)
	at org.testng.TestNG.run(TestNG.java:1096)
	at org.testng.remote.AbstractRemoteTestNG.run(AbstractRemoteTestNG.java:132)
	at org.testng.remote.RemoteTestNG.initAndRun(RemoteTestNG.java:236)
	at org.testng.remote.RemoteTestNG.main(RemoteTestNG.java:81)
</pre></div></td>
<td>0</td>
<td>ItrTest_newList@62ee68d8</td></tr>
<tr>
<td title='ItrTest_A_remove0_emptyList.testItr_remove()'><b>testItr_remove</b><br>Test class: ItrTest_A_remove0_emptyList</td>
<td><div><pre>java.lang.IllegalStateException: ListIterator - remove
	at IUArrayList$ListIterator.remove(IUArrayList.java:381)
	at TestCase.remove(TestCase.java:291)
	at ItrTest_A_remove0_emptyList.testItr_remove(ItrTest_A_remove0_emptyList.java:74)
... Removed 25 stack frames</pre></div><a href='#' onClick='toggleBox("stack-trace1864350231", this, "Click to show all stack frames", "Click to hide stack frames")'>Click to show all stack frames</a>
<div class='stack-trace' id='stack-trace1864350231'><pre>java.lang.IllegalStateException: ListIterator - remove
	at IUArrayList$ListIterator.remove(IUArrayList.java:381)
	at TestCase.remove(TestCase.java:291)
	at ItrTest_A_remove0_emptyList.testItr_remove(ItrTest_A_remove0_emptyList.java:74)
	at sun.reflect.NativeMethodAccessorImpl.invoke0(Native Method)
	at sun.reflect.NativeMethodAccessorImpl.invoke(NativeMethodAccessorImpl.java:62)
	at sun.reflect.DelegatingMethodAccessorImpl.invoke(DelegatingMethodAccessorImpl.java:43)
	at java.lang.reflect.Method.invoke(Method.java:498)
	at org.testng.internal.MethodInvocationHelper.invokeMethod(MethodInvocationHelper.java:100)
	at org.testng.internal.Invoker.invokeMethod(Invoker.java:646)
	at org.testng.internal.Invoker.invokeTestMethod(Invoker.java:811)
	at org.testng.internal.Invoker.invokeTestMethods(Invoker.java:1137)
	at org.testng.internal.TestMethodWorker.invokeTestMethods(TestMethodWorker.java:129)
	at org.testng.internal.TestMethodWorker.run(TestMethodWorker.java:112)
	at org.testng.TestRunner.privateRun(TestRunner.java:753)
	at org.testng.TestRunner.run(TestRunner.java:607)
	at org.testng.SuiteRunner.runTest(SuiteRunner.java:368)
	at org.testng.SuiteRunner.runSequentially(SuiteRunner.java:363)
	at org.testng.SuiteRunner.privateRun(SuiteRunner.java:321)
	at org.testng.SuiteRunner.run(SuiteRunner.java:270)
	at org.testng.SuiteRunnerWorker.runSuite(SuiteRunnerWorker.java:52)
	at org.testng.SuiteRunnerWorker.run(SuiteRunnerWorker.java:86)
	at org.testng.TestNG.runSuitesSequentially(TestNG.java:1284)
	at org.testng.TestNG.runSuitesLocally(TestNG.java:1209)
	at org.testng.TestNG.runSuites(TestNG.java:1124)
	at org.testng.TestNG.run(TestNG.java:1096)
	at org.testng.remote.AbstractRemoteTestNG.run(AbstractRemoteTestNG.java:132)
	at org.testng.remote.RemoteTestNG.initAndRun(RemoteTestNG.java:236)
	at org.testng.remote.RemoteTestNG.main(RemoteTestNG.java:81)
</pre></div></td>
<td>0</td>
<td>ItrTest_A_remove0_emptyList@735b5592</td></tr>
<tr>
<td title='ItrTest_A_removeA_emptyList.testItr_remove()'><b>testItr_remove</b><br>Test class: ItrTest_A_removeA_emptyList</td>
<td><div><pre>java.lang.IllegalStateException: ListIterator - remove
	at IUArrayList$ListIterator.remove(IUArrayList.java:381)
	at TestCase.remove(TestCase.java:291)
	at ItrTest_A_removeA_emptyList.testItr_remove(ItrTest_A_removeA_emptyList.java:74)
... Removed 25 stack frames</pre></div><a href='#' onClick='toggleBox("stack-trace989938643", this, "Click to show all stack frames", "Click to hide stack frames")'>Click to show all stack frames</a>
<div class='stack-trace' id='stack-trace989938643'><pre>java.lang.IllegalStateException: ListIterator - remove
	at IUArrayList$ListIterator.remove(IUArrayList.java:381)
	at TestCase.remove(TestCase.java:291)
	at ItrTest_A_removeA_emptyList.testItr_remove(ItrTest_A_removeA_emptyList.java:74)
	at sun.reflect.NativeMethodAccessorImpl.invoke0(Native Method)
	at sun.reflect.NativeMethodAccessorImpl.invoke(NativeMethodAccessorImpl.java:62)
	at sun.reflect.DelegatingMethodAccessorImpl.invoke(DelegatingMethodAccessorImpl.java:43)
	at java.lang.reflect.Method.invoke(Method.java:498)
	at org.testng.internal.MethodInvocationHelper.invokeMethod(MethodInvocationHelper.java:100)
	at org.testng.internal.Invoker.invokeMethod(Invoker.java:646)
	at org.testng.internal.Invoker.invokeTestMethod(Invoker.java:811)
	at org.testng.internal.Invoker.invokeTestMethods(Invoker.java:1137)
	at org.testng.internal.TestMethodWorker.invokeTestMethods(TestMethodWorker.java:129)
	at org.testng.internal.TestMethodWorker.run(TestMethodWorker.java:112)
	at org.testng.TestRunner.privateRun(TestRunner.java:753)
	at org.testng.TestRunner.run(TestRunner.java:607)
	at org.testng.SuiteRunner.runTest(SuiteRunner.java:368)
	at org.testng.SuiteRunner.runSequentially(SuiteRunner.java:363)
	at org.testng.SuiteRunner.privateRun(SuiteRunner.java:321)
	at org.testng.SuiteRunner.run(SuiteRunner.java:270)
	at org.testng.SuiteRunnerWorker.runSuite(SuiteRunnerWorker.java:52)
	at org.testng.SuiteRunnerWorker.run(SuiteRunnerWorker.java:86)
	at org.testng.TestNG.runSuitesSequentially(TestNG.java:1284)
	at org.testng.TestNG.runSuitesLocally(TestNG.java:1209)
	at org.testng.TestNG.runSuites(TestNG.java:1124)
	at org.testng.TestNG.run(TestNG.java:1096)
	at org.testng.remote.AbstractRemoteTestNG.run(AbstractRemoteTestNG.java:132)
	at org.testng.remote.RemoteTestNG.initAndRun(RemoteTestNG.java:236)
	at org.testng.remote.RemoteTestNG.main(RemoteTestNG.java:81)
</pre></div></td>
<td>0</td>
<td>ItrTest_A_removeA_emptyList@58651fd0</td></tr>
<tr>
<td title='ItrTest_A_removeFirst_emptyList.testItr_remove()'><b>testItr_remove</b><br>Test class: ItrTest_A_removeFirst_emptyList</td>
<td><div><pre>java.lang.IllegalStateException: ListIterator - remove
	at IUArrayList$ListIterator.remove(IUArrayList.java:381)
	at TestCase.remove(TestCase.java:291)
	at ItrTest_A_removeFirst_emptyList.testItr_remove(ItrTest_A_removeFirst_emptyList.java:74)
... Removed 25 stack frames</pre></div><a href='#' onClick='toggleBox("stack-trace1663411182", this, "Click to show all stack frames", "Click to hide stack frames")'>Click to show all stack frames</a>
<div class='stack-trace' id='stack-trace1663411182'><pre>java.lang.IllegalStateException: ListIterator - remove
	at IUArrayList$ListIterator.remove(IUArrayList.java:381)
	at TestCase.remove(TestCase.java:291)
	at ItrTest_A_removeFirst_emptyList.testItr_remove(ItrTest_A_removeFirst_emptyList.java:74)
	at sun.reflect.NativeMethodAccessorImpl.invoke0(Native Method)
	at sun.reflect.NativeMethodAccessorImpl.invoke(NativeMethodAccessorImpl.java:62)
	at sun.reflect.DelegatingMethodAccessorImpl.invoke(DelegatingMethodAccessorImpl.java:43)
	at java.lang.reflect.Method.invoke(Method.java:498)
	at org.testng.internal.MethodInvocationHelper.invokeMethod(MethodInvocationHelper.java:100)
	at org.testng.internal.Invoker.invokeMethod(Invoker.java:646)
	at org.testng.internal.Invoker.invokeTestMethod(Invoker.java:811)
	at org.testng.internal.Invoker.invokeTestMethods(Invoker.java:1137)
	at org.testng.internal.TestMethodWorker.invokeTestMethods(TestMethodWorker.java:129)
	at org.testng.internal.TestMethodWorker.run(TestMethodWorker.java:112)
	at org.testng.TestRunner.privateRun(TestRunner.java:753)
	at org.testng.TestRunner.run(TestRunner.java:607)
	at org.testng.SuiteRunner.runTest(SuiteRunner.java:368)
	at org.testng.SuiteRunner.runSequentially(SuiteRunner.java:363)
	at org.testng.SuiteRunner.privateRun(SuiteRunner.java:321)
	at org.testng.SuiteRunner.run(SuiteRunner.java:270)
	at org.testng.SuiteRunnerWorker.runSuite(SuiteRunnerWorker.java:52)
	at org.testng.SuiteRunnerWorker.run(SuiteRunnerWorker.java:86)
	at org.testng.TestNG.runSuitesSequentially(TestNG.java:1284)
	at org.testng.TestNG.runSuitesLocally(TestNG.java:1209)
	at org.testng.TestNG.runSuites(TestNG.java:1124)
	at org.testng.TestNG.run(TestNG.java:1096)
	at org.testng.remote.AbstractRemoteTestNG.run(AbstractRemoteTestNG.java:132)
	at org.testng.remote.RemoteTestNG.initAndRun(RemoteTestNG.java:236)
	at org.testng.remote.RemoteTestNG.main(RemoteTestNG.java:81)
</pre></div></td>
<td>0</td>
<td>ItrTest_A_removeFirst_emptyList@4520ebad</td></tr>
<tr>
<td title='ItrTest_A_removeLast_emptyList.testItr_remove()'><b>testItr_remove</b><br>Test class: ItrTest_A_removeLast_emptyList</td>
<td><div><pre>java.lang.IllegalStateException: ListIterator - remove
	at IUArrayList$ListIterator.remove(IUArrayList.java:381)
	at TestCase.remove(TestCase.java:291)
	at ItrTest_A_removeLast_emptyList.testItr_remove(ItrTest_A_removeLast_emptyList.java:74)
... Removed 25 stack frames</pre></div><a href='#' onClick='toggleBox("stack-trace2142003995", this, "Click to show all stack frames", "Click to hide stack frames")'>Click to show all stack frames</a>
<div class='stack-trace' id='stack-trace2142003995'><pre>java.lang.IllegalStateException: ListIterator - remove
	at IUArrayList$ListIterator.remove(IUArrayList.java:381)
	at TestCase.remove(TestCase.java:291)
	at ItrTest_A_removeLast_emptyList.testItr_remove(ItrTest_A_removeLast_emptyList.java:74)
	at sun.reflect.NativeMethodAccessorImpl.invoke0(Native Method)
	at sun.reflect.NativeMethodAccessorImpl.invoke(NativeMethodAccessorImpl.java:62)
	at sun.reflect.DelegatingMethodAccessorImpl.invoke(DelegatingMethodAccessorImpl.java:43)
	at java.lang.reflect.Method.invoke(Method.java:498)
	at org.testng.internal.MethodInvocationHelper.invokeMethod(MethodInvocationHelper.java:100)
	at org.testng.internal.Invoker.invokeMethod(Invoker.java:646)
	at org.testng.internal.Invoker.invokeTestMethod(Invoker.java:811)
	at org.testng.internal.Invoker.invokeTestMethods(Invoker.java:1137)
	at org.testng.internal.TestMethodWorker.invokeTestMethods(TestMethodWorker.java:129)
	at org.testng.internal.TestMethodWorker.run(TestMethodWorker.java:112)
	at org.testng.TestRunner.privateRun(TestRunner.java:753)
	at org.testng.TestRunner.run(TestRunner.java:607)
	at org.testng.SuiteRunner.runTest(SuiteRunner.java:368)
	at org.testng.SuiteRunner.runSequentially(SuiteRunner.java:363)
	at org.testng.SuiteRunner.privateRun(SuiteRunner.java:321)
	at org.testng.SuiteRunner.run(SuiteRunner.java:270)
	at org.testng.SuiteRunnerWorker.runSuite(SuiteRunnerWorker.java:52)
	at org.testng.SuiteRunnerWorker.run(SuiteRunnerWorker.java:86)
	at org.testng.TestNG.runSuitesSequentially(TestNG.java:1284)
	at org.testng.TestNG.runSuitesLocally(TestNG.java:1209)
	at org.testng.TestNG.runSuites(TestNG.java:1124)
	at org.testng.TestNG.run(TestNG.java:1096)
	at org.testng.remote.AbstractRemoteTestNG.run(AbstractRemoteTestNG.java:132)
	at org.testng.remote.RemoteTestNG.initAndRun(RemoteTestNG.java:236)
	at org.testng.remote.RemoteTestNG.main(RemoteTestNG.java:81)
</pre></div></td>
<td>0</td>
<td>ItrTest_A_removeLast_emptyList@5419f379</td></tr>
<tr>
<td title='ItrTest_A_set0B_B.testItr_remove()'><b>testItr_remove</b><br>Test class: ItrTest_A_set0B_B</td>
<td><div><pre>java.lang.IllegalStateException: ListIterator - remove
	at IUArrayList$ListIterator.remove(IUArrayList.java:381)
	at TestCase.remove(TestCase.java:291)
	at ItrTest_A_set0B_B.testItr_remove(ItrTest_A_set0B_B.java:79)
... Removed 25 stack frames</pre></div><a href='#' onClick='toggleBox("stack-trace1022308509", this, "Click to show all stack frames", "Click to hide stack frames")'>Click to show all stack frames</a>
<div class='stack-trace' id='stack-trace1022308509'><pre>java.lang.IllegalStateException: ListIterator - remove
	at IUArrayList$ListIterator.remove(IUArrayList.java:381)
	at TestCase.remove(TestCase.java:291)
	at ItrTest_A_set0B_B.testItr_remove(ItrTest_A_set0B_B.java:79)
	at sun.reflect.NativeMethodAccessorImpl.invoke0(Native Method)
	at sun.reflect.NativeMethodAccessorImpl.invoke(NativeMethodAccessorImpl.java:62)
	at sun.reflect.DelegatingMethodAccessorImpl.invoke(DelegatingMethodAccessorImpl.java:43)
	at java.lang.reflect.Method.invoke(Method.java:498)
	at org.testng.internal.MethodInvocationHelper.invokeMethod(MethodInvocationHelper.java:100)
	at org.testng.internal.Invoker.invokeMethod(Invoker.java:646)
	at org.testng.internal.Invoker.invokeTestMethod(Invoker.java:811)
	at org.testng.internal.Invoker.invokeTestMethods(Invoker.java:1137)
	at org.testng.internal.TestMethodWorker.invokeTestMethods(TestMethodWorker.java:129)
	at org.testng.internal.TestMethodWorker.run(TestMethodWorker.java:112)
	at org.testng.TestRunner.privateRun(TestRunner.java:753)
	at org.testng.TestRunner.run(TestRunner.java:607)
	at org.testng.SuiteRunner.runTest(SuiteRunner.java:368)
	at org.testng.SuiteRunner.runSequentially(SuiteRunner.java:363)
	at org.testng.SuiteRunner.privateRun(SuiteRunner.java:321)
	at org.testng.SuiteRunner.run(SuiteRunner.java:270)
	at org.testng.SuiteRunnerWorker.runSuite(SuiteRunnerWorker.java:52)
	at org.testng.SuiteRunnerWorker.run(SuiteRunnerWorker.java:86)
	at org.testng.TestNG.runSuitesSequentially(TestNG.java:1284)
	at org.testng.TestNG.runSuitesLocally(TestNG.java:1209)
	at org.testng.TestNG.runSuites(TestNG.java:1124)
	at org.testng.TestNG.run(TestNG.java:1096)
	at org.testng.remote.AbstractRemoteTestNG.run(AbstractRemoteTestNG.java:132)
	at org.testng.remote.RemoteTestNG.initAndRun(RemoteTestNG.java:236)
	at org.testng.remote.RemoteTestNG.main(RemoteTestNG.java:81)
</pre></div></td>
<td>0</td>
<td>ItrTest_A_set0B_B@7dc7cbad</td></tr>
<tr>
<td title='ItrTest_AB_removeA_B.testItr_remove()'><b>testItr_remove</b><br>Test class: ItrTest_AB_removeA_B</td>
<td><div><pre>java.lang.IllegalStateException: ListIterator - remove
	at IUArrayList$ListIterator.remove(IUArrayList.java:381)
	at TestCase.remove(TestCase.java:291)
	at ItrTest_AB_removeA_B.testItr_remove(ItrTest_AB_removeA_B.java:80)
... Removed 25 stack frames</pre></div><a href='#' onClick='toggleBox("stack-trace157683534", this, "Click to show all stack frames", "Click to hide stack frames")'>Click to show all stack frames</a>
<div class='stack-trace' id='stack-trace157683534'><pre>java.lang.IllegalStateException: ListIterator - remove
	at IUArrayList$ListIterator.remove(IUArrayList.java:381)
	at TestCase.remove(TestCase.java:291)
	at ItrTest_AB_removeA_B.testItr_remove(ItrTest_AB_removeA_B.java:80)
	at sun.reflect.NativeMethodAccessorImpl.invoke0(Native Method)
	at sun.reflect.NativeMethodAccessorImpl.invoke(NativeMethodAccessorImpl.java:62)
	at sun.reflect.DelegatingMethodAccessorImpl.invoke(DelegatingMethodAccessorImpl.java:43)
	at java.lang.reflect.Method.invoke(Method.java:498)
	at org.testng.internal.MethodInvocationHelper.invokeMethod(MethodInvocationHelper.java:100)
	at org.testng.internal.Invoker.invokeMethod(Invoker.java:646)
	at org.testng.internal.Invoker.invokeTestMethod(Invoker.java:811)
	at org.testng.internal.Invoker.invokeTestMethods(Invoker.java:1137)
	at org.testng.internal.TestMethodWorker.invokeTestMethods(TestMethodWorker.java:129)
	at org.testng.internal.TestMethodWorker.run(TestMethodWorker.java:112)
	at org.testng.TestRunner.privateRun(TestRunner.java:753)
	at org.testng.TestRunner.run(TestRunner.java:607)
	at org.testng.SuiteRunner.runTest(SuiteRunner.java:368)
	at org.testng.SuiteRunner.runSequentially(SuiteRunner.java:363)
	at org.testng.SuiteRunner.privateRun(SuiteRunner.java:321)
	at org.testng.SuiteRunner.run(SuiteRunner.java:270)
	at org.testng.SuiteRunnerWorker.runSuite(SuiteRunnerWorker.java:52)
	at org.testng.SuiteRunnerWorker.run(SuiteRunnerWorker.java:86)
	at org.testng.TestNG.runSuitesSequentially(TestNG.java:1284)
	at org.testng.TestNG.runSuitesLocally(TestNG.java:1209)
	at org.testng.TestNG.runSuites(TestNG.java:1124)
	at org.testng.TestNG.run(TestNG.java:1096)
	at org.testng.remote.AbstractRemoteTestNG.run(AbstractRemoteTestNG.java:132)
	at org.testng.remote.RemoteTestNG.initAndRun(RemoteTestNG.java:236)
	at org.testng.remote.RemoteTestNG.main(RemoteTestNG.java:81)
</pre></div></td>
<td>0</td>
<td>ItrTest_AB_removeA_B@d2cc05a</td></tr>
<tr>
<td title='ItrTest_AB_removeFirst_B.testItr_remove()'><b>testItr_remove</b><br>Test class: ItrTest_AB_removeFirst_B</td>
<td><div><pre>java.lang.IllegalStateException: ListIterator - remove
	at IUArrayList$ListIterator.remove(IUArrayList.java:381)
	at TestCase.remove(TestCase.java:291)
	at ItrTest_AB_removeFirst_B.testItr_remove(ItrTest_AB_removeFirst_B.java:80)
... Removed 25 stack frames</pre></div><a href='#' onClick='toggleBox("stack-trace603650290", this, "Click to show all stack frames", "Click to hide stack frames")'>Click to show all stack frames</a>
<div class='stack-trace' id='stack-trace603650290'><pre>java.lang.IllegalStateException: ListIterator - remove
	at IUArrayList$ListIterator.remove(IUArrayList.java:381)
	at TestCase.remove(TestCase.java:291)
	at ItrTest_AB_removeFirst_B.testItr_remove(ItrTest_AB_removeFirst_B.java:80)
	at sun.reflect.NativeMethodAccessorImpl.invoke0(Native Method)
	at sun.reflect.NativeMethodAccessorImpl.invoke(NativeMethodAccessorImpl.java:62)
	at sun.reflect.DelegatingMethodAccessorImpl.invoke(DelegatingMethodAccessorImpl.java:43)
	at java.lang.reflect.Method.invoke(Method.java:498)
	at org.testng.internal.MethodInvocationHelper.invokeMethod(MethodInvocationHelper.java:100)
	at org.testng.internal.Invoker.invokeMethod(Invoker.java:646)
	at org.testng.internal.Invoker.invokeTestMethod(Invoker.java:811)
	at org.testng.internal.Invoker.invokeTestMethods(Invoker.java:1137)
	at org.testng.internal.TestMethodWorker.invokeTestMethods(TestMethodWorker.java:129)
	at org.testng.internal.TestMethodWorker.run(TestMethodWorker.java:112)
	at org.testng.TestRunner.privateRun(TestRunner.java:753)
	at org.testng.TestRunner.run(TestRunner.java:607)
	at org.testng.SuiteRunner.runTest(SuiteRunner.java:368)
	at org.testng.SuiteRunner.runSequentially(SuiteRunner.java:363)
	at org.testng.SuiteRunner.privateRun(SuiteRunner.java:321)
	at org.testng.SuiteRunner.run(SuiteRunner.java:270)
	at org.testng.SuiteRunnerWorker.runSuite(SuiteRunnerWorker.java:52)
	at org.testng.SuiteRunnerWorker.run(SuiteRunnerWorker.java:86)
	at org.testng.TestNG.runSuitesSequentially(TestNG.java:1284)
	at org.testng.TestNG.runSuitesLocally(TestNG.java:1209)
	at org.testng.TestNG.runSuites(TestNG.java:1124)
	at org.testng.TestNG.run(TestNG.java:1096)
	at org.testng.remote.AbstractRemoteTestNG.run(AbstractRemoteTestNG.java:132)
	at org.testng.remote.RemoteTestNG.initAndRun(RemoteTestNG.java:236)
	at org.testng.remote.RemoteTestNG.main(RemoteTestNG.java:81)
</pre></div></td>
<td>0</td>
<td>ItrTest_AB_removeFirst_B@4f933fd1</td></tr>
<tr>
<td title='ItrTest_AB_removeLast_A.testItr_remove()'><b>testItr_remove</b><br>Test class: ItrTest_AB_removeLast_A</td>
<td><div><pre>java.lang.IllegalStateException: ListIterator - remove
	at IUArrayList$ListIterator.remove(IUArrayList.java:381)
	at TestCase.remove(TestCase.java:291)
	at ItrTest_AB_removeLast_A.testItr_remove(ItrTest_AB_removeLast_A.java:80)
... Removed 25 stack frames</pre></div><a href='#' onClick='toggleBox("stack-trace366004251", this, "Click to show all stack frames", "Click to hide stack frames")'>Click to show all stack frames</a>
<div class='stack-trace' id='stack-trace366004251'><pre>java.lang.IllegalStateException: ListIterator - remove
	at IUArrayList$ListIterator.remove(IUArrayList.java:381)
	at TestCase.remove(TestCase.java:291)
	at ItrTest_AB_removeLast_A.testItr_remove(ItrTest_AB_removeLast_A.java:80)
	at sun.reflect.NativeMethodAccessorImpl.invoke0(Native Method)
	at sun.reflect.NativeMethodAccessorImpl.invoke(NativeMethodAccessorImpl.java:62)
	at sun.reflect.DelegatingMethodAccessorImpl.invoke(DelegatingMethodAccessorImpl.java:43)
	at java.lang.reflect.Method.invoke(Method.java:498)
	at org.testng.internal.MethodInvocationHelper.invokeMethod(MethodInvocationHelper.java:100)
	at org.testng.internal.Invoker.invokeMethod(Invoker.java:646)
	at org.testng.internal.Invoker.invokeTestMethod(Invoker.java:811)
	at org.testng.internal.Invoker.invokeTestMethods(Invoker.java:1137)
	at org.testng.internal.TestMethodWorker.invokeTestMethods(TestMethodWorker.java:129)
	at org.testng.internal.TestMethodWorker.run(TestMethodWorker.java:112)
	at org.testng.TestRunner.privateRun(TestRunner.java:753)
	at org.testng.TestRunner.run(TestRunner.java:607)
	at org.testng.SuiteRunner.runTest(SuiteRunner.java:368)
	at org.testng.SuiteRunner.runSequentially(SuiteRunner.java:363)
	at org.testng.SuiteRunner.privateRun(SuiteRunner.java:321)
	at org.testng.SuiteRunner.run(SuiteRunner.java:270)
	at org.testng.SuiteRunnerWorker.runSuite(SuiteRunnerWorker.java:52)
	at org.testng.SuiteRunnerWorker.run(SuiteRunnerWorker.java:86)
	at org.testng.TestNG.runSuitesSequentially(TestNG.java:1284)
	at org.testng.TestNG.runSuitesLocally(TestNG.java:1209)
	at org.testng.TestNG.runSuites(TestNG.java:1124)
	at org.testng.TestNG.run(TestNG.java:1096)
	at org.testng.remote.AbstractRemoteTestNG.run(AbstractRemoteTestNG.java:132)
	at org.testng.remote.RemoteTestNG.initAndRun(RemoteTestNG.java:236)
	at org.testng.remote.RemoteTestNG.main(RemoteTestNG.java:81)
</pre></div></td>
<td>0</td>
<td>ItrTest_AB_removeLast_A@548a9f61</td></tr>
<tr>
<td title='ItrTest_A_addToFrontB_BA.testItr_remove()'><b>testItr_remove</b><br>Test class: ItrTest_A_addToFrontB_BA</td>
<td><div><pre>java.lang.IllegalStateException: ListIterator - remove
	at IUArrayList$ListIterator.remove(IUArrayList.java:381)
	at TestCase.remove(TestCase.java:291)
	at ItrTest_A_addToFrontB_BA.testItr_remove(ItrTest_A_addToFrontB_BA.java:77)
... Removed 25 stack frames</pre></div><a href='#' onClick='toggleBox("stack-trace798244209", this, "Click to show all stack frames", "Click to hide stack frames")'>Click to show all stack frames</a>
<div class='stack-trace' id='stack-trace798244209'><pre>java.lang.IllegalStateException: ListIterator - remove
	at IUArrayList$ListIterator.remove(IUArrayList.java:381)
	at TestCase.remove(TestCase.java:291)
	at ItrTest_A_addToFrontB_BA.testItr_remove(ItrTest_A_addToFrontB_BA.java:77)
	at sun.reflect.NativeMethodAccessorImpl.invoke0(Native Method)
	at sun.reflect.NativeMethodAccessorImpl.invoke(NativeMethodAccessorImpl.java:62)
	at sun.reflect.DelegatingMethodAccessorImpl.invoke(DelegatingMethodAccessorImpl.java:43)
	at java.lang.reflect.Method.invoke(Method.java:498)
	at org.testng.internal.MethodInvocationHelper.invokeMethod(MethodInvocationHelper.java:100)
	at org.testng.internal.Invoker.invokeMethod(Invoker.java:646)
	at org.testng.internal.Invoker.invokeTestMethod(Invoker.java:811)
	at org.testng.internal.Invoker.invokeTestMethods(Invoker.java:1137)
	at org.testng.internal.TestMethodWorker.invokeTestMethods(TestMethodWorker.java:129)
	at org.testng.internal.TestMethodWorker.run(TestMethodWorker.java:112)
	at org.testng.TestRunner.privateRun(TestRunner.java:753)
	at org.testng.TestRunner.run(TestRunner.java:607)
	at org.testng.SuiteRunner.runTest(SuiteRunner.java:368)
	at org.testng.SuiteRunner.runSequentially(SuiteRunner.java:363)
	at org.testng.SuiteRunner.privateRun(SuiteRunner.java:321)
	at org.testng.SuiteRunner.run(SuiteRunner.java:270)
	at org.testng.SuiteRunnerWorker.runSuite(SuiteRunnerWorker.java:52)
	at org.testng.SuiteRunnerWorker.run(SuiteRunnerWorker.java:86)
	at org.testng.TestNG.runSuitesSequentially(TestNG.java:1284)
	at org.testng.TestNG.runSuitesLocally(TestNG.java:1209)
	at org.testng.TestNG.runSuites(TestNG.java:1124)
	at org.testng.TestNG.run(TestNG.java:1096)
	at org.testng.remote.AbstractRemoteTestNG.run(AbstractRemoteTestNG.java:132)
	at org.testng.remote.RemoteTestNG.initAndRun(RemoteTestNG.java:236)
	at org.testng.remote.RemoteTestNG.main(RemoteTestNG.java:81)
</pre></div></td>
<td>0</td>
<td>ItrTest_A_addToFrontB_BA@1753acfe</td></tr>
<tr>
<td title='ItrTest_A_addToRearB_AB.testItr_remove()'><b>testItr_remove</b><br>Test class: ItrTest_A_addToRearB_AB</td>
<td><div><pre>java.lang.IllegalStateException: ListIterator - remove
	at IUArrayList$ListIterator.remove(IUArrayList.java:381)
	at TestCase.remove(TestCase.java:291)
	at ItrTest_A_addToRearB_AB.testItr_remove(ItrTest_A_addToRearB_AB.java:77)
... Removed 25 stack frames</pre></div><a href='#' onClick='toggleBox("stack-trace601008104", this, "Click to show all stack frames", "Click to hide stack frames")'>Click to show all stack frames</a>
<div class='stack-trace' id='stack-trace601008104'><pre>java.lang.IllegalStateException: ListIterator - remove
	at IUArrayList$ListIterator.remove(IUArrayList.java:381)
	at TestCase.remove(TestCase.java:291)
	at ItrTest_A_addToRearB_AB.testItr_remove(ItrTest_A_addToRearB_AB.java:77)
	at sun.reflect.NativeMethodAccessorImpl.invoke0(Native Method)
	at sun.reflect.NativeMethodAccessorImpl.invoke(NativeMethodAccessorImpl.java:62)
	at sun.reflect.DelegatingMethodAccessorImpl.invoke(DelegatingMethodAccessorImpl.java:43)
	at java.lang.reflect.Method.invoke(Method.java:498)
	at org.testng.internal.MethodInvocationHelper.invokeMethod(MethodInvocationHelper.java:100)
	at org.testng.internal.Invoker.invokeMethod(Invoker.java:646)
	at org.testng.internal.Invoker.invokeTestMethod(Invoker.java:811)
	at org.testng.internal.Invoker.invokeTestMethods(Invoker.java:1137)
	at org.testng.internal.TestMethodWorker.invokeTestMethods(TestMethodWorker.java:129)
	at org.testng.internal.TestMethodWorker.run(TestMethodWorker.java:112)
	at org.testng.TestRunner.privateRun(TestRunner.java:753)
	at org.testng.TestRunner.run(TestRunner.java:607)
	at org.testng.SuiteRunner.runTest(SuiteRunner.java:368)
	at org.testng.SuiteRunner.runSequentially(SuiteRunner.java:363)
	at org.testng.SuiteRunner.privateRun(SuiteRunner.java:321)
	at org.testng.SuiteRunner.run(SuiteRunner.java:270)
	at org.testng.SuiteRunnerWorker.runSuite(SuiteRunnerWorker.java:52)
	at org.testng.SuiteRunnerWorker.run(SuiteRunnerWorker.java:86)
	at org.testng.TestNG.runSuitesSequentially(TestNG.java:1284)
	at org.testng.TestNG.runSuitesLocally(TestNG.java:1209)
	at org.testng.TestNG.runSuites(TestNG.java:1124)
	at org.testng.TestNG.run(TestNG.java:1096)
	at org.testng.remote.AbstractRemoteTestNG.run(AbstractRemoteTestNG.java:132)
	at org.testng.remote.RemoteTestNG.initAndRun(RemoteTestNG.java:236)
	at org.testng.remote.RemoteTestNG.main(RemoteTestNG.java:81)
</pre></div></td>
<td>0</td>
<td>ItrTest_A_addToRearB_AB@7c16905e</td></tr>
<tr>
<td title='ItrTest_ABC_remove1_AC.testItr_remove()'><b>testItr_remove</b><br>Test class: ItrTest_ABC_remove1_AC</td>
<td><div><pre>java.lang.IllegalStateException: ListIterator - remove
	at IUArrayList$ListIterator.remove(IUArrayList.java:381)
	at TestCase.remove(TestCase.java:291)
	at ItrTest_ABC_remove1_AC.testItr_remove(ItrTest_ABC_remove1_AC.java:80)
... Removed 25 stack frames</pre></div><a href='#' onClick='toggleBox("stack-trace142555199", this, "Click to show all stack frames", "Click to hide stack frames")'>Click to show all stack frames</a>
<div class='stack-trace' id='stack-trace142555199'><pre>java.lang.IllegalStateException: ListIterator - remove
	at IUArrayList$ListIterator.remove(IUArrayList.java:381)
	at TestCase.remove(TestCase.java:291)
	at ItrTest_ABC_remove1_AC.testItr_remove(ItrTest_ABC_remove1_AC.java:80)
	at sun.reflect.NativeMethodAccessorImpl.invoke0(Native Method)
	at sun.reflect.NativeMethodAccessorImpl.invoke(NativeMethodAccessorImpl.java:62)
	at sun.reflect.DelegatingMethodAccessorImpl.invoke(DelegatingMethodAccessorImpl.java:43)
	at java.lang.reflect.Method.invoke(Method.java:498)
	at org.testng.internal.MethodInvocationHelper.invokeMethod(MethodInvocationHelper.java:100)
	at org.testng.internal.Invoker.invokeMethod(Invoker.java:646)
	at org.testng.internal.Invoker.invokeTestMethod(Invoker.java:811)
	at org.testng.internal.Invoker.invokeTestMethods(Invoker.java:1137)
	at org.testng.internal.TestMethodWorker.invokeTestMethods(TestMethodWorker.java:129)
	at org.testng.internal.TestMethodWorker.run(TestMethodWorker.java:112)
	at org.testng.TestRunner.privateRun(TestRunner.java:753)
	at org.testng.TestRunner.run(TestRunner.java:607)
	at org.testng.SuiteRunner.runTest(SuiteRunner.java:368)
	at org.testng.SuiteRunner.runSequentially(SuiteRunner.java:363)
	at org.testng.SuiteRunner.privateRun(SuiteRunner.java:321)
	at org.testng.SuiteRunner.run(SuiteRunner.java:270)
	at org.testng.SuiteRunnerWorker.runSuite(SuiteRunnerWorker.java:52)
	at org.testng.SuiteRunnerWorker.run(SuiteRunnerWorker.java:86)
	at org.testng.TestNG.runSuitesSequentially(TestNG.java:1284)
	at org.testng.TestNG.runSuitesLocally(TestNG.java:1209)
	at org.testng.TestNG.runSuites(TestNG.java:1124)
	at org.testng.TestNG.run(TestNG.java:1096)
	at org.testng.remote.AbstractRemoteTestNG.run(AbstractRemoteTestNG.java:132)
	at org.testng.remote.RemoteTestNG.initAndRun(RemoteTestNG.java:236)
	at org.testng.remote.RemoteTestNG.main(RemoteTestNG.java:81)
</pre></div></td>
<td>0</td>
<td>ItrTest_ABC_remove1_AC@2a2d45ba</td></tr>
<tr>
<td title='ItrTest_emptyList_add0A_A.testItr_remove()'><b>testItr_remove</b><br>Test class: ItrTest_emptyList_add0A_A</td>
<td><div><pre>java.lang.IllegalStateException: ListIterator - remove
	at IUArrayList$ListIterator.remove(IUArrayList.java:381)
	at TestCase.remove(TestCase.java:291)
	at ItrTest_emptyList_add0A_A.testItr_remove(ItrTest_emptyList_add0A_A.java:79)
... Removed 25 stack frames</pre></div><a href='#' onClick='toggleBox("stack-trace1122805102", this, "Click to show all stack frames", "Click to hide stack frames")'>Click to show all stack frames</a>
<div class='stack-trace' id='stack-trace1122805102'><pre>java.lang.IllegalStateException: ListIterator - remove
	at IUArrayList$ListIterator.remove(IUArrayList.java:381)
	at TestCase.remove(TestCase.java:291)
	at ItrTest_emptyList_add0A_A.testItr_remove(ItrTest_emptyList_add0A_A.java:79)
	at sun.reflect.NativeMethodAccessorImpl.invoke0(Native Method)
	at sun.reflect.NativeMethodAccessorImpl.invoke(NativeMethodAccessorImpl.java:62)
	at sun.reflect.DelegatingMethodAccessorImpl.invoke(DelegatingMethodAccessorImpl.java:43)
	at java.lang.reflect.Method.invoke(Method.java:498)
	at org.testng.internal.MethodInvocationHelper.invokeMethod(MethodInvocationHelper.java:100)
	at org.testng.internal.Invoker.invokeMethod(Invoker.java:646)
	at org.testng.internal.Invoker.invokeTestMethod(Invoker.java:811)
	at org.testng.internal.Invoker.invokeTestMethods(Invoker.java:1137)
	at org.testng.internal.TestMethodWorker.invokeTestMethods(TestMethodWorker.java:129)
	at org.testng.internal.TestMethodWorker.run(TestMethodWorker.java:112)
	at org.testng.TestRunner.privateRun(TestRunner.java:753)
	at org.testng.TestRunner.run(TestRunner.java:607)
	at org.testng.SuiteRunner.runTest(SuiteRunner.java:368)
	at org.testng.SuiteRunner.runSequentially(SuiteRunner.java:363)
	at org.testng.SuiteRunner.privateRun(SuiteRunner.java:321)
	at org.testng.SuiteRunner.run(SuiteRunner.java:270)
	at org.testng.SuiteRunnerWorker.runSuite(SuiteRunnerWorker.java:52)
	at org.testng.SuiteRunnerWorker.run(SuiteRunnerWorker.java:86)
	at org.testng.TestNG.runSuitesSequentially(TestNG.java:1284)
	at org.testng.TestNG.runSuitesLocally(TestNG.java:1209)
	at org.testng.TestNG.runSuites(TestNG.java:1124)
	at org.testng.TestNG.run(TestNG.java:1096)
	at org.testng.remote.AbstractRemoteTestNG.run(AbstractRemoteTestNG.java:132)
	at org.testng.remote.RemoteTestNG.initAndRun(RemoteTestNG.java:236)
	at org.testng.remote.RemoteTestNG.main(RemoteTestNG.java:81)
</pre></div></td>
<td>0</td>
<td>ItrTest_emptyList_add0A_A@2a5ca609</td></tr>
<tr>
<td title='ItrTest_emptyList_addA_A.testItr_remove()'><b>testItr_remove</b><br>Test class: ItrTest_emptyList_addA_A</td>
<td><div><pre>java.lang.IllegalStateException: ListIterator - remove
	at IUArrayList$ListIterator.remove(IUArrayList.java:381)
	at TestCase.remove(TestCase.java:291)
	at ItrTest_emptyList_addA_A.testItr_remove(ItrTest_emptyList_addA_A.java:79)
... Removed 25 stack frames</pre></div><a href='#' onClick='toggleBox("stack-trace1946403944", this, "Click to show all stack frames", "Click to hide stack frames")'>Click to show all stack frames</a>
<div class='stack-trace' id='stack-trace1946403944'><pre>java.lang.IllegalStateException: ListIterator - remove
	at IUArrayList$ListIterator.remove(IUArrayList.java:381)
	at TestCase.remove(TestCase.java:291)
	at ItrTest_emptyList_addA_A.testItr_remove(ItrTest_emptyList_addA_A.java:79)
	at sun.reflect.NativeMethodAccessorImpl.invoke0(Native Method)
	at sun.reflect.NativeMethodAccessorImpl.invoke(NativeMethodAccessorImpl.java:62)
	at sun.reflect.DelegatingMethodAccessorImpl.invoke(DelegatingMethodAccessorImpl.java:43)
	at java.lang.reflect.Method.invoke(Method.java:498)
	at org.testng.internal.MethodInvocationHelper.invokeMethod(MethodInvocationHelper.java:100)
	at org.testng.internal.Invoker.invokeMethod(Invoker.java:646)
	at org.testng.internal.Invoker.invokeTestMethod(Invoker.java:811)
	at org.testng.internal.Invoker.invokeTestMethods(Invoker.java:1137)
	at org.testng.internal.TestMethodWorker.invokeTestMethods(TestMethodWorker.java:129)
	at org.testng.internal.TestMethodWorker.run(TestMethodWorker.java:112)
	at org.testng.TestRunner.privateRun(TestRunner.java:753)
	at org.testng.TestRunner.run(TestRunner.java:607)
	at org.testng.SuiteRunner.runTest(SuiteRunner.java:368)
	at org.testng.SuiteRunner.runSequentially(SuiteRunner.java:363)
	at org.testng.SuiteRunner.privateRun(SuiteRunner.java:321)
	at org.testng.SuiteRunner.run(SuiteRunner.java:270)
	at org.testng.SuiteRunnerWorker.runSuite(SuiteRunnerWorker.java:52)
	at org.testng.SuiteRunnerWorker.run(SuiteRunnerWorker.java:86)
	at org.testng.TestNG.runSuitesSequentially(TestNG.java:1284)
	at org.testng.TestNG.runSuitesLocally(TestNG.java:1209)
	at org.testng.TestNG.runSuites(TestNG.java:1124)
	at org.testng.TestNG.run(TestNG.java:1096)
	at org.testng.remote.AbstractRemoteTestNG.run(AbstractRemoteTestNG.java:132)
	at org.testng.remote.RemoteTestNG.initAndRun(RemoteTestNG.java:236)
	at org.testng.remote.RemoteTestNG.main(RemoteTestNG.java:81)
</pre></div></td>
<td>0</td>
<td>ItrTest_emptyList_addA_A@20e2cbe0</td></tr>
<tr>
<td title='ItrTest_emptyList_addToFrontA_A.testItr_remove()'><b>testItr_remove</b><br>Test class: ItrTest_emptyList_addToFrontA_A</td>
<td><div><pre>java.lang.IllegalStateException: ListIterator - remove
	at IUArrayList$ListIterator.remove(IUArrayList.java:381)
	at TestCase.remove(TestCase.java:291)
	at ItrTest_emptyList_addToFrontA_A.testItr_remove(ItrTest_emptyList_addToFrontA_A.java:79)
... Removed 25 stack frames</pre></div><a href='#' onClick='toggleBox("stack-trace633075331", this, "Click to show all stack frames", "Click to hide stack frames")'>Click to show all stack frames</a>
<div class='stack-trace' id='stack-trace633075331'><pre>java.lang.IllegalStateException: ListIterator - remove
	at IUArrayList$ListIterator.remove(IUArrayList.java:381)
	at TestCase.remove(TestCase.java:291)
	at ItrTest_emptyList_addToFrontA_A.testItr_remove(ItrTest_emptyList_addToFrontA_A.java:79)
	at sun.reflect.NativeMethodAccessorImpl.invoke0(Native Method)
	at sun.reflect.NativeMethodAccessorImpl.invoke(NativeMethodAccessorImpl.java:62)
	at sun.reflect.DelegatingMethodAccessorImpl.invoke(DelegatingMethodAccessorImpl.java:43)
	at java.lang.reflect.Method.invoke(Method.java:498)
	at org.testng.internal.MethodInvocationHelper.invokeMethod(MethodInvocationHelper.java:100)
	at org.testng.internal.Invoker.invokeMethod(Invoker.java:646)
	at org.testng.internal.Invoker.invokeTestMethod(Invoker.java:811)
	at org.testng.internal.Invoker.invokeTestMethods(Invoker.java:1137)
	at org.testng.internal.TestMethodWorker.invokeTestMethods(TestMethodWorker.java:129)
	at org.testng.internal.TestMethodWorker.run(TestMethodWorker.java:112)
	at org.testng.TestRunner.privateRun(TestRunner.java:753)
	at org.testng.TestRunner.run(TestRunner.java:607)
	at org.testng.SuiteRunner.runTest(SuiteRunner.java:368)
	at org.testng.SuiteRunner.runSequentially(SuiteRunner.java:363)
	at org.testng.SuiteRunner.privateRun(SuiteRunner.java:321)
	at org.testng.SuiteRunner.run(SuiteRunner.java:270)
	at org.testng.SuiteRunnerWorker.runSuite(SuiteRunnerWorker.java:52)
	at org.testng.SuiteRunnerWorker.run(SuiteRunnerWorker.java:86)
	at org.testng.TestNG.runSuitesSequentially(TestNG.java:1284)
	at org.testng.TestNG.runSuitesLocally(TestNG.java:1209)
	at org.testng.TestNG.runSuites(TestNG.java:1124)
	at org.testng.TestNG.run(TestNG.java:1096)
	at org.testng.remote.AbstractRemoteTestNG.run(AbstractRemoteTestNG.java:132)
	at org.testng.remote.RemoteTestNG.initAndRun(RemoteTestNG.java:236)
	at org.testng.remote.RemoteTestNG.main(RemoteTestNG.java:81)
</pre></div></td>
<td>0</td>
<td>ItrTest_emptyList_addToFrontA_A@68be2bc2</td></tr>
<tr>
<td title='ItrTest_emptyList_addToRearA_A.testItr_remove()'><b>testItr_remove</b><br>Test class: ItrTest_emptyList_addToRearA_A</td>
<td><div><pre>java.lang.IllegalStateException: ListIterator - remove
	at IUArrayList$ListIterator.remove(IUArrayList.java:381)
	at TestCase.remove(TestCase.java:291)
	at ItrTest_emptyList_addToRearA_A.testItr_remove(ItrTest_emptyList_addToRearA_A.java:79)
... Removed 25 stack frames</pre></div><a href='#' onClick='toggleBox("stack-trace345281752", this, "Click to show all stack frames", "Click to hide stack frames")'>Click to show all stack frames</a>
<div class='stack-trace' id='stack-trace345281752'><pre>java.lang.IllegalStateException: ListIterator - remove
	at IUArrayList$ListIterator.remove(IUArrayList.java:381)
	at TestCase.remove(TestCase.java:291)
	at ItrTest_emptyList_addToRearA_A.testItr_remove(ItrTest_emptyList_addToRearA_A.java:79)
	at sun.reflect.NativeMethodAccessorImpl.invoke0(Native Method)
	at sun.reflect.NativeMethodAccessorImpl.invoke(NativeMethodAccessorImpl.java:62)
	at sun.reflect.DelegatingMethodAccessorImpl.invoke(DelegatingMethodAccessorImpl.java:43)
	at java.lang.reflect.Method.invoke(Method.java:498)
	at org.testng.internal.MethodInvocationHelper.invokeMethod(MethodInvocationHelper.java:100)
	at org.testng.internal.Invoker.invokeMethod(Invoker.java:646)
	at org.testng.internal.Invoker.invokeTestMethod(Invoker.java:811)
	at org.testng.internal.Invoker.invokeTestMethods(Invoker.java:1137)
	at org.testng.internal.TestMethodWorker.invokeTestMethods(TestMethodWorker.java:129)
	at org.testng.internal.TestMethodWorker.run(TestMethodWorker.java:112)
	at org.testng.TestRunner.privateRun(TestRunner.java:753)
	at org.testng.TestRunner.run(TestRunner.java:607)
	at org.testng.SuiteRunner.runTest(SuiteRunner.java:368)
	at org.testng.SuiteRunner.runSequentially(SuiteRunner.java:363)
	at org.testng.SuiteRunner.privateRun(SuiteRunner.java:321)
	at org.testng.SuiteRunner.run(SuiteRunner.java:270)
	at org.testng.SuiteRunnerWorker.runSuite(SuiteRunnerWorker.java:52)
	at org.testng.SuiteRunnerWorker.run(SuiteRunnerWorker.java:86)
	at org.testng.TestNG.runSuitesSequentially(TestNG.java:1284)
	at org.testng.TestNG.runSuitesLocally(TestNG.java:1209)
	at org.testng.TestNG.runSuites(TestNG.java:1124)
	at org.testng.TestNG.run(TestNG.java:1096)
	at org.testng.remote.AbstractRemoteTestNG.run(AbstractRemoteTestNG.java:132)
	at org.testng.remote.RemoteTestNG.initAndRun(RemoteTestNG.java:236)
	at org.testng.remote.RemoteTestNG.main(RemoteTestNG.java:81)
</pre></div></td>
<td>0</td>
<td>ItrTest_emptyList_addToRearA_A@28feb3fa</td></tr>
</table><p>
</body>
</html>